2016-11-17-11:39:58 [main] INFO  com.Utility.Log.Log(line-48)  - Purchase UserName text box is found on the Login Page
  2016-11-17-11:39:58 [main] INFO  com.Utility.Log.Log(line-48)  - 输入用户名:yidongrong
  2016-11-17-11:39:58 [main] INFO  com.Utility.Log.Log(line-48)  - Purchase Password text box is found on the Login Page
  2016-11-17-11:39:58 [main] INFO  com.Utility.Log.Log(line-48)  - 输入密码:111111
  2016-11-17-11:39:58 [main] INFO  com.Utility.Log.Log(line-48)  - Purchase LogIn button is found on the Login Page
  2016-11-17-11:39:58 [main] INFO  com.Utility.Log.Log(line-48)  - 点击登录按钮
  2016-11-17-11:40:00 [main] INFO  com.Utility.Log.Log(line-48)  - Login Successfully, FirefoxDriver: firefox on WINDOWS (f56ebf2f-3f65-48fe-8498-f3a5a7d0a2a6) Entering into HomePage...
  2016-11-17-11:40:00 [main] INFO  com.Utility.Log.Log(line-48)  - Purchase Visa Menu item is found on the Wlecome Page
  2016-11-17-11:40:01 [main] INFO  com.Utility.Log.Log(line-48)  -  Visa menuItem is clicked, now enter into visa page
  2016-11-17-11:40:01 [main] INFO  com.Utility.Log.Log(line-48)  - visa  Productslist found in the visa Page.
  2016-11-17-11:40:01 [main] INFO  com.Utility.Log.Log(line-48)  - visa  Productslist found in the visa Page.
  2016-11-17-11:40:01 [main] INFO  com.Utility.Log.Log(line-48)  - 产品列表框定位成功
  2016-11-17-11:40:03 [main] INFO  com.Utility.Log.Log(line-48)  - visa  Productslist found in the visa Page.
  2016-11-17-11:40:03 [main] INFO  com.Utility.Log.Log(line-48)  - visa  Productslist found in the visa Page.
  2016-11-17-11:40:03 [main] INFO  com.Utility.Log.Log(line-48)  - 产品列表框定位成功
  2016-11-17-11:40:03 [main] INFO  com.Utility.Log.Log(line-48)  - visa  查看详情 found in the visa Page.
  2016-11-17-11:40:04 [main] INFO  com.Utility.Log.Log(line-48)  - 签证指定产品详情页，立即预定按钮定位成功
  2016-11-17-11:40:04 [main] INFO  com.Utility.Log.Log(line-48)  - 立即预定按钮点击成功
  2016-11-17-11:40:05 [main] INFO  com.Utility.Log.Log(line-48)  - 签证指定产品详情页，出发时间定位成功
  2016-11-17-11:40:05 [main] INFO  com.Utility.Log.Log(line-48)  - 输入出发时间:2016-11-30
  2016-11-17-11:40:05 [main] INFO  com.Utility.Log.Log(line-48)  - 签证指定产品详情页，空白定位成功
  2016-11-17-11:40:10 [main] ERROR com.Utility.Log.Log(line-54)  - 签证指定产品详情页，归来时间按钮定位失败
  2016-11-17-11:40:10 [main] INFO  com.Utility.Log.Log(line-48)  - 输入归来时间:2016-11-30
  2016-11-17-11:40:10 [main] INFO  com.Utility.Log.Log(line-48)  - 签证指定产品详情页，空白定位成功
  2016-11-17-11:40:10 [main] INFO  com.Utility.Log.Log(line-48)  - 签证指定产品详情页，成人数定位成功
  2016-11-17-11:40:11 [main] INFO  com.Utility.Log.Log(line-48)  - 输入成人数:1
  2016-11-17-11:40:11 [main] INFO  com.Utility.Log.Log(line-48)  - 签证指定产品详情页，儿童数定位成功
  2016-11-17-11:40:11 [main] INFO  com.Utility.Log.Log(line-48)  - 输入儿童数:1
  2016-11-17-11:40:11 [main] INFO  com.Utility.Log.Log(line-48)  - 签证指定产品详情页，下一步定位成功
  2016-11-17-11:40:11 [main] INFO  com.Utility.Log.Log(line-48)  - 点击签证下一步按钮成功
  2016-11-17-11:40:16 [main] INFO  com.Utility.Log.Log(line-48)  - 旅客信息 found in the visa Page.
  2016-11-17-11:40:21 [main] ERROR com.Utility.Log.Log(line-54)  - 签证创建订单页面，自取按钮定位失败
  2016-11-17-11:40:21 [main] INFO  com.Utility.Log.Log(line-48)  - 
  2016-11-17-11:40:27 [main] ERROR com.Utility.Log.Log(line-54)  - 签证创建订单页面，提交订单按钮定位失败
  2016-11-17-11:40:27 [main] INFO  com.Utility.Log.Log(line-48)  - 
  2016-11-17-19:00:11 [main] INFO  com.Utility.Log.Log(line-48)  - Purchase UserName text box is found on the Login Page
  2016-11-17-19:00:11 [main] INFO  com.Utility.Log.Log(line-48)  - 输入用户名:yidongrong
  2016-11-17-19:00:11 [main] INFO  com.Utility.Log.Log(line-48)  - Purchase Password text box is found on the Login Page
  2016-11-17-19:00:11 [main] INFO  com.Utility.Log.Log(line-48)  - 输入密码:111111
  2016-11-17-19:00:11 [main] INFO  com.Utility.Log.Log(line-48)  - Purchase LogIn button is found on the Login Page
  2016-11-17-19:00:12 [main] INFO  com.Utility.Log.Log(line-48)  - 点击登录按钮
  2016-11-17-19:00:13 [main] INFO  com.Utility.Log.Log(line-48)  - Login Successfully, FirefoxDriver: firefox on WINDOWS (e483346b-78e1-4ec6-b59d-9b17766df105) Entering into HomePage...
  2016-11-17-19:00:13 [main] INFO  com.Utility.Log.Log(line-48)  - Purchase Visa Menu item is found on the Wlecome Page
  2016-11-17-19:00:14 [main] INFO  com.Utility.Log.Log(line-48)  -  Visa menuItem is clicked, now enter into visa page
  2016-11-17-19:00:14 [main] INFO  com.Utility.Log.Log(line-48)  - visa  Productslist found in the visa Page.
  2016-11-17-19:00:15 [main] INFO  com.Utility.Log.Log(line-48)  - visa  Productslist found in the visa Page.
  2016-11-17-19:00:15 [main] INFO  com.Utility.Log.Log(line-48)  - 产品列表框定位成功
  2016-11-17-19:00:20 [main] INFO  com.Utility.Log.Log(line-48)  - 产品列表框定位成功
  2016-11-17-19:00:55 [main] INFO  com.Utility.Log.Log(line-48)  - 产品列表框定位成功
  2016-11-17-19:01:08 [main] INFO  com.Utility.Log.Log(line-48)  - 产品列表框定位成功
  2016-11-17-19:03:18 [main] INFO  com.Utility.Log.Log(line-48)  - Purchase UserName text box is found on the Login Page
  2016-11-17-19:03:19 [main] INFO  com.Utility.Log.Log(line-48)  - 输入用户名:yidongrong
  2016-11-17-19:03:19 [main] INFO  com.Utility.Log.Log(line-48)  - Purchase Password text box is found on the Login Page
  2016-11-17-19:03:19 [main] INFO  com.Utility.Log.Log(line-48)  - 输入密码:111111
  2016-11-17-19:03:19 [main] INFO  com.Utility.Log.Log(line-48)  - Purchase LogIn button is found on the Login Page
  2016-11-17-19:03:19 [main] INFO  com.Utility.Log.Log(line-48)  - 点击登录按钮
  2016-11-17-19:03:19 [main] INFO  com.Utility.Log.Log(line-48)  - Login Successfully, FirefoxDriver: firefox on WINDOWS (4b7842ab-c502-4e41-b151-df1262c718f8) Entering into HomePage...
  2016-11-17-19:03:20 [main] INFO  com.Utility.Log.Log(line-48)  - Purchase Visa Menu item is found on the Wlecome Page
  2016-11-17-19:03:21 [main] INFO  com.Utility.Log.Log(line-48)  -  Visa menuItem is clicked, now enter into visa page
  2016-11-17-19:03:21 [main] INFO  com.Utility.Log.Log(line-48)  - visa  Productslist found in the visa Page.
  2016-11-17-19:03:21 [main] INFO  com.Utility.Log.Log(line-48)  - visa  Productslist found in the visa Page.
  2016-11-17-19:03:21 [main] INFO  com.Utility.Log.Log(line-48)  - 产品列表框定位成功
  2016-11-17-19:03:23 [main] INFO  com.Utility.Log.Log(line-48)  - visa  Productslist found in the visa Page.
  2016-11-17-19:03:23 [main] INFO  com.Utility.Log.Log(line-48)  - visa  Productslist found in the visa Page.
  2016-11-17-19:03:23 [main] INFO  com.Utility.Log.Log(line-48)  - 产品列表框定位成功
  2016-11-17-19:03:23 [main] INFO  com.Utility.Log.Log(line-48)  - visa  查看详情 found in the visa Page.
  2016-11-17-19:03:25 [main] INFO  com.Utility.Log.Log(line-48)  - 签证指定产品详情页，立即预定按钮定位成功
  2016-11-17-19:03:25 [main] INFO  com.Utility.Log.Log(line-48)  - 立即预定按钮点击成功
  2016-11-17-19:03:25 [main] INFO  com.Utility.Log.Log(line-48)  - 签证指定产品详情页，出发时间定位成功
  2016-11-17-19:03:25 [main] INFO  com.Utility.Log.Log(line-48)  - 输入出发时间:2016-11-30
  2016-11-17-19:03:25 [main] INFO  com.Utility.Log.Log(line-48)  - 签证指定产品详情页，空白定位成功
  2016-11-17-19:03:31 [main] ERROR com.Utility.Log.Log(line-54)  - 签证指定产品详情页，归来时间按钮定位失败
  2016-11-17-19:03:31 [main] INFO  com.Utility.Log.Log(line-48)  - 输入归来时间:2016-11-30
  2016-11-17-19:03:31 [main] INFO  com.Utility.Log.Log(line-48)  - 签证指定产品详情页，空白定位成功
  2016-11-17-19:03:31 [main] INFO  com.Utility.Log.Log(line-48)  - 签证指定产品详情页，成人数定位成功
  2016-11-17-19:03:31 [main] INFO  com.Utility.Log.Log(line-48)  - 输入成人数:1
  2016-11-17-19:03:31 [main] INFO  com.Utility.Log.Log(line-48)  - 签证指定产品详情页，儿童数定位成功
  2016-11-17-19:03:31 [main] INFO  com.Utility.Log.Log(line-48)  - 输入儿童数:1
  2016-11-17-19:03:31 [main] INFO  com.Utility.Log.Log(line-48)  - 签证指定产品详情页，下一步定位成功
  2016-11-17-19:03:32 [main] INFO  com.Utility.Log.Log(line-48)  - 点击签证下一步按钮成功
  2016-11-17-19:03:37 [main] INFO  com.Utility.Log.Log(line-48)  - 旅客信息 found in the visa Page.
  2016-11-17-19:03:42 [main] ERROR com.Utility.Log.Log(line-54)  - 签证创建订单页面，自取按钮定位失败
  2016-11-17-19:03:42 [main] INFO  com.Utility.Log.Log(line-48)  - 
  2016-11-17-19:03:47 [main] ERROR com.Utility.Log.Log(line-54)  - 签证创建订单页面，提交订单按钮定位失败
  2016-11-17-19:03:47 [main] INFO  com.Utility.Log.Log(line-48)  - 
  2016-11-22-18:43:24 [main] INFO  com.Utility.Log.Log(line-48)  - Purchase UserName text box is found on the Login Page
  2016-11-22-18:43:24 [main] INFO  com.Utility.Log.Log(line-48)  - 输入用户名:yidongrong
  2016-11-22-18:43:24 [main] INFO  com.Utility.Log.Log(line-48)  - Purchase Password text box is found on the Login Page
  2016-11-22-18:43:24 [main] INFO  com.Utility.Log.Log(line-48)  - 输入密码:111111
  2016-11-22-18:43:24 [main] INFO  com.Utility.Log.Log(line-48)  - Purchase LogIn button is found on the Login Page
  2016-11-22-18:43:24 [main] INFO  com.Utility.Log.Log(line-48)  - 点击登录按钮
  2016-11-22-18:43:26 [main] INFO  com.Utility.Log.Log(line-48)  - Login Successfully, FirefoxDriver: firefox on WINDOWS (ce11a007-c06a-4a8d-80f9-4525dd695e6a) Entering into HomePage...
  2016-11-22-18:43:26 [main] INFO  com.Utility.Log.Log(line-48)  - Purchase Visa Menu item is found on the Wlecome Page
  2016-11-22-18:43:27 [main] INFO  com.Utility.Log.Log(line-48)  -  Visa menuItem is clicked, now enter into visa page
  2016-11-22-18:43:27 [main] INFO  com.Utility.Log.Log(line-48)  - visa  Productslist found in the visa Page.
  2016-11-22-18:43:27 [main] INFO  com.Utility.Log.Log(line-48)  - visa  Productslist found in the visa Page.
  2016-11-22-18:43:28 [main] INFO  com.Utility.Log.Log(line-48)  - 产品列表框定位成功
  2016-11-22-18:43:29 [main] INFO  com.Utility.Log.Log(line-48)  - visa  Productslist found in the visa Page.
  2016-11-22-18:43:29 [main] INFO  com.Utility.Log.Log(line-48)  - visa  Productslist found in the visa Page.
  2016-11-22-18:43:29 [main] INFO  com.Utility.Log.Log(line-48)  - 产品列表框定位成功
  2016-11-22-18:43:29 [main] INFO  com.Utility.Log.Log(line-48)  - visa  查看详情 found in the visa Page.
  2016-11-22-18:43:30 [main] INFO  com.Utility.Log.Log(line-48)  - 签证指定产品详情页，立即预定按钮定位成功
  2016-11-22-18:43:30 [main] INFO  com.Utility.Log.Log(line-48)  - 立即预定按钮点击成功
  2016-11-22-18:43:31 [main] INFO  com.Utility.Log.Log(line-48)  - 签证指定产品详情页，出发时间定位成功
  2016-11-22-18:43:31 [main] INFO  com.Utility.Log.Log(line-48)  - 输入出发时间:2016-11-30
  2016-11-22-18:43:31 [main] INFO  com.Utility.Log.Log(line-48)  - 签证指定产品详情页，空白定位成功
  2016-11-22-18:43:36 [main] ERROR com.Utility.Log.Log(line-54)  - 签证指定产品详情页，归来时间按钮定位失败
  2016-11-22-18:43:41 [main] INFO  com.Utility.Log.Log(line-48)  - Element is not currently visible and so may not be interacted with
Command duration or timeout: 5.02 seconds
Build info: version: '2.53.1', revision: 'a36b8b1', time: '2016-06-30 17:32:46'
System info: host: 'TZ-IT-YiDR', ip: '10.3.21.211', os.name: 'Windows 7', os.arch: 'amd64', os.version: '6.1', java.version: '1.8.0_92'
Driver info: org.openqa.selenium.firefox.FirefoxDriver
Capabilities [{applicationCacheEnabled=true, rotatable=false, handlesAlerts=true, databaseEnabled=true, version=36.0.4, platform=WINDOWS, nativeEvents=false, acceptSslCerts=true, webStorageEnabled=true, locationContextEnabled=true, browserName=firefox, takesScreenshot=true, javascriptEnabled=true, cssSelectorsEnabled=true}]
Session ID: ce11a007-c06a-4a8d-80f9-4525dd695e6a
  2016-11-22-18:43:41 [main] INFO  com.Utility.Log.Log(line-48)  - 签证指定产品详情页，空白定位成功
  2016-11-22-18:43:46 [main] INFO  com.Utility.Log.Log(line-48)  - Element is not currently visible and so may not be interacted with
Command duration or timeout: 5.10 seconds
Build info: version: '2.53.1', revision: 'a36b8b1', time: '2016-06-30 17:32:46'
System info: host: 'TZ-IT-YiDR', ip: '10.3.21.211', os.name: 'Windows 7', os.arch: 'amd64', os.version: '6.1', java.version: '1.8.0_92'
Driver info: org.openqa.selenium.firefox.FirefoxDriver
Capabilities [{applicationCacheEnabled=true, rotatable=false, handlesAlerts=true, databaseEnabled=true, version=36.0.4, platform=WINDOWS, nativeEvents=false, acceptSslCerts=true, webStorageEnabled=true, locationContextEnabled=true, browserName=firefox, takesScreenshot=true, javascriptEnabled=true, cssSelectorsEnabled=true}]
Session ID: ce11a007-c06a-4a8d-80f9-4525dd695e6a
  2016-11-22-18:43:47 [main] INFO  com.Utility.Log.Log(line-48)  - 签证指定产品详情页，成人数定位成功
  2016-11-22-18:43:52 [main] INFO  com.Utility.Log.Log(line-48)  - Element is not currently visible and so may not be interacted with
Command duration or timeout: 5.03 seconds
Build info: version: '2.53.1', revision: 'a36b8b1', time: '2016-06-30 17:32:46'
System info: host: 'TZ-IT-YiDR', ip: '10.3.21.211', os.name: 'Windows 7', os.arch: 'amd64', os.version: '6.1', java.version: '1.8.0_92'
Driver info: org.openqa.selenium.firefox.FirefoxDriver
Capabilities [{applicationCacheEnabled=true, rotatable=false, handlesAlerts=true, databaseEnabled=true, version=36.0.4, platform=WINDOWS, nativeEvents=false, acceptSslCerts=true, webStorageEnabled=true, locationContextEnabled=true, browserName=firefox, takesScreenshot=true, javascriptEnabled=true, cssSelectorsEnabled=true}]
Session ID: ce11a007-c06a-4a8d-80f9-4525dd695e6a
  2016-11-22-18:43:52 [main] INFO  com.Utility.Log.Log(line-48)  - 签证指定产品详情页，儿童数定位成功
  2016-11-22-18:43:57 [main] INFO  com.Utility.Log.Log(line-48)  - Element is not currently visible and so may not be interacted with
Command duration or timeout: 5.02 seconds
Build info: version: '2.53.1', revision: 'a36b8b1', time: '2016-06-30 17:32:46'
System info: host: 'TZ-IT-YiDR', ip: '10.3.21.211', os.name: 'Windows 7', os.arch: 'amd64', os.version: '6.1', java.version: '1.8.0_92'
Driver info: org.openqa.selenium.firefox.FirefoxDriver
Capabilities [{applicationCacheEnabled=true, rotatable=false, handlesAlerts=true, databaseEnabled=true, version=36.0.4, platform=WINDOWS, nativeEvents=false, acceptSslCerts=true, webStorageEnabled=true, locationContextEnabled=true, browserName=firefox, takesScreenshot=true, javascriptEnabled=true, cssSelectorsEnabled=true}]
Session ID: ce11a007-c06a-4a8d-80f9-4525dd695e6a
  2016-11-22-18:43:57 [main] INFO  com.Utility.Log.Log(line-48)  - 签证指定产品详情页，下一步定位成功
  2016-11-22-18:44:02 [main] INFO  com.Utility.Log.Log(line-48)  - Element is not currently visible and so may not be interacted with
Command duration or timeout: 5.09 seconds
Build info: version: '2.53.1', revision: 'a36b8b1', time: '2016-06-30 17:32:46'
System info: host: 'TZ-IT-YiDR', ip: '10.3.21.211', os.name: 'Windows 7', os.arch: 'amd64', os.version: '6.1', java.version: '1.8.0_92'
Driver info: org.openqa.selenium.firefox.FirefoxDriver
Capabilities [{applicationCacheEnabled=true, rotatable=false, handlesAlerts=true, databaseEnabled=true, version=36.0.4, platform=WINDOWS, nativeEvents=false, acceptSslCerts=true, webStorageEnabled=true, locationContextEnabled=true, browserName=firefox, takesScreenshot=true, javascriptEnabled=true, cssSelectorsEnabled=true}]
Session ID: ce11a007-c06a-4a8d-80f9-4525dd695e6a
  2016-11-22-18:44:07 [main] INFO  com.Utility.Log.Log(line-48)  - 旅客信息 found in the visa Page.
  2016-11-22-18:44:12 [main] ERROR com.Utility.Log.Log(line-54)  - 签证创建订单页面，自取按钮定位失败
  2016-11-22-18:44:12 [main] INFO  com.Utility.Log.Log(line-48)  - 
  2016-11-22-18:44:17 [main] ERROR com.Utility.Log.Log(line-54)  - 签证创建订单页面，提交订单按钮定位失败
  2016-11-22-18:44:17 [main] INFO  com.Utility.Log.Log(line-48)  - 
  2016-11-22-18:46:15 [main] INFO  com.Utility.Log.Log(line-48)  - Purchase UserName text box is found on the Login Page
  2016-11-22-18:46:15 [main] INFO  com.Utility.Log.Log(line-48)  - 输入用户名:yidongrong
  2016-11-22-18:46:15 [main] INFO  com.Utility.Log.Log(line-48)  - Purchase Password text box is found on the Login Page
  2016-11-22-18:46:15 [main] INFO  com.Utility.Log.Log(line-48)  - 输入密码:111111
  2016-11-22-18:46:15 [main] INFO  com.Utility.Log.Log(line-48)  - Purchase LogIn button is found on the Login Page
  2016-11-22-18:46:16 [main] INFO  com.Utility.Log.Log(line-48)  - 点击登录按钮
  2016-11-22-18:46:16 [main] INFO  com.Utility.Log.Log(line-48)  - Login Successfully, FirefoxDriver: firefox on WINDOWS (14705050-1877-49f7-ab3c-4e6f8f8f5278) Entering into HomePage...
  2016-11-22-18:46:17 [main] INFO  com.Utility.Log.Log(line-48)  - Purchase Visa Menu item is found on the Wlecome Page
  2016-11-22-18:46:18 [main] INFO  com.Utility.Log.Log(line-48)  -  Visa menuItem is clicked, now enter into visa page
  2016-11-22-18:46:19 [main] INFO  com.Utility.Log.Log(line-48)  - visa  Productslist found in the visa Page.
  2016-11-22-18:46:19 [main] INFO  com.Utility.Log.Log(line-48)  - visa  Productslist found in the visa Page.
  2016-11-22-18:46:19 [main] INFO  com.Utility.Log.Log(line-48)  - 产品列表框定位成功
  2016-11-22-18:46:20 [main] INFO  com.Utility.Log.Log(line-48)  - visa  Productslist found in the visa Page.
  2016-11-22-18:46:20 [main] INFO  com.Utility.Log.Log(line-48)  - visa  Productslist found in the visa Page.
  2016-11-22-18:46:20 [main] INFO  com.Utility.Log.Log(line-48)  - 产品列表框定位成功
  2016-11-22-18:46:21 [main] INFO  com.Utility.Log.Log(line-48)  - visa  查看详情 found in the visa Page.
  2016-11-22-18:46:22 [main] INFO  com.Utility.Log.Log(line-48)  - 签证指定产品详情页，立即预定按钮定位成功
  2016-11-22-18:46:22 [main] INFO  com.Utility.Log.Log(line-48)  - 立即预定按钮点击成功
  2016-11-22-18:46:22 [main] INFO  com.Utility.Log.Log(line-48)  - 签证指定产品详情页，出发时间定位成功
  2016-11-22-18:46:22 [main] INFO  com.Utility.Log.Log(line-48)  - 输入出发时间:2016-11-30
  2016-11-22-18:46:23 [main] INFO  com.Utility.Log.Log(line-48)  - 签证指定产品详情页，空白定位成功
  2016-11-22-18:46:23 [main] INFO  com.Utility.Log.Log(line-48)  - 签证指定产品详情页，归来时间定位成功
  2016-11-22-18:46:24 [main] INFO  com.Utility.Log.Log(line-48)  - 输入归来时间:2016-11-30
  2016-11-22-18:46:24 [main] INFO  com.Utility.Log.Log(line-48)  - 签证指定产品详情页，空白定位成功
  2016-11-22-18:46:24 [main] INFO  com.Utility.Log.Log(line-48)  - 签证指定产品详情页，成人数定位成功
  2016-11-22-18:46:24 [main] INFO  com.Utility.Log.Log(line-48)  - 输入成人数:1
  2016-11-22-18:46:24 [main] INFO  com.Utility.Log.Log(line-48)  - 签证指定产品详情页，儿童数定位成功
  2016-11-22-18:46:24 [main] INFO  com.Utility.Log.Log(line-48)  - 输入儿童数:1
  2016-11-22-18:46:24 [main] INFO  com.Utility.Log.Log(line-48)  - 签证指定产品详情页，下一步定位成功
  2016-11-22-18:46:25 [main] INFO  com.Utility.Log.Log(line-48)  - 点击签证下一步按钮成功
  2016-11-22-18:46:25 [main] INFO  com.Utility.Log.Log(line-48)  - 旅客信息 found in the visa Page.
  2016-11-22-18:46:25 [main] INFO  com.Utility.Log.Log(line-48)  - 签证创建订单页面，自取按钮定位成功
  2016-11-22-18:46:26 [main] INFO  com.Utility.Log.Log(line-48)  - 自取按钮点击成功
  2016-11-22-18:46:26 [main] INFO  com.Utility.Log.Log(line-48)  - 签证创建订单页面，提交订单按钮定位成功
  2016-11-22-18:46:26 [main] INFO  com.Utility.Log.Log(line-48)  - 提交订单按钮点击成功
  2016-11-22-18:52:20 [main] INFO  com.Utility.Log.Log(line-48)  - Purchase UserName text box is found on the Login Page
  2016-11-22-18:52:20 [main] INFO  com.Utility.Log.Log(line-48)  - 输入用户名:yidongrong
  2016-11-22-18:52:20 [main] INFO  com.Utility.Log.Log(line-48)  - Purchase Password text box is found on the Login Page
  2016-11-22-18:52:20 [main] INFO  com.Utility.Log.Log(line-48)  - 输入密码:111111
  2016-11-22-18:52:20 [main] INFO  com.Utility.Log.Log(line-48)  - Purchase LogIn button is found on the Login Page
  2016-11-22-18:52:20 [main] INFO  com.Utility.Log.Log(line-48)  - 点击登录按钮
  2016-11-22-18:52:20 [main] INFO  com.Utility.Log.Log(line-48)  - Login Successfully, FirefoxDriver: firefox on WINDOWS (ba5b922d-fddc-4e5e-9ab0-ea6504b1cc8f) Entering into HomePage...
  2016-11-22-18:52:21 [main] INFO  com.Utility.Log.Log(line-48)  - Purchase Visa Menu item is found on the Wlecome Page
  2016-11-22-18:52:22 [main] INFO  com.Utility.Log.Log(line-48)  -  Visa menuItem is clicked, now enter into visa page
  2016-11-22-18:52:23 [main] INFO  com.Utility.Log.Log(line-48)  - visa  Productslist found in the visa Page.
  2016-11-22-18:52:23 [main] INFO  com.Utility.Log.Log(line-48)  - visa  Productslist found in the visa Page.
  2016-11-22-18:52:24 [main] INFO  com.Utility.Log.Log(line-48)  - 产品列表框定位成功
  2016-11-22-18:52:25 [main] INFO  com.Utility.Log.Log(line-48)  - visa  Productslist found in the visa Page.
  2016-11-22-18:52:25 [main] INFO  com.Utility.Log.Log(line-48)  - visa  Productslist found in the visa Page.
  2016-11-22-18:52:25 [main] INFO  com.Utility.Log.Log(line-48)  - 产品列表框定位成功
  2016-11-22-18:52:26 [main] INFO  com.Utility.Log.Log(line-48)  - visa  查看详情 found in the visa Page.
  2016-11-22-18:52:27 [main] INFO  com.Utility.Log.Log(line-48)  - 签证指定产品详情页，立即预定按钮定位成功
  2016-11-22-18:52:27 [main] INFO  com.Utility.Log.Log(line-48)  - 立即预定按钮点击成功
  2016-11-22-18:52:28 [main] INFO  com.Utility.Log.Log(line-48)  - 签证指定产品详情页，出发时间定位成功
  2016-11-22-18:52:28 [main] INFO  com.Utility.Log.Log(line-48)  - 输入出发时间:2016-11-30
  2016-11-22-18:52:28 [main] INFO  com.Utility.Log.Log(line-48)  - 签证指定产品详情页，空白定位成功
  2016-11-22-18:52:28 [main] INFO  com.Utility.Log.Log(line-48)  - 签证指定产品详情页，归来时间定位成功
  2016-11-22-18:52:28 [main] INFO  com.Utility.Log.Log(line-48)  - 输入归来时间:2016-11-30
  2016-11-22-18:52:28 [main] INFO  com.Utility.Log.Log(line-48)  - 签证指定产品详情页，空白定位成功
  2016-11-22-18:52:29 [main] INFO  com.Utility.Log.Log(line-48)  - 签证指定产品详情页，成人数定位成功
  2016-11-22-18:52:29 [main] INFO  com.Utility.Log.Log(line-48)  - 输入成人数:1
  2016-11-22-18:52:29 [main] INFO  com.Utility.Log.Log(line-48)  - 签证指定产品详情页，儿童数定位成功
  2016-11-22-18:52:29 [main] INFO  com.Utility.Log.Log(line-48)  - 输入儿童数:1
  2016-11-22-18:52:29 [main] INFO  com.Utility.Log.Log(line-48)  - 签证指定产品详情页，下一步定位成功
  2016-11-22-18:52:30 [main] INFO  com.Utility.Log.Log(line-48)  - 点击签证下一步按钮成功
  2016-11-22-18:52:30 [main] INFO  com.Utility.Log.Log(line-48)  - 旅客信息 found in the visa Page.
  2016-11-22-18:52:30 [main] INFO  com.Utility.Log.Log(line-48)  - 签证创建订单页面，自取按钮定位成功
  2016-11-22-18:52:30 [main] INFO  com.Utility.Log.Log(line-48)  - 自取按钮点击成功
  2016-11-22-18:52:30 [main] INFO  com.Utility.Log.Log(line-48)  - 签证创建订单页面，提交订单按钮定位成功
  2016-11-22-18:52:30 [main] INFO  com.Utility.Log.Log(line-48)  - 提交订单按钮点击成功
  2016-11-22-18:56:21 [main] ERROR com.Utility.Log.Log(line-54)  -  visa  Productslist is not found in the visa Page.
  2016-11-22-18:56:21 [main] ERROR com.Utility.Log.Log(line-54)  -  visa  Productslist is not found in the visa Page.
  2016-11-22-18:56:21 [main] ERROR com.Utility.Log.Log(line-54)  - 签证指定产品详情页，立即预定按钮定位失败
  2016-11-22-18:56:21 [main] INFO  com.Utility.Log.Log(line-48)  - 
  2016-11-22-18:56:33 [main] INFO  com.Utility.Log.Log(line-48)  - Purchase UserName text box is found on the Login Page
  2016-11-22-18:56:33 [main] INFO  com.Utility.Log.Log(line-48)  - 输入用户名:yidongrong
  2016-11-22-18:56:33 [main] INFO  com.Utility.Log.Log(line-48)  - Purchase Password text box is found on the Login Page
  2016-11-22-18:56:33 [main] INFO  com.Utility.Log.Log(line-48)  - 输入密码:111111
  2016-11-22-18:56:33 [main] INFO  com.Utility.Log.Log(line-48)  - Purchase LogIn button is found on the Login Page
  2016-11-22-18:56:33 [main] INFO  com.Utility.Log.Log(line-48)  - 点击登录按钮
  2016-11-22-18:56:33 [main] INFO  com.Utility.Log.Log(line-48)  - Login Successfully, FirefoxDriver: firefox on WINDOWS (4f89a1b4-37e1-43af-81d7-1594d023ad13) Entering into HomePage...
  2016-11-22-18:56:34 [main] INFO  com.Utility.Log.Log(line-48)  - Purchase Visa Menu item is found on the Wlecome Page
  2016-11-22-18:56:35 [main] INFO  com.Utility.Log.Log(line-48)  -  Visa menuItem is clicked, now enter into visa page
  2016-11-22-18:56:36 [main] INFO  com.Utility.Log.Log(line-48)  - visa  Productslist found in the visa Page.
  2016-11-22-18:56:36 [main] INFO  com.Utility.Log.Log(line-48)  - visa  Productslist found in the visa Page.
  2016-11-22-18:56:36 [main] INFO  com.Utility.Log.Log(line-48)  - 产品列表框定位成功
  2016-11-22-18:56:37 [main] INFO  com.Utility.Log.Log(line-48)  - visa  Productslist found in the visa Page.
  2016-11-22-18:56:37 [main] INFO  com.Utility.Log.Log(line-48)  - visa  Productslist found in the visa Page.
  2016-11-22-18:56:37 [main] INFO  com.Utility.Log.Log(line-48)  - 产品列表框定位成功
  2016-11-22-18:56:38 [main] INFO  com.Utility.Log.Log(line-48)  - visa  查看详情 found in the visa Page.
  2016-11-22-18:56:40 [main] INFO  com.Utility.Log.Log(line-48)  - 签证指定产品详情页，立即预定按钮定位成功
  2016-11-22-18:56:40 [main] INFO  com.Utility.Log.Log(line-48)  - 立即预定按钮点击成功
  2016-11-22-18:56:40 [main] INFO  com.Utility.Log.Log(line-48)  - 签证指定产品详情页，出发时间定位成功
  2016-11-22-18:56:40 [main] INFO  com.Utility.Log.Log(line-48)  - 输入出发时间:2016-11-30
  2016-11-22-18:56:40 [main] INFO  com.Utility.Log.Log(line-48)  - 签证指定产品详情页，空白定位成功
  2016-11-22-18:56:41 [main] INFO  com.Utility.Log.Log(line-48)  - 签证指定产品详情页，归来时间定位成功
  2016-11-22-18:56:41 [main] INFO  com.Utility.Log.Log(line-48)  - 输入归来时间:2016-11-30
  2016-11-22-18:56:41 [main] INFO  com.Utility.Log.Log(line-48)  - 签证指定产品详情页，空白定位成功
  2016-11-22-18:56:41 [main] INFO  com.Utility.Log.Log(line-48)  - 签证指定产品详情页，成人数定位成功
  2016-11-22-18:56:41 [main] INFO  com.Utility.Log.Log(line-48)  - 输入成人数:1
  2016-11-22-18:56:41 [main] INFO  com.Utility.Log.Log(line-48)  - 签证指定产品详情页，儿童数定位成功
  2016-11-22-18:56:41 [main] INFO  com.Utility.Log.Log(line-48)  - 输入儿童数:1
  2016-11-22-18:56:41 [main] INFO  com.Utility.Log.Log(line-48)  - 签证指定产品详情页，下一步定位成功
  2016-11-22-18:56:42 [main] INFO  com.Utility.Log.Log(line-48)  - 点击签证下一步按钮成功
  2016-11-22-18:56:42 [main] INFO  com.Utility.Log.Log(line-48)  - 旅客信息 found in the visa Page.
  2016-11-22-18:56:43 [main] INFO  com.Utility.Log.Log(line-48)  - 签证创建订单页面，自取按钮定位成功
  2016-11-22-18:56:43 [main] INFO  com.Utility.Log.Log(line-48)  - 自取按钮点击成功
  2016-11-22-18:56:43 [main] INFO  com.Utility.Log.Log(line-48)  - 签证创建订单页面，提交订单按钮定位成功
  2016-11-22-18:56:43 [main] INFO  com.Utility.Log.Log(line-48)  - 提交订单按钮点击成功
  2016-11-22-18:57:48 [main] INFO  com.Utility.Log.Log(line-48)  - Purchase UserName text box is found on the Login Page
  2016-11-22-18:57:48 [main] INFO  com.Utility.Log.Log(line-48)  - 输入用户名:yidongrong
  2016-11-22-18:57:48 [main] INFO  com.Utility.Log.Log(line-48)  - Purchase Password text box is found on the Login Page
  2016-11-22-18:57:48 [main] INFO  com.Utility.Log.Log(line-48)  - 输入密码:111111
  2016-11-22-18:57:48 [main] INFO  com.Utility.Log.Log(line-48)  - Purchase LogIn button is found on the Login Page
  2016-11-22-18:57:48 [main] INFO  com.Utility.Log.Log(line-48)  - 点击登录按钮
  2016-11-22-18:57:48 [main] INFO  com.Utility.Log.Log(line-48)  - Login Successfully, FirefoxDriver: firefox on WINDOWS (265290e4-93fd-406f-ada2-444d0dbc03a1) Entering into HomePage...
  2016-11-22-18:57:49 [main] INFO  com.Utility.Log.Log(line-48)  - Purchase Visa Menu item is found on the Wlecome Page
  2016-11-22-18:57:50 [main] INFO  com.Utility.Log.Log(line-48)  -  Visa menuItem is clicked, now enter into visa page
  2016-11-22-18:57:51 [main] INFO  com.Utility.Log.Log(line-48)  - visa  Productslist found in the visa Page.
  2016-11-22-18:57:51 [main] INFO  com.Utility.Log.Log(line-48)  - visa  Productslist found in the visa Page.
  2016-11-22-18:57:51 [main] INFO  com.Utility.Log.Log(line-48)  - 产品列表框定位成功
  2016-11-22-18:57:52 [main] INFO  com.Utility.Log.Log(line-48)  - visa  Productslist found in the visa Page.
  2016-11-22-18:57:52 [main] INFO  com.Utility.Log.Log(line-48)  - visa  Productslist found in the visa Page.
  2016-11-22-18:57:52 [main] INFO  com.Utility.Log.Log(line-48)  - 产品列表框定位成功
  2016-11-22-18:57:53 [main] INFO  com.Utility.Log.Log(line-48)  - visa  查看详情 found in the visa Page.
  2016-11-22-18:57:55 [main] INFO  com.Utility.Log.Log(line-48)  - 签证指定产品详情页，立即预定按钮定位成功
  2016-11-22-18:57:55 [main] INFO  com.Utility.Log.Log(line-48)  - 立即预定按钮点击成功
  2016-11-22-18:57:55 [main] INFO  com.Utility.Log.Log(line-48)  - 签证指定产品详情页，出发时间定位成功
  2016-11-22-18:57:55 [main] INFO  com.Utility.Log.Log(line-48)  - 输入出发时间:2016-11-30
  2016-11-22-18:57:55 [main] INFO  com.Utility.Log.Log(line-48)  - 签证指定产品详情页，空白定位成功
  2016-11-22-18:57:55 [main] INFO  com.Utility.Log.Log(line-48)  - 签证指定产品详情页，归来时间定位成功
  2016-11-22-18:57:56 [main] INFO  com.Utility.Log.Log(line-48)  - 输入归来时间:2016-11-30
  2016-11-22-18:57:56 [main] INFO  com.Utility.Log.Log(line-48)  - 签证指定产品详情页，空白定位成功
  2016-11-22-18:57:56 [main] INFO  com.Utility.Log.Log(line-48)  - 签证指定产品详情页，成人数定位成功
  2016-11-22-18:57:56 [main] INFO  com.Utility.Log.Log(line-48)  - 输入成人数:1
  2016-11-22-18:57:56 [main] INFO  com.Utility.Log.Log(line-48)  - 签证指定产品详情页，儿童数定位成功
  2016-11-22-18:57:56 [main] INFO  com.Utility.Log.Log(line-48)  - 输入儿童数:1
  2016-11-22-18:57:56 [main] INFO  com.Utility.Log.Log(line-48)  - 签证指定产品详情页，下一步定位成功
  2016-11-22-18:57:57 [main] INFO  com.Utility.Log.Log(line-48)  - 点击签证下一步按钮成功
  2016-11-22-18:57:57 [main] INFO  com.Utility.Log.Log(line-48)  - 旅客信息 found in the visa Page.
  2016-11-22-18:57:57 [main] INFO  com.Utility.Log.Log(line-48)  - 签证创建订单页面，自取按钮定位成功
  2016-11-22-18:57:58 [main] INFO  com.Utility.Log.Log(line-48)  - 自取按钮点击成功
  2016-11-22-18:57:58 [main] INFO  com.Utility.Log.Log(line-48)  - 签证创建订单页面，提交订单按钮定位成功
  2016-11-22-18:57:58 [main] INFO  com.Utility.Log.Log(line-48)  - 提交订单按钮点击成功
  2016-11-22-19:05:17 [main] INFO  com.Utility.Log.Log(line-48)  - Purchase UserName text box is found on the Login Page
  2016-11-22-19:05:17 [main] INFO  com.Utility.Log.Log(line-48)  - 输入用户名:yidongrong
  2016-11-22-19:05:17 [main] INFO  com.Utility.Log.Log(line-48)  - Purchase Password text box is found on the Login Page
  2016-11-22-19:05:17 [main] INFO  com.Utility.Log.Log(line-48)  - 输入密码:111111
  2016-11-22-19:05:17 [main] INFO  com.Utility.Log.Log(line-48)  - Purchase LogIn button is found on the Login Page
  2016-11-22-19:05:17 [main] INFO  com.Utility.Log.Log(line-48)  - 点击登录按钮
  2016-11-22-19:05:17 [main] INFO  com.Utility.Log.Log(line-48)  - Login Successfully, FirefoxDriver: firefox on WINDOWS (250d0281-3f83-43e9-a346-03820c952b7d) Entering into HomePage...
  2016-11-22-19:05:18 [main] INFO  com.Utility.Log.Log(line-48)  - Purchase Visa Menu item is found on the Wlecome Page
  2016-11-22-19:05:19 [main] INFO  com.Utility.Log.Log(line-48)  -  Visa menuItem is clicked, now enter into visa page
  2016-11-22-19:05:20 [main] INFO  com.Utility.Log.Log(line-48)  - visa  Productslist found in the visa Page.
  2016-11-22-19:05:21 [main] INFO  com.Utility.Log.Log(line-48)  - visa  Productslist found in the visa Page.
  2016-11-22-19:05:21 [main] INFO  com.Utility.Log.Log(line-48)  - 产品列表框定位成功
  2016-11-22-19:05:22 [main] INFO  com.Utility.Log.Log(line-48)  - visa  Productslist found in the visa Page.
  2016-11-22-19:05:23 [main] INFO  com.Utility.Log.Log(line-48)  - visa  Productslist found in the visa Page.
  2016-11-22-19:05:23 [main] INFO  com.Utility.Log.Log(line-48)  - 产品列表框定位成功
  2016-11-22-19:05:23 [main] INFO  com.Utility.Log.Log(line-48)  - visa  查看详情 found in the visa Page.
  2016-11-22-19:05:25 [main] INFO  com.Utility.Log.Log(line-48)  - 签证指定产品详情页，立即预定按钮定位成功
  2016-11-22-19:05:25 [main] INFO  com.Utility.Log.Log(line-48)  - 立即预定按钮点击成功
  2016-11-22-19:05:25 [main] INFO  com.Utility.Log.Log(line-48)  - 签证指定产品详情页，出发时间定位成功
  2016-11-22-19:05:25 [main] INFO  com.Utility.Log.Log(line-48)  - 输入出发时间:2016-11-30
  2016-11-22-19:05:25 [main] INFO  com.Utility.Log.Log(line-48)  - 签证指定产品详情页，空白定位成功
  2016-11-22-19:05:26 [main] INFO  com.Utility.Log.Log(line-48)  - 签证指定产品详情页，归来时间定位成功
  2016-11-22-19:05:26 [main] INFO  com.Utility.Log.Log(line-48)  - 输入归来时间:2016-11-30
  2016-11-22-19:05:26 [main] INFO  com.Utility.Log.Log(line-48)  - 签证指定产品详情页，空白定位成功
  2016-11-22-19:05:27 [main] INFO  com.Utility.Log.Log(line-48)  - 签证指定产品详情页，成人数定位成功
  2016-11-22-19:05:27 [main] INFO  com.Utility.Log.Log(line-48)  - 输入成人数:1
  2016-11-22-19:05:27 [main] INFO  com.Utility.Log.Log(line-48)  - 签证指定产品详情页，儿童数定位成功
  2016-11-22-19:05:27 [main] INFO  com.Utility.Log.Log(line-48)  - 输入儿童数:1
  2016-11-22-19:05:27 [main] INFO  com.Utility.Log.Log(line-48)  - 签证指定产品详情页，下一步定位成功
  2016-11-22-19:05:28 [main] INFO  com.Utility.Log.Log(line-48)  - 点击签证下一步按钮成功
  2016-11-22-19:05:28 [main] INFO  com.Utility.Log.Log(line-48)  - 旅客信息 found in the visa Page.
  2016-11-22-19:05:28 [main] INFO  com.Utility.Log.Log(line-48)  - 签证创建订单页面，自取按钮定位成功
  2016-11-22-19:05:28 [main] INFO  com.Utility.Log.Log(line-48)  - 自取按钮点击成功
  2016-11-22-19:05:28 [main] INFO  com.Utility.Log.Log(line-48)  - 签证创建订单页面，提交订单按钮定位成功
  2016-11-22-19:05:29 [main] INFO  com.Utility.Log.Log(line-48)  - 提交订单按钮点击成功
  2016-11-22-19:06:29 [main] INFO  com.Utility.Log.Log(line-48)  - Purchase UserName text box is found on the Login Page
  2016-11-22-19:06:29 [main] INFO  com.Utility.Log.Log(line-48)  - 输入用户名:yidongrong
  2016-11-22-19:06:29 [main] INFO  com.Utility.Log.Log(line-48)  - Purchase Password text box is found on the Login Page
  2016-11-22-19:06:29 [main] INFO  com.Utility.Log.Log(line-48)  - 输入密码:111111
  2016-11-22-19:06:29 [main] INFO  com.Utility.Log.Log(line-48)  - Purchase LogIn button is found on the Login Page
  2016-11-22-19:06:29 [main] INFO  com.Utility.Log.Log(line-48)  - 点击登录按钮
  2016-11-22-19:06:29 [main] INFO  com.Utility.Log.Log(line-48)  - Login Successfully, FirefoxDriver: firefox on WINDOWS (222214c2-2d13-437e-a508-2b655e013d5e) Entering into HomePage...
  2016-11-22-19:06:33 [main] INFO  com.Utility.Log.Log(line-48)  - Purchase Visa Menu item is found on the Wlecome Page
  2016-11-22-19:06:33 [main] INFO  com.Utility.Log.Log(line-48)  -  Visa menuItem is clicked, now enter into visa page
  2016-11-22-19:06:34 [main] INFO  com.Utility.Log.Log(line-48)  - visa  Productslist found in the visa Page.
  2016-11-22-19:06:34 [main] INFO  com.Utility.Log.Log(line-48)  - visa  Productslist found in the visa Page.
  2016-11-22-19:06:34 [main] INFO  com.Utility.Log.Log(line-48)  - 产品列表框定位成功
  2016-11-22-19:06:36 [main] INFO  com.Utility.Log.Log(line-48)  - visa  Productslist found in the visa Page.
  2016-11-22-19:06:36 [main] INFO  com.Utility.Log.Log(line-48)  - visa  Productslist found in the visa Page.
  2016-11-22-19:06:36 [main] INFO  com.Utility.Log.Log(line-48)  - 产品列表框定位成功
  2016-11-22-19:06:36 [main] INFO  com.Utility.Log.Log(line-48)  - visa  查看详情 found in the visa Page.
  2016-11-22-19:06:38 [main] INFO  com.Utility.Log.Log(line-48)  - 签证指定产品详情页，立即预定按钮定位成功
  2016-11-22-19:06:39 [main] INFO  com.Utility.Log.Log(line-48)  - 立即预定按钮点击成功
  2016-11-22-19:06:39 [main] INFO  com.Utility.Log.Log(line-48)  - 签证指定产品详情页，出发时间定位成功
  2016-11-22-19:06:39 [main] INFO  com.Utility.Log.Log(line-48)  - 输入出发时间:2016-11-30
  2016-11-22-19:06:39 [main] INFO  com.Utility.Log.Log(line-48)  - 签证指定产品详情页，空白定位成功
  2016-11-22-19:06:39 [main] INFO  com.Utility.Log.Log(line-48)  - 签证指定产品详情页，归来时间定位成功
  2016-11-22-19:06:40 [main] INFO  com.Utility.Log.Log(line-48)  - 输入归来时间:2016-11-30
  2016-11-22-19:06:40 [main] INFO  com.Utility.Log.Log(line-48)  - 签证指定产品详情页，空白定位成功
  2016-11-22-19:06:40 [main] INFO  com.Utility.Log.Log(line-48)  - 签证指定产品详情页，成人数定位成功
  2016-11-22-19:06:40 [main] INFO  com.Utility.Log.Log(line-48)  - 输入成人数:1
  2016-11-22-19:06:40 [main] INFO  com.Utility.Log.Log(line-48)  - 签证指定产品详情页，儿童数定位成功
  2016-11-22-19:06:40 [main] INFO  com.Utility.Log.Log(line-48)  - 输入儿童数:1
  2016-11-22-19:06:40 [main] INFO  com.Utility.Log.Log(line-48)  - 签证指定产品详情页，下一步定位成功
  2016-11-22-19:06:42 [main] INFO  com.Utility.Log.Log(line-48)  - 点击签证下一步按钮成功
  2016-11-22-19:06:42 [main] INFO  com.Utility.Log.Log(line-48)  - 旅客信息 found in the visa Page.
  2016-11-22-19:06:42 [main] INFO  com.Utility.Log.Log(line-48)  - 签证创建订单页面，自取按钮定位成功
  2016-11-22-19:06:42 [main] INFO  com.Utility.Log.Log(line-48)  - 自取按钮点击成功
  2016-11-22-19:06:42 [main] INFO  com.Utility.Log.Log(line-48)  - 签证创建订单页面，提交订单按钮定位成功
  2016-11-22-19:06:42 [main] INFO  com.Utility.Log.Log(line-48)  - 提交订单按钮点击成功
  2016-11-22-19:07:30 [main] INFO  com.Utility.Log.Log(line-48)  - Purchase UserName text box is found on the Login Page
  2016-11-22-19:07:30 [main] INFO  com.Utility.Log.Log(line-48)  - 输入用户名:yidongrong
  2016-11-22-19:07:31 [main] INFO  com.Utility.Log.Log(line-48)  - Purchase Password text box is found on the Login Page
  2016-11-22-19:07:31 [main] INFO  com.Utility.Log.Log(line-48)  - 输入密码:111111
  2016-11-22-19:07:31 [main] INFO  com.Utility.Log.Log(line-48)  - Purchase LogIn button is found on the Login Page
  2016-11-22-19:07:31 [main] INFO  com.Utility.Log.Log(line-48)  - 点击登录按钮
  2016-11-22-19:07:31 [main] INFO  com.Utility.Log.Log(line-48)  - Login Successfully, FirefoxDriver: firefox on WINDOWS (d933375a-b1e8-49c3-b150-e49e1d7e3ac0) Entering into HomePage...
  2016-11-22-19:07:32 [main] INFO  com.Utility.Log.Log(line-48)  - Purchase Visa Menu item is found on the Wlecome Page
  2016-11-22-19:07:33 [main] INFO  com.Utility.Log.Log(line-48)  -  Visa menuItem is clicked, now enter into visa page
  2016-11-22-19:07:34 [main] INFO  com.Utility.Log.Log(line-48)  - visa  Productslist found in the visa Page.
  2016-11-22-19:07:34 [main] INFO  com.Utility.Log.Log(line-48)  - visa  Productslist found in the visa Page.
  2016-11-22-19:07:34 [main] INFO  com.Utility.Log.Log(line-48)  - 产品列表框定位成功
  2016-11-22-19:07:35 [main] INFO  com.Utility.Log.Log(line-48)  - visa  Productslist found in the visa Page.
  2016-11-22-19:07:35 [main] INFO  com.Utility.Log.Log(line-48)  - visa  Productslist found in the visa Page.
  2016-11-22-19:07:35 [main] INFO  com.Utility.Log.Log(line-48)  - 产品列表框定位成功
  2016-11-22-19:07:36 [main] INFO  com.Utility.Log.Log(line-48)  - visa  查看详情 found in the visa Page.
  2016-11-22-19:07:38 [main] INFO  com.Utility.Log.Log(line-48)  - 签证指定产品详情页，立即预定按钮定位成功
  2016-11-22-19:07:38 [main] INFO  com.Utility.Log.Log(line-48)  - 立即预定按钮点击成功
  2016-11-22-19:07:38 [main] INFO  com.Utility.Log.Log(line-48)  - 签证指定产品详情页，出发时间定位成功
  2016-11-22-19:07:38 [main] INFO  com.Utility.Log.Log(line-48)  - 输入出发时间:2016-11-30
  2016-11-22-19:07:38 [main] INFO  com.Utility.Log.Log(line-48)  - 签证指定产品详情页，空白定位成功
  2016-11-22-19:07:39 [main] INFO  com.Utility.Log.Log(line-48)  - 签证指定产品详情页，归来时间定位成功
  2016-11-22-19:07:39 [main] INFO  com.Utility.Log.Log(line-48)  - 输入归来时间:2016-11-30
  2016-11-22-19:07:39 [main] INFO  com.Utility.Log.Log(line-48)  - 签证指定产品详情页，空白定位成功
  2016-11-22-19:07:40 [main] INFO  com.Utility.Log.Log(line-48)  - 签证指定产品详情页，成人数定位成功
  2016-11-22-19:07:40 [main] INFO  com.Utility.Log.Log(line-48)  - 输入成人数:1
  2016-11-22-19:07:40 [main] INFO  com.Utility.Log.Log(line-48)  - 签证指定产品详情页，儿童数定位成功
  2016-11-22-19:07:40 [main] INFO  com.Utility.Log.Log(line-48)  - 输入儿童数:1
  2016-11-22-19:07:40 [main] INFO  com.Utility.Log.Log(line-48)  - 签证指定产品详情页，下一步定位成功
  2016-11-22-19:07:41 [main] INFO  com.Utility.Log.Log(line-48)  - 点击签证下一步按钮成功
  2016-11-22-19:07:41 [main] INFO  com.Utility.Log.Log(line-48)  - 旅客信息 found in the visa Page.
  2016-11-22-19:07:42 [main] INFO  com.Utility.Log.Log(line-48)  - 签证创建订单页面，自取按钮定位成功
  2016-11-22-19:07:42 [main] INFO  com.Utility.Log.Log(line-48)  - 自取按钮点击成功
  2016-11-22-19:07:42 [main] INFO  com.Utility.Log.Log(line-48)  - 签证创建订单页面，提交订单按钮定位成功
  2016-11-22-19:07:42 [main] INFO  com.Utility.Log.Log(line-48)  - 提交订单按钮点击成功
  2016-11-22-19:39:32 [main] INFO  com.Utility.Log.Log(line-48)  - Purchase UserName text box is found on the Login Page
  2016-11-22-19:39:32 [main] INFO  com.Utility.Log.Log(line-48)  - 输入用户名:yidongrong
  2016-11-22-19:39:32 [main] INFO  com.Utility.Log.Log(line-48)  - Purchase Password text box is found on the Login Page
  2016-11-22-19:39:32 [main] INFO  com.Utility.Log.Log(line-48)  - 输入密码:111111
  2016-11-22-19:39:32 [main] INFO  com.Utility.Log.Log(line-48)  - Purchase LogIn button is found on the Login Page
  2016-11-22-19:39:32 [main] INFO  com.Utility.Log.Log(line-48)  - 点击登录按钮
  2016-11-22-19:39:33 [main] INFO  com.Utility.Log.Log(line-48)  - Login Successfully, FirefoxDriver: firefox on WINDOWS (b8bd2559-bbc2-4644-ace2-70502a3a2bc7) Entering into HomePage...
  2016-11-22-19:39:34 [main] INFO  com.Utility.Log.Log(line-48)  - Purchase Visa Menu item is found on the Wlecome Page
  2016-11-22-19:39:35 [main] INFO  com.Utility.Log.Log(line-48)  -  Visa menuItem is clicked, now enter into visa page
  2016-11-22-19:39:36 [main] INFO  com.Utility.Log.Log(line-48)  - visa  Productslist found in the visa Page.
  2016-11-22-19:39:36 [main] INFO  com.Utility.Log.Log(line-48)  - visa  Productslist found in the visa Page.
  2016-11-22-19:39:36 [main] INFO  com.Utility.Log.Log(line-48)  - 产品列表框定位成功
  2016-11-22-19:39:38 [main] INFO  com.Utility.Log.Log(line-48)  - visa  Productslist found in the visa Page.
  2016-11-22-19:39:38 [main] INFO  com.Utility.Log.Log(line-48)  - visa  Productslist found in the visa Page.
  2016-11-22-19:39:38 [main] INFO  com.Utility.Log.Log(line-48)  - 产品列表框定位成功
  2016-11-22-19:39:38 [main] INFO  com.Utility.Log.Log(line-48)  - visa  查看详情 found in the visa Page.
  2016-11-22-19:39:40 [main] INFO  com.Utility.Log.Log(line-48)  - 签证指定产品详情页，立即预定按钮定位成功
  2016-11-22-19:39:41 [main] INFO  com.Utility.Log.Log(line-48)  - 立即预定按钮点击成功
  2016-11-22-19:39:41 [main] INFO  com.Utility.Log.Log(line-48)  - 签证指定产品详情页，出发时间定位成功
  2016-11-22-19:39:41 [main] INFO  com.Utility.Log.Log(line-48)  - 输入出发时间:2016-11-30
  2016-11-22-19:39:41 [main] INFO  com.Utility.Log.Log(line-48)  - 签证指定产品详情页，空白定位成功
  2016-11-22-19:39:41 [main] INFO  com.Utility.Log.Log(line-48)  - 签证指定产品详情页，归来时间定位成功
  2016-11-22-19:39:42 [main] INFO  com.Utility.Log.Log(line-48)  - 输入归来时间:2016-11-30
  2016-11-22-19:39:42 [main] INFO  com.Utility.Log.Log(line-48)  - 签证指定产品详情页，空白定位成功
  2016-11-22-19:39:42 [main] INFO  com.Utility.Log.Log(line-48)  - 签证指定产品详情页，成人数定位成功
  2016-11-22-19:39:42 [main] INFO  com.Utility.Log.Log(line-48)  - 输入成人数:1
  2016-11-22-19:39:42 [main] INFO  com.Utility.Log.Log(line-48)  - 签证指定产品详情页，儿童数定位成功
  2016-11-22-19:39:42 [main] INFO  com.Utility.Log.Log(line-48)  - 输入儿童数:1
  2016-11-22-19:39:42 [main] INFO  com.Utility.Log.Log(line-48)  - 签证指定产品详情页，下一步定位成功
  2016-11-22-19:39:44 [main] INFO  com.Utility.Log.Log(line-48)  - 点击签证下一步按钮成功
  2016-11-22-19:39:44 [main] INFO  com.Utility.Log.Log(line-48)  - 旅客信息 found in the visa Page.
  2016-11-22-19:39:45 [main] INFO  com.Utility.Log.Log(line-48)  - 签证创建订单页面，自取按钮定位成功
  2016-11-22-19:39:45 [main] INFO  com.Utility.Log.Log(line-48)  - 自取按钮点击成功
  2016-11-22-19:39:45 [main] INFO  com.Utility.Log.Log(line-48)  - 签证创建订单页面，提交订单按钮定位成功
  2016-11-22-19:39:45 [main] INFO  com.Utility.Log.Log(line-48)  - 提交订单按钮点击成功
  2016-11-22-19:42:02 [main] INFO  com.Utility.Log.Log(line-48)  - Purchase UserName text box is found on the Login Page
  2016-11-22-19:42:02 [main] INFO  com.Utility.Log.Log(line-48)  - 输入用户名:yidongrong
  2016-11-22-19:42:02 [main] INFO  com.Utility.Log.Log(line-48)  - Purchase Password text box is found on the Login Page
  2016-11-22-19:42:02 [main] INFO  com.Utility.Log.Log(line-48)  - 输入密码:111111
  2016-11-22-19:42:02 [main] INFO  com.Utility.Log.Log(line-48)  - Purchase LogIn button is found on the Login Page
  2016-11-22-19:42:02 [main] INFO  com.Utility.Log.Log(line-48)  - 点击登录按钮
  2016-11-22-19:42:02 [main] INFO  com.Utility.Log.Log(line-48)  - Login Successfully, FirefoxDriver: firefox on WINDOWS (58ddd0a5-6192-441f-9204-8bf80e4730bd) Entering into HomePage...
  2016-11-22-19:42:04 [main] INFO  com.Utility.Log.Log(line-48)  - Purchase Visa Menu item is found on the Wlecome Page
  2016-11-22-19:42:04 [main] INFO  com.Utility.Log.Log(line-48)  -  Visa menuItem is clicked, now enter into visa page
  2016-11-22-19:42:06 [main] INFO  com.Utility.Log.Log(line-48)  - visa  Productslist found in the visa Page.
  2016-11-22-19:42:06 [main] INFO  com.Utility.Log.Log(line-48)  - visa  Productslist found in the visa Page.
  2016-11-22-19:42:06 [main] INFO  com.Utility.Log.Log(line-48)  - 产品列表框定位成功
  2016-11-22-19:42:07 [main] INFO  com.Utility.Log.Log(line-48)  - visa  Productslist found in the visa Page.
  2016-11-22-19:42:07 [main] INFO  com.Utility.Log.Log(line-48)  - visa  Productslist found in the visa Page.
  2016-11-22-19:42:07 [main] INFO  com.Utility.Log.Log(line-48)  - 产品列表框定位成功
  2016-11-22-19:42:08 [main] INFO  com.Utility.Log.Log(line-48)  - visa  查看详情 found in the visa Page.
  2016-11-22-19:42:10 [main] INFO  com.Utility.Log.Log(line-48)  - 签证指定产品详情页，立即预定按钮定位成功
  2016-11-22-19:42:10 [main] INFO  com.Utility.Log.Log(line-48)  - 立即预定按钮点击成功
  2016-11-22-19:42:10 [main] INFO  com.Utility.Log.Log(line-48)  - 签证指定产品详情页，出发时间定位成功
  2016-11-22-19:42:11 [main] INFO  com.Utility.Log.Log(line-48)  - 输入出发时间:2016-11-30
  2016-11-22-19:42:11 [main] INFO  com.Utility.Log.Log(line-48)  - 签证指定产品详情页，空白定位成功
  2016-11-22-19:42:11 [main] INFO  com.Utility.Log.Log(line-48)  - 签证指定产品详情页，归来时间定位成功
  2016-11-22-19:42:11 [main] INFO  com.Utility.Log.Log(line-48)  - 输入归来时间:2016-11-30
  2016-11-22-19:42:11 [main] INFO  com.Utility.Log.Log(line-48)  - 签证指定产品详情页，空白定位成功
  2016-11-22-19:42:12 [main] INFO  com.Utility.Log.Log(line-48)  - 签证指定产品详情页，成人数定位成功
  2016-11-22-19:42:12 [main] INFO  com.Utility.Log.Log(line-48)  - 输入成人数:1
  2016-11-22-19:42:12 [main] INFO  com.Utility.Log.Log(line-48)  - 签证指定产品详情页，儿童数定位成功
  2016-11-22-19:42:12 [main] INFO  com.Utility.Log.Log(line-48)  - 输入儿童数:1
  2016-11-22-19:42:12 [main] INFO  com.Utility.Log.Log(line-48)  - 签证指定产品详情页，下一步定位成功
  2016-11-22-19:42:13 [main] INFO  com.Utility.Log.Log(line-48)  - 点击签证下一步按钮成功
  2016-11-22-19:42:13 [main] INFO  com.Utility.Log.Log(line-48)  - 旅客信息 found in the visa Page.
  2016-11-22-19:42:13 [main] INFO  com.Utility.Log.Log(line-48)  - 签证创建订单页面，自取按钮定位成功
  2016-11-22-19:42:13 [main] INFO  com.Utility.Log.Log(line-48)  - 自取按钮点击成功
  2016-11-22-19:42:14 [main] INFO  com.Utility.Log.Log(line-48)  - 签证创建订单页面，提交订单按钮定位成功
  2016-11-22-19:42:14 [main] INFO  com.Utility.Log.Log(line-48)  - 提交订单按钮点击成功
  2016-11-22-19:46:37 [main] INFO  com.Utility.Log.Log(line-48)  - Purchase UserName text box is found on the Login Page
  2016-11-22-19:46:37 [main] INFO  com.Utility.Log.Log(line-48)  - 输入用户名:yidongrong
  2016-11-22-19:46:37 [main] INFO  com.Utility.Log.Log(line-48)  - Purchase Password text box is found on the Login Page
  2016-11-22-19:46:37 [main] INFO  com.Utility.Log.Log(line-48)  - 输入密码:111111
  2016-11-22-19:46:37 [main] INFO  com.Utility.Log.Log(line-48)  - Purchase LogIn button is found on the Login Page
  2016-11-22-19:46:37 [main] INFO  com.Utility.Log.Log(line-48)  - 点击登录按钮
  2016-11-22-19:46:37 [main] INFO  com.Utility.Log.Log(line-48)  - Login Successfully, FirefoxDriver: firefox on WINDOWS (b21318e9-d223-470a-95cb-43f0b07d529d) Entering into HomePage...
  2016-11-22-19:46:39 [main] INFO  com.Utility.Log.Log(line-48)  - Purchase Visa Menu item is found on the Wlecome Page
  2016-11-22-19:46:39 [main] INFO  com.Utility.Log.Log(line-48)  -  Visa menuItem is clicked, now enter into visa page
  2016-11-22-19:46:41 [main] INFO  com.Utility.Log.Log(line-48)  - visa  Productslist found in the visa Page.
  2016-11-22-19:46:41 [main] INFO  com.Utility.Log.Log(line-48)  - visa  Productslist found in the visa Page.
  2016-11-22-19:46:41 [main] INFO  com.Utility.Log.Log(line-48)  - 产品列表框定位成功
  2016-11-22-19:46:43 [main] INFO  com.Utility.Log.Log(line-48)  - visa  Productslist found in the visa Page.
  2016-11-22-19:46:43 [main] INFO  com.Utility.Log.Log(line-48)  - visa  Productslist found in the visa Page.
  2016-11-22-19:46:43 [main] INFO  com.Utility.Log.Log(line-48)  - 产品列表框定位成功
  2016-11-22-19:46:43 [main] INFO  com.Utility.Log.Log(line-48)  - visa  查看详情 found in the visa Page.
  2016-11-22-19:46:45 [main] INFO  com.Utility.Log.Log(line-48)  - 签证指定产品详情页，立即预定按钮定位成功
  2016-11-22-19:46:46 [main] INFO  com.Utility.Log.Log(line-48)  - 立即预定按钮点击成功
  2016-11-22-19:46:46 [main] INFO  com.Utility.Log.Log(line-48)  - 签证指定产品详情页，出发时间定位成功
  2016-11-22-19:46:46 [main] INFO  com.Utility.Log.Log(line-48)  - 输入出发时间:2016-11-30
  2016-11-22-19:46:46 [main] INFO  com.Utility.Log.Log(line-48)  - 签证指定产品详情页，空白定位成功
  2016-11-22-19:46:46 [main] INFO  com.Utility.Log.Log(line-48)  - 签证指定产品详情页，归来时间定位成功
  2016-11-22-19:46:47 [main] INFO  com.Utility.Log.Log(line-48)  - 输入归来时间:2016-11-30
  2016-11-22-19:46:47 [main] INFO  com.Utility.Log.Log(line-48)  - 签证指定产品详情页，空白定位成功
  2016-11-22-19:46:47 [main] INFO  com.Utility.Log.Log(line-48)  - 签证指定产品详情页，成人数定位成功
  2016-11-22-19:46:47 [main] INFO  com.Utility.Log.Log(line-48)  - 输入成人数:1
  2016-11-22-19:46:47 [main] INFO  com.Utility.Log.Log(line-48)  - 签证指定产品详情页，儿童数定位成功
  2016-11-22-19:46:47 [main] INFO  com.Utility.Log.Log(line-48)  - 输入儿童数:1
  2016-11-22-19:46:47 [main] INFO  com.Utility.Log.Log(line-48)  - 签证指定产品详情页，下一步定位成功
  2016-11-22-19:46:48 [main] INFO  com.Utility.Log.Log(line-48)  - 点击签证下一步按钮成功
  2016-11-22-19:46:48 [main] INFO  com.Utility.Log.Log(line-48)  - 旅客信息 found in the visa Page.
  2016-11-22-19:46:49 [main] INFO  com.Utility.Log.Log(line-48)  - 签证创建订单页面，自取按钮定位成功
  2016-11-22-19:46:49 [main] INFO  com.Utility.Log.Log(line-48)  - 自取按钮点击成功
  2016-11-22-19:46:49 [main] INFO  com.Utility.Log.Log(line-48)  - 签证创建订单页面，提交订单按钮定位成功
  2016-11-22-19:46:49 [main] INFO  com.Utility.Log.Log(line-48)  - 提交订单按钮点击成功
  2016-11-22-19:47:56 [main] INFO  com.Utility.Log.Log(line-48)  - Purchase UserName text box is found on the Login Page
  2016-11-22-19:47:56 [main] INFO  com.Utility.Log.Log(line-48)  - 输入用户名:yidongrong
  2016-11-22-19:47:56 [main] INFO  com.Utility.Log.Log(line-48)  - Purchase Password text box is found on the Login Page
  2016-11-22-19:47:56 [main] INFO  com.Utility.Log.Log(line-48)  - 输入密码:111111
  2016-11-22-19:47:56 [main] INFO  com.Utility.Log.Log(line-48)  - Purchase LogIn button is found on the Login Page
  2016-11-22-19:47:56 [main] INFO  com.Utility.Log.Log(line-48)  - 点击登录按钮
  2016-11-22-19:47:56 [main] INFO  com.Utility.Log.Log(line-48)  - Login Successfully, FirefoxDriver: firefox on WINDOWS (28a65e39-2827-4004-834a-6d3c5d9899bd) Entering into HomePage...
  2016-11-22-19:47:58 [main] INFO  com.Utility.Log.Log(line-48)  - Purchase Visa Menu item is found on the Wlecome Page
  2016-11-22-19:47:59 [main] INFO  com.Utility.Log.Log(line-48)  -  Visa menuItem is clicked, now enter into visa page
  2016-11-22-19:48:00 [main] INFO  com.Utility.Log.Log(line-48)  - visa  Productslist found in the visa Page.
  2016-11-22-19:48:01 [main] INFO  com.Utility.Log.Log(line-48)  - visa  Productslist found in the visa Page.
  2016-11-22-19:48:01 [main] INFO  com.Utility.Log.Log(line-48)  - 产品列表框定位成功
  2016-11-22-19:48:02 [main] INFO  com.Utility.Log.Log(line-48)  - visa  Productslist found in the visa Page.
  2016-11-22-19:48:02 [main] INFO  com.Utility.Log.Log(line-48)  - visa  Productslist found in the visa Page.
  2016-11-22-19:48:03 [main] INFO  com.Utility.Log.Log(line-48)  - 产品列表框定位成功
  2016-11-22-19:48:03 [main] INFO  com.Utility.Log.Log(line-48)  - visa  查看详情 found in the visa Page.
  2016-11-22-19:48:05 [main] INFO  com.Utility.Log.Log(line-48)  - 签证指定产品详情页，立即预定按钮定位成功
  2016-11-22-19:48:05 [main] INFO  com.Utility.Log.Log(line-48)  - 立即预定按钮点击成功
  2016-11-22-19:48:05 [main] INFO  com.Utility.Log.Log(line-48)  - 签证指定产品详情页，出发时间定位成功
  2016-11-22-19:48:05 [main] INFO  com.Utility.Log.Log(line-48)  - 输入出发时间:2016-11-30
  2016-11-22-19:48:05 [main] INFO  com.Utility.Log.Log(line-48)  - 签证指定产品详情页，空白定位成功
  2016-11-22-19:48:06 [main] INFO  com.Utility.Log.Log(line-48)  - 签证指定产品详情页，归来时间定位成功
  2016-11-22-19:48:06 [main] INFO  com.Utility.Log.Log(line-48)  - 输入归来时间:2016-11-30
  2016-11-22-19:48:06 [main] INFO  com.Utility.Log.Log(line-48)  - 签证指定产品详情页，空白定位成功
  2016-11-22-19:48:06 [main] INFO  com.Utility.Log.Log(line-48)  - 签证指定产品详情页，成人数定位成功
  2016-11-22-19:48:07 [main] INFO  com.Utility.Log.Log(line-48)  - 输入成人数:1
  2016-11-22-19:48:07 [main] INFO  com.Utility.Log.Log(line-48)  - 签证指定产品详情页，儿童数定位成功
  2016-11-22-19:48:07 [main] INFO  com.Utility.Log.Log(line-48)  - 输入儿童数:1
  2016-11-22-19:48:07 [main] INFO  com.Utility.Log.Log(line-48)  - 签证指定产品详情页，下一步定位成功
  2016-11-22-19:48:08 [main] INFO  com.Utility.Log.Log(line-48)  - 点击签证下一步按钮成功
  2016-11-22-19:48:08 [main] INFO  com.Utility.Log.Log(line-48)  - 旅客信息 found in the visa Page.
  2016-11-22-19:48:08 [main] INFO  com.Utility.Log.Log(line-48)  - 签证创建订单页面，自取按钮定位成功
  2016-11-22-19:48:09 [main] INFO  com.Utility.Log.Log(line-48)  - 自取按钮点击成功
  2016-11-22-19:48:09 [main] INFO  com.Utility.Log.Log(line-48)  - 签证创建订单页面，提交订单按钮定位成功
  2016-11-22-19:48:09 [main] INFO  com.Utility.Log.Log(line-48)  - 提交订单按钮点击成功
  