2016-10-20-19:45:03 [main] ERROR com.Utility.Log.Log(line-54)  - 签证指定产品详情页，归来时间按钮定位失败
  2016-10-20-19:45:13 [main] ERROR com.Utility.Log.Log(line-54)  - 签证指定产品详情页，成人数按钮定位失败
  2016-10-20-19:45:33 [main] ERROR com.Utility.Log.Log(line-54)  - 签证指定产品详情页，儿童数按钮定位失败
  2016-10-20-19:45:53 [main] ERROR com.Utility.Log.Log(line-54)  - 签证指定产品详情页，下一步按钮定位失败
  2016-10-20-20:14:49 [main] ERROR com.Utility.Log.Log(line-54)  - 签证指定产品详情页，归来时间按钮定位失败
  2016-10-20-20:14:59 [main] ERROR com.Utility.Log.Log(line-54)  - 签证指定产品详情页，成人数按钮定位失败
  2016-10-20-20:15:19 [main] ERROR com.Utility.Log.Log(line-54)  - 签证指定产品详情页，儿童数按钮定位失败
  2016-10-20-20:15:39 [main] ERROR com.Utility.Log.Log(line-54)  - 签证指定产品详情页，下一步按钮定位失败
  2016-10-20-20:19:17 [main] ERROR com.Utility.Log.Log(line-54)  - 签证指定产品详情页，归来时间按钮定位失败
  2016-10-20-20:19:27 [main] ERROR com.Utility.Log.Log(line-54)  - 签证指定产品详情页，成人数按钮定位失败
  2016-10-20-20:19:47 [main] ERROR com.Utility.Log.Log(line-54)  - 签证指定产品详情页，儿童数按钮定位失败
  2016-10-20-20:20:07 [main] ERROR com.Utility.Log.Log(line-54)  - 签证指定产品详情页，下一步按钮定位失败
  2016-10-20-20:23:51 [main] ERROR com.Utility.Log.Log(line-54)  - 签证指定产品详情页，归来时间按钮定位失败
  2016-10-20-20:24:01 [main] ERROR com.Utility.Log.Log(line-54)  - 签证指定产品详情页，成人数按钮定位失败
  2016-10-20-20:24:21 [main] ERROR com.Utility.Log.Log(line-54)  - 签证指定产品详情页，儿童数按钮定位失败
  2016-10-20-20:24:41 [main] ERROR com.Utility.Log.Log(line-54)  - 签证指定产品详情页，下一步按钮定位失败
  2016-10-20-20:29:36 [main] ERROR com.Utility.Log.Log(line-54)  - 签证指定产品详情页，归来时间按钮定位失败
  2016-10-20-20:29:46 [main] ERROR com.Utility.Log.Log(line-54)  - 签证指定产品详情页，成人数按钮定位失败
  2016-10-20-20:30:06 [main] ERROR com.Utility.Log.Log(line-54)  - 签证指定产品详情页，儿童数按钮定位失败
  2016-10-20-20:30:27 [main] ERROR com.Utility.Log.Log(line-54)  - 签证指定产品详情页，下一步按钮定位失败
  2016-10-20-20:35:36 [main] ERROR com.Utility.Log.Log(line-54)  - 签证指定产品详情页，归来时间按钮定位失败
  2016-10-20-20:37:40 [main] ERROR com.Utility.Log.Log(line-54)  - 签证指定产品详情页，归来时间按钮定位失败
  