2017-07-15-15:34:46 [main] INFO  com.Utility.log.Log(line-48)  - 输入用户名:yidongrong
  2017-07-15-15:34:46 [main] INFO  com.Utility.log.Log(line-48)  - 输入密码:a111111
  2017-07-15-15:34:46 [main] INFO  com.Utility.log.Log(line-48)  - 点击登录按钮
  2017-07-15-15:34:56 [main] INFO  com.Utility.log.Log(line-48)  -  点击签证一级导航按钮，进入签证产品列表页面
  2017-07-15-15:54:29 [main] INFO  com.Utility.log.Log(line-48)  - 输入用户名:yidongrong
  2017-07-15-15:54:29 [main] INFO  com.Utility.log.Log(line-48)  - 输入密码:a111111
  2017-07-15-15:54:30 [main] INFO  com.Utility.log.Log(line-48)  - 点击登录按钮
  2017-07-15-15:54:31 [main] INFO  com.Utility.log.Log(line-48)  -  点击签证一级导航按钮，进入签证产品列表页面
  2017-07-15-15:58:05 [main] INFO  com.Utility.log.Log(line-48)  - 
  2017-07-15-15:58:05 [main] INFO  com.Utility.log.Log(line-48)  - 
  2017-07-15-15:58:05 [main] INFO  com.Utility.log.Log(line-48)  - 
  2017-07-15-15:59:12 [main] INFO  com.Utility.log.Log(line-48)  - 
  2017-07-15-15:59:12 [main] INFO  com.Utility.log.Log(line-48)  - 
  2017-07-15-15:59:12 [main] INFO  com.Utility.log.Log(line-48)  - 
  2017-07-15-16:02:43 [main] INFO  com.Utility.log.Log(line-48)  - 
  2017-07-15-16:03:13 [main] INFO  com.Utility.log.Log(line-48)  - 
  2017-07-15-16:03:28 [main] INFO  com.Utility.log.Log(line-48)  - 
  2017-07-15-18:19:25 [main] INFO  com.Utility.log.Log(line-48)  - 
  2017-07-15-18:22:09 [main] INFO  com.Utility.log.Log(line-48)  - 
  2017-07-15-18:35:53 [main] INFO  com.Utility.log.Log(line-48)  - 输入用户名:yidongrong
  2017-07-15-18:35:53 [main] INFO  com.Utility.log.Log(line-48)  - 输入密码:a111111
  2017-07-15-18:35:53 [main] INFO  com.Utility.log.Log(line-48)  - 点击登录按钮
  2017-07-15-18:37:42 [main] INFO  com.Utility.log.Log(line-48)  - 
  2017-07-15-18:44:04 [main] INFO  com.Utility.log.Log(line-48)  - 输入用户名:yidongrong
  2017-07-15-18:44:05 [main] INFO  com.Utility.log.Log(line-48)  - 输入密码:a111111
  2017-07-15-18:44:05 [main] INFO  com.Utility.log.Log(line-48)  - 点击登录按钮
  2017-07-15-19:00:40 [main] INFO  com.Utility.log.Log(line-48)  - 输入用户名:yidongrong
  2017-07-15-19:00:55 [main] INFO  com.Utility.log.Log(line-48)  - 输入密码:a111111
  2017-07-15-19:00:59 [main] INFO  com.Utility.log.Log(line-48)  - 点击登录按钮
  2017-07-15-19:02:11 [main] INFO  com.Utility.log.Log(line-48)  -  点击签证一级导航按钮，进入签证产品列表页面
  2017-07-15-19:03:53 [main] INFO  com.Utility.log.Log(line-48)  - 输入用户名:yidongrong
  2017-07-15-19:03:53 [main] INFO  com.Utility.log.Log(line-48)  - 输入密码:a111111
  2017-07-15-19:03:53 [main] INFO  com.Utility.log.Log(line-48)  - 点击登录按钮
  2017-07-15-19:04:01 [main] INFO  com.Utility.log.Log(line-48)  -  点击签证一级导航按钮，进入签证产品列表页面
  2017-07-15-19:22:35 [main] INFO  com.Utility.log.Log(line-48)  - 输入用户名:yidongrong
  2017-07-15-19:22:35 [main] INFO  com.Utility.log.Log(line-48)  - 输入密码:a111111
  2017-07-15-19:22:35 [main] INFO  com.Utility.log.Log(line-48)  - 点击登录按钮
  2017-07-15-19:22:43 [main] INFO  com.Utility.log.Log(line-48)  -  点击签证一级导航按钮，进入签证产品列表页面
  2017-07-15-19:32:51 [main] INFO  com.Utility.log.Log(line-48)  - 输入用户名:yidongrong
  2017-07-15-19:32:51 [main] INFO  com.Utility.log.Log(line-48)  - 输入密码:a111111
  2017-07-15-19:32:52 [main] INFO  com.Utility.log.Log(line-48)  - 点击登录按钮
  2017-07-15-19:33:00 [main] INFO  com.Utility.log.Log(line-48)  -  点击签证一级导航按钮，进入签证产品列表页面
  2017-07-15-19:39:30 [main] INFO  com.Utility.log.Log(line-48)  - 输入用户名:yidongrong
  2017-07-15-19:39:30 [main] INFO  com.Utility.log.Log(line-48)  - 输入密码:a111111
  2017-07-15-19:39:30 [main] INFO  com.Utility.log.Log(line-48)  - 点击登录按钮
  2017-07-15-19:39:38 [main] INFO  com.Utility.log.Log(line-48)  -  点击签证一级导航按钮，进入签证产品列表页面
  2017-07-15-20:03:38 [main] INFO  com.Utility.log.Log(line-48)  - 输入用户名:yidongrong
  2017-07-15-20:03:38 [main] INFO  com.Utility.log.Log(line-48)  - 输入密码:a111111
  2017-07-15-20:03:38 [main] INFO  com.Utility.log.Log(line-48)  - 点击登录按钮
  2017-07-15-20:03:40 [main] INFO  com.Utility.log.Log(line-48)  -  点击签证一级导航按钮，进入签证产品列表页面
  2017-07-15-20:04:57 [main] INFO  com.Utility.log.Log(line-48)  - 输入用户名:yidongrong
  2017-07-15-20:04:57 [main] INFO  com.Utility.log.Log(line-48)  - 输入密码:a111111
  2017-07-15-20:04:57 [main] INFO  com.Utility.log.Log(line-48)  - 点击登录按钮
  2017-07-15-20:05:05 [main] INFO  com.Utility.log.Log(line-48)  -  点击签证一级导航按钮，进入签证产品列表页面
  2017-07-15-20:36:00 [main] INFO  com.Utility.log.Log(line-48)  - 输入用户名:yidongrong
  2017-07-15-20:36:00 [main] INFO  com.Utility.log.Log(line-48)  - 输入密码:a111111
  2017-07-15-20:36:00 [main] INFO  com.Utility.log.Log(line-48)  - 点击登录按钮
  2017-07-15-20:37:02 [main] INFO  com.Utility.log.Log(line-48)  - 输入用户名:yidongrong
  2017-07-15-20:37:02 [main] INFO  com.Utility.log.Log(line-48)  - 输入密码:a111111
  2017-07-15-20:37:02 [main] INFO  com.Utility.log.Log(line-48)  - 点击登录按钮
  2017-07-15-20:37:11 [main] INFO  com.Utility.log.Log(line-48)  -  点击签证一级导航按钮，进入签证产品列表页面
  