2016-11-07-19:55:56 [main] ERROR com.Utility.Log.Log(line-54)  - 签证指定产品详情页，立即预定按钮定位失败
  2016-11-07-19:55:56 [main] ERROR com.Utility.Log.Log(line-54)  - 签证创建订单页面，旅客姓名定位失败
  2016-11-07-19:55:56 [main] ERROR com.Utility.Log.Log(line-54)  - 签证创建订单页面，旅客证件号定位失败
  2016-11-07-19:55:56 [main] ERROR com.Utility.Log.Log(line-54)  - 签证创建订单页面，旅客手机号定位失败
  2016-11-07-19:55:56 [main] ERROR com.Utility.Log.Log(line-54)  - 签证创建订单页面，旅客姓名定位失败
  2016-11-07-19:55:56 [main] ERROR com.Utility.Log.Log(line-54)  - 签证创建订单页面，旅客证件号定位失败
  2016-11-07-19:55:56 [main] ERROR com.Utility.Log.Log(line-54)  - 签证创建订单页面，旅客手机号定位失败
  2016-11-07-19:55:56 [main] ERROR com.Utility.Log.Log(line-54)  - 签证创建订单页面，自取按钮定位失败
  2016-11-07-19:55:56 [main] ERROR com.Utility.Log.Log(line-54)  - 签证创建订单页面，提交订单按钮定位失败
  2016-11-07-19:56:38 [main] ERROR com.Utility.Log.Log(line-54)  - 签证指定产品详情页，立即预定按钮定位失败
  2016-11-07-19:56:38 [main] ERROR com.Utility.Log.Log(line-54)  - 签证创建订单页面，旅客姓名定位失败
  2016-11-07-19:56:38 [main] ERROR com.Utility.Log.Log(line-54)  - 签证创建订单页面，旅客证件号定位失败
  2016-11-07-19:56:38 [main] ERROR com.Utility.Log.Log(line-54)  - 签证创建订单页面，旅客手机号定位失败
  2016-11-07-19:56:38 [main] ERROR com.Utility.Log.Log(line-54)  - 签证创建订单页面，旅客姓名定位失败
  2016-11-07-19:56:38 [main] ERROR com.Utility.Log.Log(line-54)  - 签证创建订单页面，旅客证件号定位失败
  2016-11-07-19:56:38 [main] ERROR com.Utility.Log.Log(line-54)  - 签证创建订单页面，旅客手机号定位失败
  2016-11-07-19:56:38 [main] ERROR com.Utility.Log.Log(line-54)  - 签证创建订单页面，自取按钮定位失败
  2016-11-07-19:56:38 [main] ERROR com.Utility.Log.Log(line-54)  - 签证创建订单页面，提交订单按钮定位失败
  2016-11-07-19:57:50 [main] ERROR com.Utility.Log.Log(line-54)  - 签证指定产品详情页，立即预定按钮定位失败
  2016-11-07-19:57:50 [main] ERROR com.Utility.Log.Log(line-54)  - 签证创建订单页面，旅客姓名定位失败
  2016-11-07-19:57:50 [main] ERROR com.Utility.Log.Log(line-54)  - 签证创建订单页面，旅客证件号定位失败
  2016-11-07-19:57:50 [main] ERROR com.Utility.Log.Log(line-54)  - 签证创建订单页面，旅客手机号定位失败
  2016-11-07-19:57:50 [main] ERROR com.Utility.Log.Log(line-54)  - 签证创建订单页面，旅客姓名定位失败
  2016-11-07-19:57:50 [main] ERROR com.Utility.Log.Log(line-54)  - 签证创建订单页面，旅客证件号定位失败
  2016-11-07-19:57:50 [main] ERROR com.Utility.Log.Log(line-54)  - 签证创建订单页面，旅客手机号定位失败
  2016-11-07-19:57:50 [main] ERROR com.Utility.Log.Log(line-54)  - 签证创建订单页面，自取按钮定位失败
  2016-11-07-19:57:50 [main] ERROR com.Utility.Log.Log(line-54)  - 签证创建订单页面，提交订单按钮定位失败
  2016-11-07-20:00:01 [main] ERROR com.Utility.Log.Log(line-54)  - 签证指定产品详情页，立即预定按钮定位失败
  2016-11-07-20:00:01 [main] ERROR com.Utility.Log.Log(line-54)  - 签证创建订单页面，旅客姓名定位失败
  2016-11-07-20:00:01 [main] ERROR com.Utility.Log.Log(line-54)  - 签证创建订单页面，旅客证件号定位失败
  2016-11-07-20:00:01 [main] ERROR com.Utility.Log.Log(line-54)  - 签证创建订单页面，旅客手机号定位失败
  2016-11-07-20:00:01 [main] ERROR com.Utility.Log.Log(line-54)  - 签证创建订单页面，旅客姓名定位失败
  2016-11-07-20:00:01 [main] ERROR com.Utility.Log.Log(line-54)  - 签证创建订单页面，旅客证件号定位失败
  2016-11-07-20:00:01 [main] ERROR com.Utility.Log.Log(line-54)  - 签证创建订单页面，旅客手机号定位失败
  2016-11-07-20:00:01 [main] ERROR com.Utility.Log.Log(line-54)  - 签证创建订单页面，自取按钮定位失败
  2016-11-07-20:00:01 [main] ERROR com.Utility.Log.Log(line-54)  - 签证创建订单页面，提交订单按钮定位失败
  2016-11-07-20:00:33 [main] ERROR com.Utility.Log.Log(line-54)  - 签证指定产品详情页，立即预定按钮定位失败
  2016-11-07-20:00:33 [main] ERROR com.Utility.Log.Log(line-54)  - 签证创建订单页面，旅客姓名定位失败
  2016-11-07-20:00:33 [main] ERROR com.Utility.Log.Log(line-54)  - 签证创建订单页面，旅客证件号定位失败
  2016-11-07-20:00:33 [main] ERROR com.Utility.Log.Log(line-54)  - 签证创建订单页面，旅客手机号定位失败
  2016-11-07-20:00:33 [main] ERROR com.Utility.Log.Log(line-54)  - 签证创建订单页面，旅客姓名定位失败
  2016-11-07-20:00:33 [main] ERROR com.Utility.Log.Log(line-54)  - 签证创建订单页面，旅客证件号定位失败
  2016-11-07-20:00:33 [main] ERROR com.Utility.Log.Log(line-54)  - 签证创建订单页面，旅客手机号定位失败
  2016-11-07-20:00:33 [main] ERROR com.Utility.Log.Log(line-54)  - 签证创建订单页面，自取按钮定位失败
  2016-11-07-20:00:33 [main] ERROR com.Utility.Log.Log(line-54)  - 签证创建订单页面，提交订单按钮定位失败
  2016-11-07-20:05:01 [main] ERROR com.Utility.Log.Log(line-54)  - 签证指定产品详情页，立即预定按钮定位失败
  2016-11-07-20:05:01 [main] ERROR com.Utility.Log.Log(line-54)  - 签证创建订单页面，旅客姓名定位失败
  2016-11-07-20:05:01 [main] ERROR com.Utility.Log.Log(line-54)  - 签证创建订单页面，旅客证件号定位失败
  2016-11-07-20:05:01 [main] ERROR com.Utility.Log.Log(line-54)  - 签证创建订单页面，旅客手机号定位失败
  2016-11-07-20:05:01 [main] ERROR com.Utility.Log.Log(line-54)  - 签证创建订单页面，旅客姓名定位失败
  2016-11-07-20:05:01 [main] ERROR com.Utility.Log.Log(line-54)  - 签证创建订单页面，旅客证件号定位失败
  2016-11-07-20:05:01 [main] ERROR com.Utility.Log.Log(line-54)  - 签证创建订单页面，旅客手机号定位失败
  2016-11-07-20:05:01 [main] ERROR com.Utility.Log.Log(line-54)  - 签证创建订单页面，自取按钮定位失败
  2016-11-07-20:05:01 [main] ERROR com.Utility.Log.Log(line-54)  - 签证创建订单页面，提交订单按钮定位失败
  2016-11-07-20:07:09 [main] ERROR com.Utility.Log.Log(line-54)  - 签证指定产品详情页，立即预定按钮定位失败
  2016-11-07-20:07:09 [main] ERROR com.Utility.Log.Log(line-54)  - 签证创建订单页面，旅客姓名定位失败
  2016-11-07-20:07:09 [main] ERROR com.Utility.Log.Log(line-54)  - 签证创建订单页面，旅客证件号定位失败
  2016-11-07-20:07:09 [main] ERROR com.Utility.Log.Log(line-54)  - 签证创建订单页面，旅客手机号定位失败
  2016-11-07-20:07:09 [main] ERROR com.Utility.Log.Log(line-54)  - 签证创建订单页面，旅客姓名定位失败
  2016-11-07-20:07:09 [main] ERROR com.Utility.Log.Log(line-54)  - 签证创建订单页面，旅客证件号定位失败
  2016-11-07-20:07:09 [main] ERROR com.Utility.Log.Log(line-54)  - 签证创建订单页面，旅客手机号定位失败
  2016-11-07-20:07:09 [main] ERROR com.Utility.Log.Log(line-54)  - 签证创建订单页面，自取按钮定位失败
  2016-11-07-20:07:09 [main] ERROR com.Utility.Log.Log(line-54)  - 签证创建订单页面，提交订单按钮定位失败
  2016-11-07-20:09:28 [main] ERROR com.Utility.Log.Log(line-54)  - 签证指定产品详情页，立即预定按钮定位失败
  2016-11-07-20:09:28 [main] ERROR com.Utility.Log.Log(line-54)  - 签证创建订单页面，旅客姓名定位失败
  2016-11-07-20:09:28 [main] ERROR com.Utility.Log.Log(line-54)  - 签证创建订单页面，旅客证件号定位失败
  2016-11-07-20:09:28 [main] ERROR com.Utility.Log.Log(line-54)  - 签证创建订单页面，旅客手机号定位失败
  2016-11-07-20:09:28 [main] ERROR com.Utility.Log.Log(line-54)  - 签证创建订单页面，旅客姓名定位失败
  2016-11-07-20:09:28 [main] ERROR com.Utility.Log.Log(line-54)  - 签证创建订单页面，旅客证件号定位失败
  2016-11-07-20:09:28 [main] ERROR com.Utility.Log.Log(line-54)  - 签证创建订单页面，旅客手机号定位失败
  2016-11-07-20:09:28 [main] ERROR com.Utility.Log.Log(line-54)  - 签证创建订单页面，自取按钮定位失败
  2016-11-07-20:09:28 [main] ERROR com.Utility.Log.Log(line-54)  - 签证创建订单页面，提交订单按钮定位失败
  2016-11-07-20:12:13 [main] ERROR com.Utility.Log.Log(line-54)  - 签证指定产品详情页，立即预定按钮定位失败
  2016-11-07-20:12:13 [main] ERROR com.Utility.Log.Log(line-54)  - 签证创建订单页面，旅客姓名定位失败
  2016-11-07-20:12:13 [main] ERROR com.Utility.Log.Log(line-54)  - 签证创建订单页面，旅客证件号定位失败
  2016-11-07-20:12:13 [main] ERROR com.Utility.Log.Log(line-54)  - 签证创建订单页面，旅客手机号定位失败
  2016-11-07-20:12:13 [main] ERROR com.Utility.Log.Log(line-54)  - 签证创建订单页面，旅客姓名定位失败
  2016-11-07-20:12:13 [main] ERROR com.Utility.Log.Log(line-54)  - 签证创建订单页面，旅客证件号定位失败
  2016-11-07-20:12:13 [main] ERROR com.Utility.Log.Log(line-54)  - 签证创建订单页面，旅客手机号定位失败
  2016-11-07-20:12:13 [main] ERROR com.Utility.Log.Log(line-54)  - 签证创建订单页面，自取按钮定位失败
  2016-11-07-20:12:13 [main] ERROR com.Utility.Log.Log(line-54)  - 签证创建订单页面，提交订单按钮定位失败
  2016-11-07-20:13:30 [main] ERROR com.Utility.Log.Log(line-54)  - 签证指定产品详情页，立即预定按钮定位失败
  2016-11-07-20:13:30 [main] ERROR com.Utility.Log.Log(line-54)  - 签证创建订单页面，旅客姓名定位失败
  2016-11-07-20:13:30 [main] ERROR com.Utility.Log.Log(line-54)  - 签证创建订单页面，旅客证件号定位失败
  2016-11-07-20:13:30 [main] ERROR com.Utility.Log.Log(line-54)  - 签证创建订单页面，旅客手机号定位失败
  2016-11-07-20:13:30 [main] ERROR com.Utility.Log.Log(line-54)  - 签证创建订单页面，旅客姓名定位失败
  2016-11-07-20:13:30 [main] ERROR com.Utility.Log.Log(line-54)  - 签证创建订单页面，旅客证件号定位失败
  2016-11-07-20:13:30 [main] ERROR com.Utility.Log.Log(line-54)  - 签证创建订单页面，旅客手机号定位失败
  2016-11-07-20:13:30 [main] ERROR com.Utility.Log.Log(line-54)  - 签证创建订单页面，自取按钮定位失败
  2016-11-07-20:13:30 [main] ERROR com.Utility.Log.Log(line-54)  - 签证创建订单页面，提交订单按钮定位失败
  2016-11-07-20:41:20 [main] ERROR com.Utility.Log.Log(line-54)  - 签证指定产品详情页，立即预定按钮定位失败
  2016-11-07-20:41:20 [main] ERROR com.Utility.Log.Log(line-54)  - 签证创建订单页面，旅客姓名定位失败
  2016-11-07-20:41:20 [main] ERROR com.Utility.Log.Log(line-54)  - 签证创建订单页面，旅客证件号定位失败
  2016-11-07-20:41:20 [main] ERROR com.Utility.Log.Log(line-54)  - 签证创建订单页面，旅客手机号定位失败
  2016-11-07-20:41:20 [main] ERROR com.Utility.Log.Log(line-54)  - 签证创建订单页面，旅客姓名定位失败
  2016-11-07-20:41:20 [main] ERROR com.Utility.Log.Log(line-54)  - 签证创建订单页面，旅客证件号定位失败
  2016-11-07-20:41:20 [main] ERROR com.Utility.Log.Log(line-54)  - 签证创建订单页面，旅客手机号定位失败
  2016-11-07-20:41:20 [main] ERROR com.Utility.Log.Log(line-54)  - 签证创建订单页面，自取按钮定位失败
  2016-11-07-20:41:20 [main] ERROR com.Utility.Log.Log(line-54)  - 签证创建订单页面，提交订单按钮定位失败
  2016-11-07-20:44:24 [main] ERROR com.Utility.Log.Log(line-54)  - 产品列表框定位失败
  2016-11-07-20:44:25 [main] ERROR com.Utility.Log.Log(line-54)  -  visa  查看详情 is not found in the visa Page.
  2016-11-07-20:44:25 [main] ERROR com.Utility.Log.Log(line-54)  - 签证指定产品详情页，立即预定按钮定位失败
  2016-11-07-20:44:25 [main] ERROR com.Utility.Log.Log(line-54)  - 签证创建订单页面，旅客姓名定位失败
  2016-11-07-20:44:25 [main] ERROR com.Utility.Log.Log(line-54)  - 签证创建订单页面，旅客证件号定位失败
  2016-11-07-20:44:25 [main] ERROR com.Utility.Log.Log(line-54)  - 签证创建订单页面，旅客手机号定位失败
  2016-11-07-20:44:25 [main] ERROR com.Utility.Log.Log(line-54)  - 签证创建订单页面，旅客姓名定位失败
  2016-11-07-20:44:25 [main] ERROR com.Utility.Log.Log(line-54)  - 签证创建订单页面，旅客证件号定位失败
  2016-11-07-20:44:25 [main] ERROR com.Utility.Log.Log(line-54)  - 签证创建订单页面，旅客手机号定位失败
  2016-11-07-20:44:25 [main] ERROR com.Utility.Log.Log(line-54)  - 签证创建订单页面，自取按钮定位失败
  2016-11-07-20:44:25 [main] ERROR com.Utility.Log.Log(line-54)  - 签证创建订单页面，提交订单按钮定位失败
  2016-11-07-20:57:56 [main] ERROR com.Utility.Log.Log(line-54)  - 产品列表框定位失败
  2016-11-07-20:57:56 [main] ERROR com.Utility.Log.Log(line-54)  -  visa  查看详情 is not found in the visa Page.
  2016-11-07-20:57:56 [main] ERROR com.Utility.Log.Log(line-54)  - 签证指定产品详情页，立即预定按钮定位失败
  2016-11-07-20:57:56 [main] ERROR com.Utility.Log.Log(line-54)  - 签证创建订单页面，旅客姓名定位失败
  2016-11-07-20:57:56 [main] ERROR com.Utility.Log.Log(line-54)  - 签证创建订单页面，旅客证件号定位失败
  2016-11-07-20:57:56 [main] ERROR com.Utility.Log.Log(line-54)  - 签证创建订单页面，旅客手机号定位失败
  2016-11-07-20:57:56 [main] ERROR com.Utility.Log.Log(line-54)  - 签证创建订单页面，旅客姓名定位失败
  2016-11-07-20:57:56 [main] ERROR com.Utility.Log.Log(line-54)  - 签证创建订单页面，旅客证件号定位失败
  2016-11-07-20:57:56 [main] ERROR com.Utility.Log.Log(line-54)  - 签证创建订单页面，旅客手机号定位失败
  2016-11-07-20:57:56 [main] ERROR com.Utility.Log.Log(line-54)  - 签证创建订单页面，自取按钮定位失败
  2016-11-07-20:57:56 [main] ERROR com.Utility.Log.Log(line-54)  - 签证创建订单页面，提交订单按钮定位失败
  2016-11-07-20:58:06 [main] ERROR com.Utility.Log.Log(line-54)  - 产品列表框定位失败
  2016-11-07-20:58:06 [main] ERROR com.Utility.Log.Log(line-54)  -  visa  查看详情 is not found in the visa Page.
  2016-11-07-20:58:06 [main] ERROR com.Utility.Log.Log(line-54)  - 签证指定产品详情页，立即预定按钮定位失败
  2016-11-07-20:58:06 [main] ERROR com.Utility.Log.Log(line-54)  - 签证创建订单页面，旅客姓名定位失败
  2016-11-07-20:58:06 [main] ERROR com.Utility.Log.Log(line-54)  - 签证创建订单页面，旅客证件号定位失败
  2016-11-07-20:58:06 [main] ERROR com.Utility.Log.Log(line-54)  - 签证创建订单页面，旅客手机号定位失败
  2016-11-07-20:58:06 [main] ERROR com.Utility.Log.Log(line-54)  - 签证创建订单页面，旅客姓名定位失败
  2016-11-07-20:58:06 [main] ERROR com.Utility.Log.Log(line-54)  - 签证创建订单页面，旅客证件号定位失败
  2016-11-07-20:58:06 [main] ERROR com.Utility.Log.Log(line-54)  - 签证创建订单页面，旅客手机号定位失败
  2016-11-07-20:58:06 [main] ERROR com.Utility.Log.Log(line-54)  - 签证创建订单页面，自取按钮定位失败
  2016-11-07-20:58:06 [main] ERROR com.Utility.Log.Log(line-54)  - 签证创建订单页面，提交订单按钮定位失败
  2016-11-07-21:01:48 [main] ERROR com.Utility.Log.Log(line-54)  - 产品列表框定位失败
  2016-11-07-21:01:48 [main] ERROR com.Utility.Log.Log(line-54)  -  visa  查看详情 is not found in the visa Page.
  2016-11-07-21:01:48 [main] ERROR com.Utility.Log.Log(line-54)  - 签证指定产品详情页，立即预定按钮定位失败
  2016-11-07-21:01:48 [main] ERROR com.Utility.Log.Log(line-54)  - 签证创建订单页面，旅客姓名定位失败
  2016-11-07-21:01:48 [main] ERROR com.Utility.Log.Log(line-54)  - 签证创建订单页面，旅客证件号定位失败
  2016-11-07-21:01:48 [main] ERROR com.Utility.Log.Log(line-54)  - 签证创建订单页面，旅客手机号定位失败
  2016-11-07-21:01:48 [main] ERROR com.Utility.Log.Log(line-54)  - 签证创建订单页面，旅客姓名定位失败
  2016-11-07-21:01:48 [main] ERROR com.Utility.Log.Log(line-54)  - 签证创建订单页面，旅客证件号定位失败
  2016-11-07-21:01:48 [main] ERROR com.Utility.Log.Log(line-54)  - 签证创建订单页面，旅客手机号定位失败
  2016-11-07-21:01:48 [main] ERROR com.Utility.Log.Log(line-54)  - 签证创建订单页面，自取按钮定位失败
  2016-11-07-21:01:48 [main] ERROR com.Utility.Log.Log(line-54)  - 签证创建订单页面，提交订单按钮定位失败
  