2016-11-05-16:39:04 [main] ERROR com.Utility.Log.Log(line-54)  - 签证指定产品详情页，立即预定按钮定位失败
  2016-11-05-16:39:04 [main] ERROR com.Utility.Log.Log(line-54)  - 签证创建订单页面，旅客姓名定位失败
  2016-11-05-16:39:04 [main] ERROR com.Utility.Log.Log(line-54)  - 签证创建订单页面，旅客证件号定位失败
  2016-11-05-16:39:04 [main] ERROR com.Utility.Log.Log(line-54)  - 签证创建订单页面，旅客手机号定位失败
  2016-11-05-16:39:04 [main] ERROR com.Utility.Log.Log(line-54)  - 签证创建订单页面，旅客姓名定位失败
  2016-11-05-16:39:04 [main] ERROR com.Utility.Log.Log(line-54)  - 签证创建订单页面，旅客证件号定位失败
  2016-11-05-16:39:04 [main] ERROR com.Utility.Log.Log(line-54)  - 签证创建订单页面，旅客手机号定位失败
  2016-11-05-16:39:04 [main] ERROR com.Utility.Log.Log(line-54)  - 签证创建订单页面，自取按钮定位失败
  2016-11-05-16:39:04 [main] ERROR com.Utility.Log.Log(line-54)  - 签证创建订单页面，提交订单按钮定位失败
  2016-11-05-16:52:53 [main] ERROR com.Utility.Log.Log(line-54)  - 签证指定产品详情页，立即预定按钮定位失败
  2016-11-05-16:52:54 [main] ERROR com.Utility.Log.Log(line-54)  - 签证创建订单页面，旅客姓名定位失败
  2016-11-05-16:52:54 [main] ERROR com.Utility.Log.Log(line-54)  - 签证创建订单页面，旅客证件号定位失败
  2016-11-05-16:52:54 [main] ERROR com.Utility.Log.Log(line-54)  - 签证创建订单页面，旅客手机号定位失败
  2016-11-05-16:52:54 [main] ERROR com.Utility.Log.Log(line-54)  - 签证创建订单页面，旅客姓名定位失败
  2016-11-05-16:52:54 [main] ERROR com.Utility.Log.Log(line-54)  - 签证创建订单页面，旅客证件号定位失败
  2016-11-05-16:52:54 [main] ERROR com.Utility.Log.Log(line-54)  - 签证创建订单页面，旅客手机号定位失败
  2016-11-05-16:52:54 [main] ERROR com.Utility.Log.Log(line-54)  - 签证创建订单页面，自取按钮定位失败
  2016-11-05-16:52:54 [main] ERROR com.Utility.Log.Log(line-54)  - 签证创建订单页面，提交订单按钮定位失败
  2016-11-05-16:56:43 [main] ERROR com.Utility.Log.Log(line-54)  - 签证指定产品详情页，立即预定按钮定位失败
  2016-11-05-16:56:43 [main] ERROR com.Utility.Log.Log(line-54)  - 签证创建订单页面，旅客姓名定位失败
  2016-11-05-16:56:43 [main] ERROR com.Utility.Log.Log(line-54)  - 签证创建订单页面，旅客证件号定位失败
  2016-11-05-16:56:43 [main] ERROR com.Utility.Log.Log(line-54)  - 签证创建订单页面，旅客手机号定位失败
  2016-11-05-16:56:43 [main] ERROR com.Utility.Log.Log(line-54)  - 签证创建订单页面，旅客姓名定位失败
  2016-11-05-16:56:43 [main] ERROR com.Utility.Log.Log(line-54)  - 签证创建订单页面，旅客证件号定位失败
  2016-11-05-16:56:43 [main] ERROR com.Utility.Log.Log(line-54)  - 签证创建订单页面，旅客手机号定位失败
  2016-11-05-16:56:43 [main] ERROR com.Utility.Log.Log(line-54)  - 签证创建订单页面，自取按钮定位失败
  2016-11-05-16:56:43 [main] ERROR com.Utility.Log.Log(line-54)  - 签证创建订单页面，提交订单按钮定位失败
  2016-11-05-17:49:46 [main] ERROR com.Utility.Log.Log(line-54)  - 签证指定产品详情页，立即预定按钮定位失败
  2016-11-05-17:49:46 [main] ERROR com.Utility.Log.Log(line-54)  - 签证创建订单页面，旅客姓名定位失败
  2016-11-05-17:49:46 [main] ERROR com.Utility.Log.Log(line-54)  - 签证创建订单页面，旅客证件号定位失败
  2016-11-05-17:49:46 [main] ERROR com.Utility.Log.Log(line-54)  - 签证创建订单页面，旅客手机号定位失败
  2016-11-05-17:49:46 [main] ERROR com.Utility.Log.Log(line-54)  - 签证创建订单页面，旅客姓名定位失败
  2016-11-05-17:49:46 [main] ERROR com.Utility.Log.Log(line-54)  - 签证创建订单页面，旅客证件号定位失败
  2016-11-05-17:49:46 [main] ERROR com.Utility.Log.Log(line-54)  - 签证创建订单页面，旅客手机号定位失败
  2016-11-05-17:49:46 [main] ERROR com.Utility.Log.Log(line-54)  - 签证创建订单页面，自取按钮定位失败
  2016-11-05-17:49:46 [main] ERROR com.Utility.Log.Log(line-54)  - 签证创建订单页面，提交订单按钮定位失败
  2016-11-05-17:54:18 [main] ERROR com.Utility.Log.Log(line-54)  - 签证指定产品详情页，立即预定按钮定位失败
  2016-11-05-17:54:18 [main] ERROR com.Utility.Log.Log(line-54)  - 签证创建订单页面，旅客姓名定位失败
  2016-11-05-17:54:18 [main] ERROR com.Utility.Log.Log(line-54)  - 签证创建订单页面，旅客证件号定位失败
  2016-11-05-17:54:18 [main] ERROR com.Utility.Log.Log(line-54)  - 签证创建订单页面，旅客手机号定位失败
  2016-11-05-17:54:18 [main] ERROR com.Utility.Log.Log(line-54)  - 签证创建订单页面，旅客姓名定位失败
  2016-11-05-17:54:18 [main] ERROR com.Utility.Log.Log(line-54)  - 签证创建订单页面，旅客证件号定位失败
  2016-11-05-17:54:18 [main] ERROR com.Utility.Log.Log(line-54)  - 签证创建订单页面，旅客手机号定位失败
  2016-11-05-17:54:18 [main] ERROR com.Utility.Log.Log(line-54)  - 签证创建订单页面，自取按钮定位失败
  2016-11-05-17:54:18 [main] ERROR com.Utility.Log.Log(line-54)  - 签证创建订单页面，提交订单按钮定位失败
  2016-11-05-17:55:51 [main] ERROR com.Utility.Log.Log(line-54)  - 签证指定产品详情页，立即预定按钮定位失败
  2016-11-05-17:55:51 [main] ERROR com.Utility.Log.Log(line-54)  - 签证创建订单页面，旅客姓名定位失败
  2016-11-05-17:55:51 [main] ERROR com.Utility.Log.Log(line-54)  - 签证创建订单页面，旅客证件号定位失败
  2016-11-05-17:55:51 [main] ERROR com.Utility.Log.Log(line-54)  - 签证创建订单页面，旅客手机号定位失败
  2016-11-05-17:55:51 [main] ERROR com.Utility.Log.Log(line-54)  - 签证创建订单页面，旅客姓名定位失败
  2016-11-05-17:55:51 [main] ERROR com.Utility.Log.Log(line-54)  - 签证创建订单页面，旅客证件号定位失败
  2016-11-05-17:55:51 [main] ERROR com.Utility.Log.Log(line-54)  - 签证创建订单页面，旅客手机号定位失败
  2016-11-05-17:55:51 [main] ERROR com.Utility.Log.Log(line-54)  - 签证创建订单页面，自取按钮定位失败
  2016-11-05-17:55:51 [main] ERROR com.Utility.Log.Log(line-54)  - 签证创建订单页面，提交订单按钮定位失败
  2016-11-05-17:58:10 [main] ERROR com.Utility.Log.Log(line-54)  - 签证指定产品详情页，立即预定按钮定位失败
  2016-11-05-17:58:10 [main] ERROR com.Utility.Log.Log(line-54)  - 签证创建订单页面，旅客姓名定位失败
  2016-11-05-17:58:10 [main] ERROR com.Utility.Log.Log(line-54)  - 签证创建订单页面，旅客证件号定位失败
  2016-11-05-17:58:10 [main] ERROR com.Utility.Log.Log(line-54)  - 签证创建订单页面，旅客手机号定位失败
  2016-11-05-17:58:10 [main] ERROR com.Utility.Log.Log(line-54)  - 签证创建订单页面，旅客姓名定位失败
  2016-11-05-17:58:10 [main] ERROR com.Utility.Log.Log(line-54)  - 签证创建订单页面，旅客证件号定位失败
  2016-11-05-17:58:10 [main] ERROR com.Utility.Log.Log(line-54)  - 签证创建订单页面，旅客手机号定位失败
  2016-11-05-17:58:10 [main] ERROR com.Utility.Log.Log(line-54)  - 签证创建订单页面，自取按钮定位失败
  2016-11-05-17:58:10 [main] ERROR com.Utility.Log.Log(line-54)  - 签证创建订单页面，提交订单按钮定位失败
  2016-11-05-18:00:44 [main] ERROR com.Utility.Log.Log(line-54)  - 签证指定产品详情页，立即预定按钮定位失败
  2016-11-05-18:00:44 [main] ERROR com.Utility.Log.Log(line-54)  - 签证创建订单页面，旅客姓名定位失败
  2016-11-05-18:00:44 [main] ERROR com.Utility.Log.Log(line-54)  - 签证创建订单页面，旅客证件号定位失败
  2016-11-05-18:00:44 [main] ERROR com.Utility.Log.Log(line-54)  - 签证创建订单页面，旅客手机号定位失败
  2016-11-05-18:00:44 [main] ERROR com.Utility.Log.Log(line-54)  - 签证创建订单页面，旅客姓名定位失败
  2016-11-05-18:00:44 [main] ERROR com.Utility.Log.Log(line-54)  - 签证创建订单页面，旅客证件号定位失败
  2016-11-05-18:00:44 [main] ERROR com.Utility.Log.Log(line-54)  - 签证创建订单页面，旅客手机号定位失败
  2016-11-05-18:00:44 [main] ERROR com.Utility.Log.Log(line-54)  - 签证创建订单页面，自取按钮定位失败
  2016-11-05-18:00:44 [main] ERROR com.Utility.Log.Log(line-54)  - 签证创建订单页面，提交订单按钮定位失败
  2016-11-05-18:11:20 [main] ERROR com.Utility.Log.Log(line-54)  - 签证指定产品详情页，立即预定按钮定位失败
  2016-11-05-18:11:20 [main] ERROR com.Utility.Log.Log(line-54)  - 签证创建订单页面，旅客姓名定位失败
  2016-11-05-18:11:20 [main] ERROR com.Utility.Log.Log(line-54)  - 签证创建订单页面，旅客证件号定位失败
  2016-11-05-18:11:20 [main] ERROR com.Utility.Log.Log(line-54)  - 签证创建订单页面，旅客手机号定位失败
  2016-11-05-18:11:20 [main] ERROR com.Utility.Log.Log(line-54)  - 签证创建订单页面，旅客姓名定位失败
  2016-11-05-18:11:20 [main] ERROR com.Utility.Log.Log(line-54)  - 签证创建订单页面，旅客证件号定位失败
  2016-11-05-18:11:20 [main] ERROR com.Utility.Log.Log(line-54)  - 签证创建订单页面，旅客手机号定位失败
  2016-11-05-18:11:20 [main] ERROR com.Utility.Log.Log(line-54)  - 签证创建订单页面，自取按钮定位失败
  2016-11-05-18:11:20 [main] ERROR com.Utility.Log.Log(line-54)  - 签证创建订单页面，提交订单按钮定位失败
  2016-11-05-18:27:15 [main] ERROR com.Utility.Log.Log(line-54)  - 签证指定产品详情页，立即预定按钮定位失败
  2016-11-05-18:27:15 [main] ERROR com.Utility.Log.Log(line-54)  - 签证创建订单页面，旅客姓名定位失败
  2016-11-05-18:27:15 [main] ERROR com.Utility.Log.Log(line-54)  - 签证创建订单页面，旅客证件号定位失败
  2016-11-05-18:27:15 [main] ERROR com.Utility.Log.Log(line-54)  - 签证创建订单页面，旅客手机号定位失败
  2016-11-05-18:27:15 [main] ERROR com.Utility.Log.Log(line-54)  - 签证创建订单页面，旅客姓名定位失败
  2016-11-05-18:27:15 [main] ERROR com.Utility.Log.Log(line-54)  - 签证创建订单页面，旅客证件号定位失败
  2016-11-05-18:27:15 [main] ERROR com.Utility.Log.Log(line-54)  - 签证创建订单页面，旅客手机号定位失败
  2016-11-05-18:27:15 [main] ERROR com.Utility.Log.Log(line-54)  - 签证创建订单页面，自取按钮定位失败
  2016-11-05-18:27:15 [main] ERROR com.Utility.Log.Log(line-54)  - 签证创建订单页面，提交订单按钮定位失败
  2016-11-05-19:25:00 [main] ERROR com.Utility.Log.Log(line-54)  - 签证指定产品详情页，立即预定按钮定位失败
  2016-11-05-19:25:00 [main] ERROR com.Utility.Log.Log(line-54)  - 签证创建订单页面，旅客姓名定位失败
  2016-11-05-19:25:00 [main] ERROR com.Utility.Log.Log(line-54)  - 签证创建订单页面，旅客证件号定位失败
  2016-11-05-19:25:00 [main] ERROR com.Utility.Log.Log(line-54)  - 签证创建订单页面，旅客手机号定位失败
  2016-11-05-19:25:00 [main] ERROR com.Utility.Log.Log(line-54)  - 签证创建订单页面，旅客姓名定位失败
  2016-11-05-19:25:00 [main] ERROR com.Utility.Log.Log(line-54)  - 签证创建订单页面，旅客证件号定位失败
  2016-11-05-19:25:00 [main] ERROR com.Utility.Log.Log(line-54)  - 签证创建订单页面，旅客手机号定位失败
  2016-11-05-19:25:00 [main] ERROR com.Utility.Log.Log(line-54)  - 签证创建订单页面，自取按钮定位失败
  2016-11-05-19:25:00 [main] ERROR com.Utility.Log.Log(line-54)  - 签证创建订单页面，提交订单按钮定位失败
  