2016-10-21-12:49:30 [main] ERROR com.Utility.Log.Log(line-54)  - 签证指定产品详情页，归来时间按钮定位失败
  2016-10-21-12:49:55 [main] ERROR com.Utility.Log.Log(line-54)  - 签证指定产品详情页，归来时间按钮定位失败
  2016-10-21-13:02:57 [main] ERROR com.Utility.Log.Log(line-54)  - 签证指定产品详情页，归来时间按钮定位失败
  2016-10-21-13:03:17 [main] ERROR com.Utility.Log.Log(line-54)  - 签证指定产品详情页，归来时间按钮定位失败
  2016-10-21-13:03:27 [main] ERROR com.Utility.Log.Log(line-54)  - 签证指定产品详情页，成人数按钮定位失败
  2016-10-21-13:03:47 [main] ERROR com.Utility.Log.Log(line-54)  - 签证指定产品详情页，儿童数按钮定位失败
  2016-10-21-13:04:07 [main] ERROR com.Utility.Log.Log(line-54)  - 签证指定产品详情页，下一步按钮定位失败
  2016-10-21-17:45:09 [main] ERROR com.Utility.Log.Log(line-54)  - 签证指定产品详情页，归来时间按钮定位失败
  2016-10-21-17:47:38 [main] ERROR com.Utility.Log.Log(line-54)  - 签证指定产品详情页，归来时间按钮定位失败
  2016-10-21-18:04:19 [main] ERROR com.Utility.Log.Log(line-54)  - 签证指定产品详情页，出发时间按钮定位失败
  2016-10-21-18:04:29 [main] ERROR com.Utility.Log.Log(line-54)  - 签证指定产品详情页，归来时间按钮定位失败
  2016-10-21-18:12:04 [main] ERROR com.Utility.Log.Log(line-54)  - 签证指定产品详情页，出发时间按钮定位失败
  2016-10-21-18:12:14 [main] ERROR com.Utility.Log.Log(line-54)  - 签证指定产品详情页，归来时间按钮定位失败
  2016-10-21-18:13:03 [main] ERROR com.Utility.Log.Log(line-54)  - 签证指定产品详情页，归来时间按钮定位失败
  2016-10-21-18:13:38 [main] ERROR com.Utility.Log.Log(line-54)  - 签证指定产品详情页，归来时间按钮定位失败
  2016-10-21-18:13:46 [main] ERROR com.Utility.Log.Log(line-54)  - 签证指定产品详情页，归来时间按钮定位失败
  2016-10-21-18:13:47 [main] ERROR com.Utility.Log.Log(line-54)  - 签证指定产品详情页，出发时间按钮定位失败
  2016-10-21-18:16:10 [main] ERROR com.Utility.Log.Log(line-54)  - 签证指定产品详情页，归来时间按钮定位失败
  2016-10-21-18:16:17 [main] ERROR com.Utility.Log.Log(line-54)  - 签证指定产品详情页，归来时间按钮定位失败
  2016-10-21-18:16:26 [main] ERROR com.Utility.Log.Log(line-54)  - 签证指定产品详情页，归来时间按钮定位失败
  2016-10-21-18:17:25 [main] ERROR com.Utility.Log.Log(line-54)  - 签证指定产品详情页，出发时间按钮定位失败
  2016-10-21-18:17:35 [main] ERROR com.Utility.Log.Log(line-54)  - 签证指定产品详情页，归来时间按钮定位失败
  2016-10-21-18:18:59 [main] ERROR com.Utility.Log.Log(line-54)  - 签证指定产品详情页，出发时间按钮定位失败
  2016-10-21-18:19:09 [main] ERROR com.Utility.Log.Log(line-54)  - 签证指定产品详情页，归来时间按钮定位失败
  2016-10-21-18:26:07 [main] ERROR com.Utility.Log.Log(line-54)  - 签证指定产品详情页，归来时间按钮定位失败
  2016-10-21-19:02:43 [main] ERROR com.Utility.Log.Log(line-54)  - 签证指定产品详情页，归来时间按钮定位失败
  2016-10-21-19:15:23 [main] ERROR com.Utility.Log.Log(line-54)  - 签证指定产品详情页，出发时间按钮定位失败
  2016-10-21-19:17:19 [main] ERROR com.Utility.Log.Log(line-54)  - 签证指定产品详情页，出发时间按钮定位失败
  2016-10-21-20:27:17 [main] ERROR com.Utility.Log.Log(line-54)  - 签证指定产品详情页，归来时间按钮定位失败
  2016-10-21-20:30:24 [main] ERROR com.Utility.Log.Log(line-54)  - 签证指定产品详情页，归来时间按钮定位失败
  2016-10-21-20:32:08 [main] ERROR com.Utility.Log.Log(line-54)  - 签证指定产品详情页，归来时间按钮定位失败
  2016-10-21-20:36:07 [main] ERROR com.Utility.Log.Log(line-54)  - 签证指定产品详情页，归来时间按钮定位失败
  2016-10-21-20:43:17 [main] ERROR com.Utility.Log.Log(line-54)  - 签证指定产品详情页，归来时间按钮定位失败
  2016-10-21-20:43:27 [main] ERROR com.Utility.Log.Log(line-54)  - 签证指定产品详情页，出发时间按钮定位失败
  2016-10-21-20:45:51 [main] ERROR com.Utility.Log.Log(line-54)  - 签证指定产品详情页，出发时间按钮定位失败
  2016-10-21-20:46:02 [main] ERROR com.Utility.Log.Log(line-54)  - 签证指定产品详情页，归来时间按钮定位失败
  2016-10-21-20:51:45 [main] ERROR com.Utility.Log.Log(line-54)  - 签证指定产品详情页，出发时间按钮定位失败
  2016-10-21-20:51:56 [main] ERROR com.Utility.Log.Log(line-54)  - 签证指定产品详情页，归来时间按钮定位失败
  2016-10-21-20:54:14 [main] ERROR com.Utility.Log.Log(line-54)  - 签证指定产品详情页，出发时间按钮定位失败
  2016-10-21-20:54:24 [main] ERROR com.Utility.Log.Log(line-54)  - 签证指定产品详情页，归来时间按钮定位失败
  2016-10-21-20:55:58 [main] ERROR com.Utility.Log.Log(line-54)  - 签证指定产品详情页，归来时间按钮定位失败
  2016-10-21-21:00:17 [main] ERROR com.Utility.Log.Log(line-54)  - 签证指定产品详情页，出发时间按钮定位失败
  2016-10-21-21:00:27 [main] ERROR com.Utility.Log.Log(line-54)  - 签证指定产品详情页，归来时间按钮定位失败
  2016-10-21-21:13:33 [main] ERROR com.Utility.Log.Log(line-54)  - 签证指定产品详情页，出发时间按钮定位失败
  2016-10-21-21:13:43 [main] ERROR com.Utility.Log.Log(line-54)  - 签证指定产品详情页，归来时间按钮定位失败
  2016-10-21-21:22:17 [main] ERROR com.Utility.Log.Log(line-54)  - 签证指定产品详情页，出发时间按钮定位失败
  2016-10-21-21:22:27 [main] ERROR com.Utility.Log.Log(line-54)  - 签证指定产品详情页，归来时间按钮定位失败
  2016-10-21-21:32:15 [main] ERROR com.Utility.Log.Log(line-54)  - 签证指定产品详情页，归来时间按钮定位失败
  2016-10-21-21:33:44 [main] ERROR com.Utility.Log.Log(line-54)  - 签证指定产品详情页，归来时间按钮定位失败
  2016-10-21-21:36:07 [main] ERROR com.Utility.Log.Log(line-54)  - 签证指定产品详情页，归来时间按钮定位失败
  2016-10-21-21:42:00 [main] ERROR com.Utility.Log.Log(line-54)  - 签证指定产品详情页，归来时间按钮定位失败
  2016-10-21-21:46:24 [main] ERROR com.Utility.Log.Log(line-54)  - 签证指定产品详情页，出发时间按钮定位失败
  2016-10-21-21:46:34 [main] ERROR com.Utility.Log.Log(line-54)  - 签证指定产品详情页，归来时间按钮定位失败
  2016-10-23-11:50:59 [main] ERROR com.Utility.Log.Log(line-54)  - 签证指定产品详情页，出发时间按钮定位失败
  2016-10-23-11:54:11 [main] ERROR com.Utility.Log.Log(line-54)  - 签证指定产品详情页，归来时间按钮定位失败
  2016-10-23-12:03:49 [main] ERROR com.Utility.Log.Log(line-54)  - 签证指定产品详情页，下一步按钮定位失败
  