2016-11-15-19:33:03 [main] ERROR com.Utility.Log.Log(line-54)  - 签证指定产品详情页，立即预定按钮定位失败
  2016-11-15-19:33:03 [main] ERROR com.Utility.Log.Log(line-54)  -  旅客信息 is not found in the visa Page.
  2016-11-15-19:42:11 [main] ERROR com.Utility.Log.Log(line-54)  - 签证指定产品详情页，立即预定按钮定位失败
  2016-11-15-19:42:11 [main] ERROR com.Utility.Log.Log(line-54)  -  旅客信息 is not found in the visa Page.
  2016-11-15-19:44:07 [main] ERROR com.Utility.Log.Log(line-54)  - 签证指定产品详情页，立即预定按钮定位失败
  2016-11-15-19:44:07 [main] ERROR com.Utility.Log.Log(line-54)  -  旅客信息 is not found in the visa Page.
  2016-11-15-19:48:22 [main] ERROR com.Utility.Log.Log(line-54)  - 签证指定产品详情页，立即预定按钮定位失败
  2016-11-15-19:48:22 [main] ERROR com.Utility.Log.Log(line-54)  -  旅客信息 is not found in the visa Page.
  2016-11-15-19:49:18 [main] ERROR com.Utility.Log.Log(line-54)  - 签证指定产品详情页，归来时间按钮定位失败
  2016-11-15-19:49:24 [main] ERROR com.Utility.Log.Log(line-54)  - 签证指定产品详情页，儿童数按钮定位失败
  2016-11-15-19:49:35 [main] ERROR com.Utility.Log.Log(line-54)  - 签证创建订单页面，自取按钮定位失败
  2016-11-15-19:53:36 [main] ERROR com.Utility.Log.Log(line-54)  - ********Purchase Visa Menu item is not found on the Wlecome Page********
  2016-11-15-19:53:37 [main] ERROR com.Utility.Log.Log(line-54)  - 产品列表框定位失败
  2016-11-15-19:53:37 [main] ERROR com.Utility.Log.Log(line-54)  - 签证指定产品详情页，立即预定按钮定位失败
  2016-11-15-19:53:37 [main] ERROR com.Utility.Log.Log(line-54)  -  旅客信息 is not found in the visa Page.
  2016-11-15-19:53:37 [main] ERROR com.Utility.Log.Log(line-54)  -  旅客信息 is not found in the visa Page.
  2016-11-15-20:04:19 [main] ERROR com.Utility.Log.Log(line-54)  - 签证指定产品详情页，立即预定按钮定位失败
  2016-11-15-20:04:19 [main] ERROR com.Utility.Log.Log(line-54)  -  旅客信息 is not found in the visa Page.
  2016-11-15-20:08:57 [main] ERROR com.Utility.Log.Log(line-54)  - 签证指定产品详情页，立即预定按钮定位失败
  2016-11-15-20:08:57 [main] ERROR com.Utility.Log.Log(line-54)  -  旅客信息 is not found in the visa Page.
  2016-11-15-20:10:06 [main] ERROR com.Utility.Log.Log(line-54)  - 签证指定产品详情页，立即预定按钮定位失败
  2016-11-15-20:10:06 [main] ERROR com.Utility.Log.Log(line-54)  -  旅客信息 is not found in the visa Page.
  2016-11-15-20:12:46 [main] ERROR com.Utility.Log.Log(line-54)  - 签证指定产品详情页，立即预定按钮定位失败
  2016-11-15-20:12:46 [main] ERROR com.Utility.Log.Log(line-54)  -  旅客信息 is not found in the visa Page.
  2016-11-15-20:15:59 [main] ERROR com.Utility.Log.Log(line-54)  - 签证指定产品详情页，立即预定按钮定位失败
  2016-11-15-20:23:07 [main] ERROR com.Utility.Log.Log(line-54)  - 签证指定产品详情页，立即预定按钮定位失败
  2016-11-15-20:46:08 [main] ERROR com.Utility.Log.Log(line-54)  - 签证指定产品详情页，归来时间按钮定位失败
  2016-11-15-20:46:44 [main] ERROR com.Utility.Log.Log(line-54)  - 签证创建订单页面，自取按钮定位失败
  2016-11-15-20:46:49 [main] ERROR com.Utility.Log.Log(line-54)  - 签证创建订单页面，提交订单按钮定位失败
  2016-11-15-20:53:45 [main] ERROR com.Utility.Log.Log(line-54)  - 签证指定产品详情页，归来时间按钮定位失败
  2016-11-15-20:53:59 [main] ERROR com.Utility.Log.Log(line-54)  - 签证创建订单页面，自取按钮定位失败
  2016-11-15-20:54:04 [main] ERROR com.Utility.Log.Log(line-54)  - 签证创建订单页面，提交订单按钮定位失败
  2016-11-15-20:57:26 [main] ERROR com.Utility.Log.Log(line-54)  - 签证指定产品详情页，归来时间按钮定位失败
  2016-11-15-20:57:37 [main] ERROR com.Utility.Log.Log(line-54)  - 签证创建订单页面，自取按钮定位失败
  2016-11-15-20:57:42 [main] ERROR com.Utility.Log.Log(line-54)  - 签证创建订单页面，提交订单按钮定位失败
  2016-11-15-21:02:21 [main] ERROR com.Utility.Log.Log(line-54)  - 签证指定产品详情页，立即预定按钮定位失败
  2016-11-15-21:02:21 [main] ERROR com.Utility.Log.Log(line-54)  -  旅客信息 is not found in the visa Page.
  2016-11-15-21:06:24 [main] ERROR com.Utility.Log.Log(line-54)  - 签证指定产品详情页，归来时间按钮定位失败
  