2016-10-18-20:01:34 [main] INFO  com.Utility.Log.Log(line-48)  - Purchase UserName text box is found on the Login Page
  2016-10-18-20:01:34 [main] INFO  com.Utility.Log.Log(line-48)  - 输入用户名:yidongrong
  2016-10-18-20:01:34 [main] INFO  com.Utility.Log.Log(line-48)  - Purchase Password text box is found on the Login Page
  2016-10-18-20:01:34 [main] INFO  com.Utility.Log.Log(line-48)  - 输入密码:a111111
  2016-10-18-20:01:34 [main] INFO  com.Utility.Log.Log(line-48)  - Purchase LogIn button is found on the Login Page
  2016-10-18-20:01:34 [main] INFO  com.Utility.Log.Log(line-48)  - 点击登录按钮
  2016-10-18-20:01:34 [main] INFO  com.Utility.Log.Log(line-48)  - Login Successfully, FirefoxDriver: firefox on WINDOWS (baa4070b-c34e-4a7b-9c2b-154a54cd8e18) Entering into HomePage...
  2016-10-18-20:01:37 [main] INFO  com.Utility.Log.Log(line-48)  - Purchase Visa Menu item is found on the Wlecome Page
  2016-10-18-20:01:38 [main] INFO  com.Utility.Log.Log(line-48)  -  Visa menuItem is clicked, now enter into visa page
  2016-10-18-20:01:38 [main] INFO  com.Utility.Log.Log(line-48)  - visa  Productslist found in the visa Page.
  2016-10-18-20:01:40 [main] INFO  com.Utility.Log.Log(line-48)  - visa  Productslist found in the visa Page.
  2016-10-18-20:01:40 [main] INFO  com.Utility.Log.Log(line-48)  - visa  Productslist found in the visa Page.
  2016-10-18-20:01:40 [main] INFO  com.Utility.Log.Log(line-48)  - visa  Productslist found in the visa Page.
  2016-10-18-20:01:40 [main] INFO  com.Utility.Log.Log(line-48)  - visa  Productslist found in the visa Page.
  2016-10-18-20:01:40 [main] INFO  com.Utility.Log.Log(line-48)  - visa  Productslist found in the visa Page.
  2016-10-18-20:01:40 [main] INFO  com.Utility.Log.Log(line-48)  - visa  Productslist found in the visa Page.
  2016-10-18-20:01:41 [main] INFO  com.Utility.Log.Log(line-48)  -  Visaproduct is clicked, now enter into visa product Details page
  2016-10-18-20:01:41 [main] INFO  com.Utility.Log.Log(line-48)  - visa  Productslist found in the visa Page.
  2016-10-18-20:01:41 [main] INFO  com.Utility.Log.Log(line-48)  - visa  Productslist found in the visa Page.
  2016-10-18-20:01:41 [main] INFO  com.Utility.Log.Log(line-48)  - visa  Productslist found in the visa Page.
  2016-10-18-20:01:46 [main] INFO  com.Utility.Log.Log(line-48)  - 签证指定产品详情页，立即预定按钮定位成功
  2016-10-18-20:01:46 [main] INFO  com.Utility.Log.Log(line-48)  - 立即预定按钮点击成功
  2016-10-18-20:01:46 [main] INFO  com.Utility.Log.Log(line-48)  - 签证指定产品详情页，出发时间定位成功
  2016-10-18-20:01:46 [main] INFO  com.Utility.Log.Log(line-48)  - 输入出发时间:2016-11-30
  2016-10-18-20:01:49 [main] ERROR com.Utility.Log.Log(line-54)  - 签证指定产品详情页，归来时间按钮定位失败
  2016-10-18-20:01:50 [main] INFO  com.Utility.Log.Log(line-48)  - Error communicating with the remote browser. It may have died.
Build info: version: '2.53.1', revision: 'a36b8b1', time: '2016-06-30 17:32:46'
System info: host: 'TZ-IT-YiDR', ip: '10.3.21.211', os.name: 'Windows 7', os.arch: 'amd64', os.version: '6.1', java.version: '1.8.0_92'
Driver info: driver.version: RemoteWebDriver
Capabilities [{applicationCacheEnabled=true, rotatable=false, handlesAlerts=true, databaseEnabled=true, version=36.0.4, platform=WINDOWS, nativeEvents=false, acceptSslCerts=true, webStorageEnabled=true, locationContextEnabled=true, browserName=firefox, takesScreenshot=true, javascriptEnabled=true, cssSelectorsEnabled=true}]
Session ID: baa4070b-c34e-4a7b-9c2b-154a54cd8e18
  2016-10-18-20:12:22 [main] INFO  com.Utility.Log.Log(line-48)  - Purchase UserName text box is found on the Login Page
  2016-10-18-20:12:23 [main] INFO  com.Utility.Log.Log(line-48)  - 输入用户名:yidongrong
  2016-10-18-20:13:36 [main] INFO  com.Utility.Log.Log(line-48)  - Purchase UserName text box is found on the Login Page
  2016-10-18-20:13:36 [main] INFO  com.Utility.Log.Log(line-48)  - 输入用户名:yidongrong
  2016-10-18-20:13:36 [main] INFO  com.Utility.Log.Log(line-48)  - Purchase Password text box is found on the Login Page
  2016-10-18-20:13:37 [main] INFO  com.Utility.Log.Log(line-48)  - 输入密码:a111111
  2016-10-18-20:13:37 [main] INFO  com.Utility.Log.Log(line-48)  - Purchase LogIn button is found on the Login Page
  2016-10-18-20:13:37 [main] INFO  com.Utility.Log.Log(line-48)  - 点击登录按钮
  2016-10-18-20:13:37 [main] INFO  com.Utility.Log.Log(line-48)  - Login Successfully, FirefoxDriver: firefox on WINDOWS (c60ebd4e-a261-4b11-9239-82c3cd3e5889) Entering into HomePage...
  2016-10-18-20:13:38 [main] INFO  com.Utility.Log.Log(line-48)  - Purchase Visa Menu item is found on the Wlecome Page
  2016-10-18-20:13:39 [main] INFO  com.Utility.Log.Log(line-48)  -  Visa menuItem is clicked, now enter into visa page
  2016-10-18-20:13:40 [main] INFO  com.Utility.Log.Log(line-48)  - visa  Productslist found in the visa Page.
  2016-10-18-20:13:41 [main] INFO  com.Utility.Log.Log(line-48)  - visa  Productslist found in the visa Page.
  2016-10-18-20:13:41 [main] INFO  com.Utility.Log.Log(line-48)  - visa  Productslist found in the visa Page.
  2016-10-18-20:13:41 [main] INFO  com.Utility.Log.Log(line-48)  - visa  Productslist found in the visa Page.
  2016-10-18-20:13:41 [main] INFO  com.Utility.Log.Log(line-48)  - visa  Productslist found in the visa Page.
  2016-10-18-20:13:41 [main] INFO  com.Utility.Log.Log(line-48)  - visa  Productslist found in the visa Page.
  2016-10-18-20:13:41 [main] INFO  com.Utility.Log.Log(line-48)  - visa  Productslist found in the visa Page.
  2016-10-18-20:13:41 [main] INFO  com.Utility.Log.Log(line-48)  -  Visaproduct is clicked, now enter into visa product Details page
  2016-10-18-20:13:42 [main] INFO  com.Utility.Log.Log(line-48)  - visa  Productslist found in the visa Page.
  2016-10-18-20:13:42 [main] INFO  com.Utility.Log.Log(line-48)  - visa  Productslist found in the visa Page.
  2016-10-18-20:13:42 [main] INFO  com.Utility.Log.Log(line-48)  - visa  Productslist found in the visa Page.
  2016-10-18-20:13:49 [main] INFO  com.Utility.Log.Log(line-48)  - 签证指定产品详情页，立即预定按钮定位成功
  2016-10-18-20:13:49 [main] INFO  com.Utility.Log.Log(line-48)  - 立即预定按钮点击成功
  2016-10-18-20:13:49 [main] INFO  com.Utility.Log.Log(line-48)  - 签证指定产品详情页，出发时间定位成功
  2016-10-18-20:13:49 [main] INFO  com.Utility.Log.Log(line-48)  - 输入出发时间:2016-11-30
  2016-10-18-20:13:53 [main] ERROR com.Utility.Log.Log(line-54)  - 签证指定产品详情页，归来时间按钮定位失败
  2016-10-18-20:13:54 [main] INFO  com.Utility.Log.Log(line-48)  - Error communicating with the remote browser. It may have died.
Build info: version: '2.53.1', revision: 'a36b8b1', time: '2016-06-30 17:32:46'
System info: host: 'TZ-IT-YiDR', ip: '10.3.21.211', os.name: 'Windows 7', os.arch: 'amd64', os.version: '6.1', java.version: '1.8.0_92'
Driver info: driver.version: RemoteWebDriver
Capabilities [{applicationCacheEnabled=true, rotatable=false, handlesAlerts=true, databaseEnabled=true, version=36.0.4, platform=WINDOWS, nativeEvents=false, acceptSslCerts=true, webStorageEnabled=true, locationContextEnabled=true, browserName=firefox, takesScreenshot=true, javascriptEnabled=true, cssSelectorsEnabled=true}]
Session ID: c60ebd4e-a261-4b11-9239-82c3cd3e5889
  2016-10-18-20:14:46 [main] INFO  com.Utility.Log.Log(line-48)  - Purchase UserName text box is found on the Login Page
  2016-10-18-20:14:47 [main] INFO  com.Utility.Log.Log(line-48)  - 输入用户名:yidongrong
  2016-10-18-20:14:47 [main] INFO  com.Utility.Log.Log(line-48)  - Purchase Password text box is found on the Login Page
  2016-10-18-20:14:47 [main] INFO  com.Utility.Log.Log(line-48)  - 输入密码:a111111
  2016-10-18-20:14:47 [main] INFO  com.Utility.Log.Log(line-48)  - Purchase LogIn button is found on the Login Page
  2016-10-18-20:14:47 [main] INFO  com.Utility.Log.Log(line-48)  - 点击登录按钮
  2016-10-18-20:14:47 [main] INFO  com.Utility.Log.Log(line-48)  - Login Successfully, FirefoxDriver: firefox on WINDOWS (fdd24357-be3f-42df-9967-80563a1346f8) Entering into HomePage...
  2016-10-18-20:14:48 [main] INFO  com.Utility.Log.Log(line-48)  - Purchase Visa Menu item is found on the Wlecome Page
  2016-10-18-20:14:49 [main] INFO  com.Utility.Log.Log(line-48)  -  Visa menuItem is clicked, now enter into visa page
  2016-10-18-20:14:49 [main] INFO  com.Utility.Log.Log(line-48)  - visa  Productslist found in the visa Page.
  2016-10-18-20:14:50 [main] INFO  com.Utility.Log.Log(line-48)  - visa  Productslist found in the visa Page.
  2016-10-18-20:14:50 [main] INFO  com.Utility.Log.Log(line-48)  - visa  Productslist found in the visa Page.
  2016-10-18-20:14:50 [main] INFO  com.Utility.Log.Log(line-48)  - visa  Productslist found in the visa Page.
  2016-10-18-20:14:50 [main] INFO  com.Utility.Log.Log(line-48)  - visa  Productslist found in the visa Page.
  2016-10-18-20:14:50 [main] INFO  com.Utility.Log.Log(line-48)  - visa  Productslist found in the visa Page.
  2016-10-18-20:14:50 [main] INFO  com.Utility.Log.Log(line-48)  - visa  Productslist found in the visa Page.
  2016-10-18-20:14:51 [main] INFO  com.Utility.Log.Log(line-48)  -  Visaproduct is clicked, now enter into visa product Details page
  2016-10-18-20:14:51 [main] INFO  com.Utility.Log.Log(line-48)  - visa  Productslist found in the visa Page.
  2016-10-18-20:14:51 [main] INFO  com.Utility.Log.Log(line-48)  - visa  Productslist found in the visa Page.
  2016-10-18-20:14:51 [main] INFO  com.Utility.Log.Log(line-48)  - visa  Productslist found in the visa Page.
  2016-10-18-20:15:30 [main] INFO  com.Utility.Log.Log(line-48)  - Purchase Password text box is found on the Login Page
  2016-10-18-20:15:31 [main] INFO  com.Utility.Log.Log(line-48)  - 输入密码:a111111
  2016-10-18-20:15:36 [main] INFO  com.Utility.Log.Log(line-48)  - Purchase LogIn button is found on the Login Page
  2016-10-18-20:15:36 [main] INFO  com.Utility.Log.Log(line-48)  - 点击登录按钮
  2016-10-18-20:15:49 [main] INFO  com.Utility.Log.Log(line-48)  - Login Successfully, FirefoxDriver: firefox on WINDOWS (0d3e9232-0dc5-4444-a0e1-d2ac42aa57ca) Entering into HomePage...
  2016-10-18-20:15:49 [main] INFO  com.Utility.Log.Log(line-48)  - Purchase Visa Menu item is found on the Wlecome Page
  2016-10-18-20:15:50 [main] INFO  com.Utility.Log.Log(line-48)  -  Visa menuItem is clicked, now enter into visa page
  2016-10-18-20:16:29 [main] INFO  com.Utility.Log.Log(line-48)  - Purchase UserName text box is found on the Login Page
  2016-10-18-20:16:29 [main] INFO  com.Utility.Log.Log(line-48)  - 输入用户名:yidongrong
  2016-10-18-20:16:29 [main] INFO  com.Utility.Log.Log(line-48)  - Purchase Password text box is found on the Login Page
  2016-10-18-20:16:29 [main] INFO  com.Utility.Log.Log(line-48)  - 输入密码:a111111
  2016-10-18-20:16:29 [main] INFO  com.Utility.Log.Log(line-48)  - Purchase LogIn button is found on the Login Page
  2016-10-18-20:16:29 [main] INFO  com.Utility.Log.Log(line-48)  - 点击登录按钮
  2016-10-18-20:16:29 [main] INFO  com.Utility.Log.Log(line-48)  - Login Successfully, FirefoxDriver: firefox on WINDOWS (ae38208b-1317-414a-b325-5ee9fce968e1) Entering into HomePage...
  2016-10-18-20:16:31 [main] INFO  com.Utility.Log.Log(line-48)  - Purchase Visa Menu item is found on the Wlecome Page
  2016-10-18-20:16:33 [main] INFO  com.Utility.Log.Log(line-48)  -  Visa menuItem is clicked, now enter into visa page
  2016-10-18-20:16:45 [main] INFO  com.Utility.Log.Log(line-48)  - visa  Productslist found in the visa Page.
  2016-10-18-20:16:45 [main] INFO  com.Utility.Log.Log(line-48)  - visa  Productslist found in the visa Page.
  2016-10-18-20:16:45 [main] INFO  com.Utility.Log.Log(line-48)  - visa  Productslist found in the visa Page.
  2016-10-18-20:16:45 [main] INFO  com.Utility.Log.Log(line-48)  - visa  Productslist found in the visa Page.
  2016-10-18-20:16:45 [main] INFO  com.Utility.Log.Log(line-48)  - visa  Productslist found in the visa Page.
  2016-10-18-20:16:45 [main] INFO  com.Utility.Log.Log(line-48)  - visa  Productslist found in the visa Page.
  2016-10-18-20:16:45 [main] INFO  com.Utility.Log.Log(line-48)  - visa  Productslist found in the visa Page.
  2016-10-18-20:16:45 [main] INFO  com.Utility.Log.Log(line-48)  -  Visaproduct is clicked, now enter into visa product Details page
  2016-10-18-20:16:45 [main] INFO  com.Utility.Log.Log(line-48)  - visa  Productslist found in the visa Page.
  2016-10-18-20:16:45 [main] INFO  com.Utility.Log.Log(line-48)  - visa  Productslist found in the visa Page.
  2016-10-18-20:16:45 [main] INFO  com.Utility.Log.Log(line-48)  - visa  Productslist found in the visa Page.
  2016-10-18-20:21:05 [main] INFO  com.Utility.Log.Log(line-48)  - Purchase UserName text box is found on the Login Page
  2016-10-18-20:21:06 [main] INFO  com.Utility.Log.Log(line-48)  - 输入用户名:yidongrong
  2016-10-18-20:21:06 [main] INFO  com.Utility.Log.Log(line-48)  - Purchase Password text box is found on the Login Page
  2016-10-18-20:21:06 [main] INFO  com.Utility.Log.Log(line-48)  - 输入密码:a111111
  2016-10-18-20:21:06 [main] INFO  com.Utility.Log.Log(line-48)  - Purchase LogIn button is found on the Login Page
  2016-10-18-20:21:06 [main] INFO  com.Utility.Log.Log(line-48)  - 点击登录按钮
  2016-10-18-20:21:06 [main] INFO  com.Utility.Log.Log(line-48)  - Login Successfully, FirefoxDriver: firefox on WINDOWS (b913bd73-8099-4084-9dd1-26008035632b) Entering into HomePage...
  2016-10-18-20:21:07 [main] INFO  com.Utility.Log.Log(line-48)  - Purchase Visa Menu item is found on the Wlecome Page
  2016-10-18-20:21:09 [main] INFO  com.Utility.Log.Log(line-48)  -  Visa menuItem is clicked, now enter into visa page
  2016-10-18-20:21:10 [main] INFO  com.Utility.Log.Log(line-48)  - visa  Productslist found in the visa Page.
  2016-10-18-20:21:11 [main] INFO  com.Utility.Log.Log(line-48)  - visa  Productslist found in the visa Page.
  2016-10-18-20:21:11 [main] INFO  com.Utility.Log.Log(line-48)  - visa  Productslist found in the visa Page.
  2016-10-18-20:21:11 [main] INFO  com.Utility.Log.Log(line-48)  - visa  Productslist found in the visa Page.
  2016-10-18-20:21:11 [main] INFO  com.Utility.Log.Log(line-48)  - visa  Productslist found in the visa Page.
  2016-10-18-20:21:11 [main] INFO  com.Utility.Log.Log(line-48)  - visa  Productslist found in the visa Page.
  2016-10-18-20:21:11 [main] INFO  com.Utility.Log.Log(line-48)  - visa  Productslist found in the visa Page.
  2016-10-18-20:21:11 [main] INFO  com.Utility.Log.Log(line-48)  -  Visaproduct is clicked, now enter into visa product Details page
  2016-10-18-20:21:11 [main] INFO  com.Utility.Log.Log(line-48)  - visa  Productslist found in the visa Page.
  2016-10-18-20:21:11 [main] INFO  com.Utility.Log.Log(line-48)  - visa  Productslist found in the visa Page.
  2016-10-18-20:21:11 [main] INFO  com.Utility.Log.Log(line-48)  - visa  Productslist found in the visa Page.
  2016-10-18-20:21:46 [main] ERROR com.Utility.Log.Log(line-54)  - 签证指定产品详情页，立即预定按钮定位失败
  2016-10-18-20:21:46 [main] INFO  com.Utility.Log.Log(line-48)  - 
  2016-10-18-20:22:53 [main] INFO  com.Utility.Log.Log(line-48)  - Purchase UserName text box is found on the Login Page
  2016-10-18-20:22:53 [main] INFO  com.Utility.Log.Log(line-48)  - 输入用户名:yidongrong
  2016-10-18-20:22:53 [main] INFO  com.Utility.Log.Log(line-48)  - Purchase Password text box is found on the Login Page
  2016-10-18-20:22:53 [main] INFO  com.Utility.Log.Log(line-48)  - 输入密码:a111111
  2016-10-18-20:22:53 [main] INFO  com.Utility.Log.Log(line-48)  - Purchase LogIn button is found on the Login Page
  2016-10-18-20:22:53 [main] INFO  com.Utility.Log.Log(line-48)  - 点击登录按钮
  2016-10-18-20:22:53 [main] INFO  com.Utility.Log.Log(line-48)  - Login Successfully, FirefoxDriver: firefox on WINDOWS (3a3914b8-84df-445d-a74b-45d029ac826e) Entering into HomePage...
  2016-10-18-20:22:54 [main] INFO  com.Utility.Log.Log(line-48)  - Purchase Visa Menu item is found on the Wlecome Page
  2016-10-18-20:22:56 [main] INFO  com.Utility.Log.Log(line-48)  -  Visa menuItem is clicked, now enter into visa page
  2016-10-18-20:23:00 [main] INFO  com.Utility.Log.Log(line-48)  - visa  Productslist found in the visa Page.
  2016-10-18-20:23:00 [main] INFO  com.Utility.Log.Log(line-48)  - visa  Productslist found in the visa Page.
  2016-10-18-20:23:00 [main] INFO  com.Utility.Log.Log(line-48)  - visa  Productslist found in the visa Page.
  2016-10-18-20:23:00 [main] INFO  com.Utility.Log.Log(line-48)  - visa  Productslist found in the visa Page.
  2016-10-18-20:23:00 [main] INFO  com.Utility.Log.Log(line-48)  - visa  Productslist found in the visa Page.
  2016-10-18-20:23:00 [main] INFO  com.Utility.Log.Log(line-48)  - visa  Productslist found in the visa Page.
  2016-10-18-20:23:00 [main] INFO  com.Utility.Log.Log(line-48)  - visa  Productslist found in the visa Page.
  2016-10-18-20:23:00 [main] INFO  com.Utility.Log.Log(line-48)  -  Visaproduct is clicked, now enter into visa product Details page
  2016-10-18-20:23:00 [main] INFO  com.Utility.Log.Log(line-48)  - visa  Productslist found in the visa Page.
  2016-10-18-20:23:01 [main] INFO  com.Utility.Log.Log(line-48)  - visa  Productslist found in the visa Page.
  2016-10-18-20:23:01 [main] INFO  com.Utility.Log.Log(line-48)  - visa  Productslist found in the visa Page.
  2016-10-18-20:23:21 [main] ERROR com.Utility.Log.Log(line-54)  - 签证指定产品详情页，立即预定按钮定位失败
  2016-10-18-20:23:21 [main] INFO  com.Utility.Log.Log(line-48)  - 
  2016-10-18-20:23:31 [main] ERROR com.Utility.Log.Log(line-54)  - 签证指定产品详情页，出发时间按钮定位失败
  2016-10-18-20:23:31 [main] INFO  com.Utility.Log.Log(line-48)  - 
  2016-10-18-20:23:33 [main] ERROR com.Utility.Log.Log(line-54)  - 签证指定产品详情页，归来时间按钮定位失败
  2016-10-18-20:23:33 [main] INFO  com.Utility.Log.Log(line-48)  - 
  2016-10-18-20:23:35 [main] ERROR com.Utility.Log.Log(line-54)  - 签证指定产品详情页，成人数按钮定位失败
  2016-10-18-20:23:35 [main] INFO  com.Utility.Log.Log(line-48)  - 
  2016-10-18-20:23:37 [main] ERROR com.Utility.Log.Log(line-54)  - 签证指定产品详情页，儿童数按钮定位失败
  2016-10-18-20:23:37 [main] INFO  com.Utility.Log.Log(line-48)  - 
  2016-10-18-20:23:39 [main] ERROR com.Utility.Log.Log(line-54)  - 签证指定产品详情页，下一步按钮定位失败
  2016-10-18-20:23:39 [main] INFO  com.Utility.Log.Log(line-48)  - 
  2016-10-18-20:31:11 [main] INFO  com.Utility.Log.Log(line-48)  - Purchase UserName text box is found on the Login Page
  2016-10-18-20:31:11 [main] INFO  com.Utility.Log.Log(line-48)  - 输入用户名:yidongrong
  2016-10-18-20:31:11 [main] INFO  com.Utility.Log.Log(line-48)  - Purchase Password text box is found on the Login Page
  2016-10-18-20:31:11 [main] INFO  com.Utility.Log.Log(line-48)  - 输入密码:a111111
  2016-10-18-20:31:11 [main] INFO  com.Utility.Log.Log(line-48)  - Purchase LogIn button is found on the Login Page
  2016-10-18-20:31:11 [main] INFO  com.Utility.Log.Log(line-48)  - 点击登录按钮
  2016-10-18-20:31:11 [main] INFO  com.Utility.Log.Log(line-48)  - Login Successfully, FirefoxDriver: firefox on WINDOWS (206ae53d-237a-4b35-8394-ebd485f9bd9b) Entering into HomePage...
  2016-10-18-20:31:13 [main] INFO  com.Utility.Log.Log(line-48)  - Purchase Visa Menu item is found on the Wlecome Page
  2016-10-18-20:31:19 [main] INFO  com.Utility.Log.Log(line-48)  -  Visa menuItem is clicked, now enter into visa page
  2016-10-18-20:31:20 [main] INFO  com.Utility.Log.Log(line-48)  - visa  Productslist found in the visa Page.
  2016-10-18-20:31:21 [main] INFO  com.Utility.Log.Log(line-48)  - visa  Productslist found in the visa Page.
  2016-10-18-20:31:21 [main] INFO  com.Utility.Log.Log(line-48)  - visa  Productslist found in the visa Page.
  2016-10-18-20:31:21 [main] INFO  com.Utility.Log.Log(line-48)  - visa  Productslist found in the visa Page.
  2016-10-18-20:31:21 [main] INFO  com.Utility.Log.Log(line-48)  - visa  Productslist found in the visa Page.
  2016-10-18-20:31:21 [main] INFO  com.Utility.Log.Log(line-48)  - visa  Productslist found in the visa Page.
  2016-10-18-20:31:21 [main] INFO  com.Utility.Log.Log(line-48)  - visa  Productslist found in the visa Page.
  2016-10-18-20:31:21 [main] INFO  com.Utility.Log.Log(line-48)  -  Visaproduct is clicked, now enter into visa product Details page
  2016-10-18-20:31:22 [main] INFO  com.Utility.Log.Log(line-48)  - visa  Productslist found in the visa Page.
  2016-10-18-20:31:22 [main] INFO  com.Utility.Log.Log(line-48)  - visa  Productslist found in the visa Page.
  2016-10-18-20:31:22 [main] INFO  com.Utility.Log.Log(line-48)  - visa  Productslist found in the visa Page.
  2016-10-18-20:31:26 [main] INFO  com.Utility.Log.Log(line-48)  - 签证指定产品详情页，立即预定按钮定位成功
  2016-10-18-20:31:26 [main] INFO  com.Utility.Log.Log(line-48)  - 立即预定按钮点击成功
  2016-10-18-20:31:26 [main] INFO  com.Utility.Log.Log(line-48)  - 签证指定产品详情页，出发时间定位成功
  2016-10-18-20:31:26 [main] INFO  com.Utility.Log.Log(line-48)  - 输入出发时间:2016-11-30
  2016-10-18-20:31:28 [main] ERROR com.Utility.Log.Log(line-54)  - 签证指定产品详情页，归来时间按钮定位失败
  2016-10-18-20:31:28 [main] INFO  com.Utility.Log.Log(line-48)  - 输入出发时间:2016-12-03
  2016-10-18-20:31:28 [main] INFO  com.Utility.Log.Log(line-48)  - 签证指定产品详情页，成人数定位成功
  2016-10-18-20:31:28 [main] INFO  com.Utility.Log.Log(line-48)  - 输入成人数:1
  2016-10-18-20:31:29 [main] INFO  com.Utility.Log.Log(line-48)  - 签证指定产品详情页，儿童数定位成功
  2016-10-18-20:31:29 [main] INFO  com.Utility.Log.Log(line-48)  - 输入儿童数:1
  2016-10-18-20:31:29 [main] INFO  com.Utility.Log.Log(line-48)  - 签证指定产品详情页，下一步定位成功
  2016-10-18-20:31:29 [main] INFO  com.Utility.Log.Log(line-48)  - 点击签证下一步按钮成功
  2016-10-18-20:32:15 [main] INFO  com.Utility.Log.Log(line-48)  - Purchase UserName text box is found on the Login Page
  2016-10-18-20:32:15 [main] INFO  com.Utility.Log.Log(line-48)  - 输入用户名:yidongrong
  2016-10-18-20:32:15 [main] INFO  com.Utility.Log.Log(line-48)  - Purchase Password text box is found on the Login Page
  2016-10-18-20:32:15 [main] INFO  com.Utility.Log.Log(line-48)  - 输入密码:a111111
  2016-10-18-20:32:15 [main] INFO  com.Utility.Log.Log(line-48)  - Purchase LogIn button is found on the Login Page
  2016-10-18-20:32:15 [main] INFO  com.Utility.Log.Log(line-48)  - 点击登录按钮
  2016-10-18-20:32:15 [main] INFO  com.Utility.Log.Log(line-48)  - Login Successfully, FirefoxDriver: firefox on WINDOWS (41cefcf1-559d-41f6-8db9-4044f551d194) Entering into HomePage...
  2016-10-18-20:32:16 [main] INFO  com.Utility.Log.Log(line-48)  - Purchase Visa Menu item is found on the Wlecome Page
  2016-10-18-20:32:20 [main] INFO  com.Utility.Log.Log(line-48)  -  Visa menuItem is clicked, now enter into visa page
  2016-10-18-20:32:20 [main] INFO  com.Utility.Log.Log(line-48)  - visa  Productslist found in the visa Page.
  2016-10-18-20:32:25 [main] INFO  com.Utility.Log.Log(line-48)  - visa  Productslist found in the visa Page.
  2016-10-18-20:32:25 [main] INFO  com.Utility.Log.Log(line-48)  - visa  Productslist found in the visa Page.
  2016-10-18-20:32:25 [main] INFO  com.Utility.Log.Log(line-48)  - visa  Productslist found in the visa Page.
  2016-10-18-20:32:25 [main] INFO  com.Utility.Log.Log(line-48)  - visa  Productslist found in the visa Page.
  2016-10-18-20:32:25 [main] INFO  com.Utility.Log.Log(line-48)  - visa  Productslist found in the visa Page.
  2016-10-18-20:32:25 [main] INFO  com.Utility.Log.Log(line-48)  - visa  Productslist found in the visa Page.
  2016-10-18-20:32:25 [main] INFO  com.Utility.Log.Log(line-48)  -  Visaproduct is clicked, now enter into visa product Details page
  2016-10-18-20:32:25 [main] INFO  com.Utility.Log.Log(line-48)  - visa  Productslist found in the visa Page.
  2016-10-18-20:32:25 [main] INFO  com.Utility.Log.Log(line-48)  - visa  Productslist found in the visa Page.
  2016-10-18-20:32:25 [main] INFO  com.Utility.Log.Log(line-48)  - visa  Productslist found in the visa Page.
  2016-10-18-20:32:31 [main] INFO  com.Utility.Log.Log(line-48)  - 签证指定产品详情页，立即预定按钮定位成功
  2016-10-18-20:32:31 [main] INFO  com.Utility.Log.Log(line-48)  - 立即预定按钮点击成功
  2016-10-18-20:32:31 [main] INFO  com.Utility.Log.Log(line-48)  - 签证指定产品详情页，出发时间定位成功
  2016-10-18-20:32:31 [main] INFO  com.Utility.Log.Log(line-48)  - 输入出发时间:2016-11-30
  2016-10-18-20:32:33 [main] ERROR com.Utility.Log.Log(line-54)  - 签证指定产品详情页，归来时间按钮定位失败
  2016-10-18-20:32:33 [main] INFO  com.Utility.Log.Log(line-48)  - 输入出发时间:2016-12-03
  2016-10-18-20:32:33 [main] INFO  com.Utility.Log.Log(line-48)  - 签证指定产品详情页，成人数定位成功
  2016-10-18-20:32:33 [main] INFO  com.Utility.Log.Log(line-48)  - 输入成人数:1
  2016-10-18-20:32:35 [main] ERROR com.Utility.Log.Log(line-54)  - 签证指定产品详情页，儿童数按钮定位失败
  2016-10-18-20:32:35 [main] INFO  com.Utility.Log.Log(line-48)  - 输入儿童数:1
  2016-10-18-20:32:36 [main] INFO  com.Utility.Log.Log(line-48)  - 签证指定产品详情页，下一步定位成功
  2016-10-18-20:32:36 [main] INFO  com.Utility.Log.Log(line-48)  - 点击签证下一步按钮成功
  2016-10-18-20:36:08 [main] INFO  com.Utility.Log.Log(line-48)  - Purchase UserName text box is found on the Login Page
  2016-10-18-20:36:08 [main] INFO  com.Utility.Log.Log(line-48)  - 输入用户名:yidongrong
  2016-10-18-20:36:08 [main] INFO  com.Utility.Log.Log(line-48)  - Purchase Password text box is found on the Login Page
  2016-10-18-20:36:08 [main] INFO  com.Utility.Log.Log(line-48)  - 输入密码:a111111
  2016-10-18-20:36:08 [main] INFO  com.Utility.Log.Log(line-48)  - Purchase LogIn button is found on the Login Page
  2016-10-18-20:36:08 [main] INFO  com.Utility.Log.Log(line-48)  - 点击登录按钮
  2016-10-18-20:36:09 [main] INFO  com.Utility.Log.Log(line-48)  - Login Successfully, FirefoxDriver: firefox on WINDOWS (05619337-6439-4836-acdc-deaf88bc3933) Entering into HomePage...
  2016-10-18-20:36:10 [main] INFO  com.Utility.Log.Log(line-48)  - Purchase Visa Menu item is found on the Wlecome Page
  2016-10-18-20:36:11 [main] INFO  com.Utility.Log.Log(line-48)  -  Visa menuItem is clicked, now enter into visa page
  2016-10-18-20:36:12 [main] INFO  com.Utility.Log.Log(line-48)  - visa  Productslist found in the visa Page.
  2016-10-18-20:36:12 [main] INFO  com.Utility.Log.Log(line-48)  - visa  Productslist found in the visa Page.
  2016-10-18-20:36:12 [main] INFO  com.Utility.Log.Log(line-48)  - visa  Productslist found in the visa Page.
  2016-10-18-20:36:12 [main] INFO  com.Utility.Log.Log(line-48)  - visa  Productslist found in the visa Page.
  2016-10-18-20:36:12 [main] INFO  com.Utility.Log.Log(line-48)  - visa  Productslist found in the visa Page.
  2016-10-18-20:36:12 [main] INFO  com.Utility.Log.Log(line-48)  - visa  Productslist found in the visa Page.
  2016-10-18-20:36:12 [main] INFO  com.Utility.Log.Log(line-48)  - visa  Productslist found in the visa Page.
  2016-10-18-20:36:13 [main] INFO  com.Utility.Log.Log(line-48)  -  Visaproduct is clicked, now enter into visa product Details page
  2016-10-18-20:36:13 [main] INFO  com.Utility.Log.Log(line-48)  - visa  Productslist found in the visa Page.
  2016-10-18-20:36:13 [main] INFO  com.Utility.Log.Log(line-48)  - visa  Productslist found in the visa Page.
  2016-10-18-20:36:13 [main] INFO  com.Utility.Log.Log(line-48)  - visa  Productslist found in the visa Page.
  2016-10-18-20:36:17 [main] INFO  com.Utility.Log.Log(line-48)  - 签证指定产品详情页，立即预定按钮定位成功
  2016-10-18-20:36:17 [main] INFO  com.Utility.Log.Log(line-48)  - 立即预定按钮点击成功
  2016-10-18-20:36:17 [main] INFO  com.Utility.Log.Log(line-48)  - 签证指定产品详情页，出发时间定位成功
  2016-10-18-20:36:17 [main] INFO  com.Utility.Log.Log(line-48)  - 输入出发时间:2016-11-30
  2016-10-18-20:36:19 [main] ERROR com.Utility.Log.Log(line-54)  - 签证指定产品详情页，归来时间按钮定位失败
  2016-10-18-20:36:19 [main] INFO  com.Utility.Log.Log(line-48)  - 输入出发时间:2016-12-03
  2016-10-18-20:36:19 [main] INFO  com.Utility.Log.Log(line-48)  - 签证指定产品详情页，成人数定位成功
  2016-10-18-20:36:19 [main] INFO  com.Utility.Log.Log(line-48)  - 输入成人数:1
  2016-10-18-20:36:21 [main] INFO  com.Utility.Log.Log(line-48)  - 签证指定产品详情页，儿童数定位成功
  2016-10-18-20:36:21 [main] INFO  com.Utility.Log.Log(line-48)  - 输入儿童数:1
  2016-10-18-20:36:21 [main] INFO  com.Utility.Log.Log(line-48)  - 签证指定产品详情页，下一步定位成功
  2016-10-18-20:36:21 [main] INFO  com.Utility.Log.Log(line-48)  - 点击签证下一步按钮成功
  2016-10-18-20:37:29 [main] INFO  com.Utility.Log.Log(line-48)  - Purchase UserName text box is found on the Login Page
  2016-10-18-20:37:29 [main] INFO  com.Utility.Log.Log(line-48)  - 输入用户名:yidongrong
  2016-10-18-20:37:29 [main] INFO  com.Utility.Log.Log(line-48)  - Purchase Password text box is found on the Login Page
  2016-10-18-20:37:30 [main] INFO  com.Utility.Log.Log(line-48)  - 输入密码:a111111
  2016-10-18-20:37:30 [main] INFO  com.Utility.Log.Log(line-48)  - Purchase LogIn button is found on the Login Page
  2016-10-18-20:37:30 [main] INFO  com.Utility.Log.Log(line-48)  - 点击登录按钮
  2016-10-18-20:37:30 [main] INFO  com.Utility.Log.Log(line-48)  - Login Successfully, FirefoxDriver: firefox on WINDOWS (de97ccaa-0bda-4a5a-8651-2d9b3f5e55ac) Entering into HomePage...
  2016-10-18-20:37:31 [main] INFO  com.Utility.Log.Log(line-48)  - Purchase Visa Menu item is found on the Wlecome Page
  2016-10-18-20:37:33 [main] INFO  com.Utility.Log.Log(line-48)  -  Visa menuItem is clicked, now enter into visa page
  2016-10-18-20:37:35 [main] INFO  com.Utility.Log.Log(line-48)  - visa  Productslist found in the visa Page.
  2016-10-18-20:37:36 [main] INFO  com.Utility.Log.Log(line-48)  - visa  Productslist found in the visa Page.
  2016-10-18-20:37:36 [main] INFO  com.Utility.Log.Log(line-48)  - visa  Productslist found in the visa Page.
  2016-10-18-20:37:36 [main] INFO  com.Utility.Log.Log(line-48)  - visa  Productslist found in the visa Page.
  2016-10-18-20:37:36 [main] INFO  com.Utility.Log.Log(line-48)  - visa  Productslist found in the visa Page.
  2016-10-18-20:37:36 [main] INFO  com.Utility.Log.Log(line-48)  - visa  Productslist found in the visa Page.
  2016-10-18-20:37:36 [main] INFO  com.Utility.Log.Log(line-48)  - visa  Productslist found in the visa Page.
  2016-10-18-20:37:36 [main] INFO  com.Utility.Log.Log(line-48)  -  Visaproduct is clicked, now enter into visa product Details page
  2016-10-18-20:37:36 [main] INFO  com.Utility.Log.Log(line-48)  - visa  Productslist found in the visa Page.
  2016-10-18-20:37:36 [main] INFO  com.Utility.Log.Log(line-48)  - visa  Productslist found in the visa Page.
  2016-10-18-20:37:36 [main] INFO  com.Utility.Log.Log(line-48)  - visa  Productslist found in the visa Page.
  2016-10-18-20:37:40 [main] INFO  com.Utility.Log.Log(line-48)  - 签证指定产品详情页，立即预定按钮定位成功
  2016-10-18-20:37:41 [main] INFO  com.Utility.Log.Log(line-48)  - 立即预定按钮点击成功
  2016-10-18-20:37:41 [main] INFO  com.Utility.Log.Log(line-48)  - 签证指定产品详情页，出发时间定位成功
  2016-10-18-20:37:41 [main] INFO  com.Utility.Log.Log(line-48)  - 输入出发时间:2016-11-30
  2016-10-18-20:37:44 [main] INFO  com.Utility.Log.Log(line-48)  - 签证指定产品详情页，归来时间定位成功
  2016-10-18-20:37:54 [main] INFO  com.Utility.Log.Log(line-48)  - Element not found in the cache - perhaps the page has changed since it was looked up
Command duration or timeout: 10.07 seconds
For documentation on this error, please visit: http://seleniumhq.org/exceptions/stale_element_reference.html
Build info: version: '2.53.1', revision: 'a36b8b1', time: '2016-06-30 17:32:46'
System info: host: 'TZ-IT-YiDR', ip: '10.3.21.211', os.name: 'Windows 7', os.arch: 'amd64', os.version: '6.1', java.version: '1.8.0_92'
Driver info: org.openqa.selenium.firefox.FirefoxDriver
Capabilities [{applicationCacheEnabled=true, rotatable=false, handlesAlerts=true, databaseEnabled=true, version=36.0.4, platform=WINDOWS, nativeEvents=false, acceptSslCerts=true, webStorageEnabled=true, locationContextEnabled=true, browserName=firefox, takesScreenshot=true, javascriptEnabled=true, cssSelectorsEnabled=true}]
Session ID: de97ccaa-0bda-4a5a-8651-2d9b3f5e55ac
  2016-10-18-20:37:54 [main] INFO  com.Utility.Log.Log(line-48)  - 签证指定产品详情页，成人数定位成功
  2016-10-18-20:37:54 [main] INFO  com.Utility.Log.Log(line-48)  - 输入成人数:1
  2016-10-18-20:37:54 [main] INFO  com.Utility.Log.Log(line-48)  - 签证指定产品详情页，儿童数定位成功
  2016-10-18-20:37:54 [main] INFO  com.Utility.Log.Log(line-48)  - 输入儿童数:1
  2016-10-18-20:37:54 [main] INFO  com.Utility.Log.Log(line-48)  - 签证指定产品详情页，下一步定位成功
  2016-10-18-20:37:55 [main] INFO  com.Utility.Log.Log(line-48)  - 点击签证下一步按钮成功
  2016-10-18-20:39:34 [main] INFO  com.Utility.Log.Log(line-48)  - Purchase UserName text box is found on the Login Page
  2016-10-18-20:39:34 [main] INFO  com.Utility.Log.Log(line-48)  - 输入用户名:yidongrong
  2016-10-18-20:39:34 [main] INFO  com.Utility.Log.Log(line-48)  - Purchase Password text box is found on the Login Page
  2016-10-18-20:39:34 [main] INFO  com.Utility.Log.Log(line-48)  - 输入密码:a111111
  2016-10-18-20:39:34 [main] INFO  com.Utility.Log.Log(line-48)  - Purchase LogIn button is found on the Login Page
  2016-10-18-20:39:35 [main] INFO  com.Utility.Log.Log(line-48)  - 点击登录按钮
  2016-10-18-20:39:35 [main] INFO  com.Utility.Log.Log(line-48)  - Login Successfully, FirefoxDriver: firefox on WINDOWS (c11f3572-3e88-4152-91e0-a7430e2a0da7) Entering into HomePage...
  2016-10-18-20:39:36 [main] INFO  com.Utility.Log.Log(line-48)  - Purchase Visa Menu item is found on the Wlecome Page
  2016-10-18-20:39:37 [main] INFO  com.Utility.Log.Log(line-48)  -  Visa menuItem is clicked, now enter into visa page
  2016-10-18-20:39:38 [main] INFO  com.Utility.Log.Log(line-48)  - visa  Productslist found in the visa Page.
  2016-10-18-20:39:39 [main] INFO  com.Utility.Log.Log(line-48)  - visa  Productslist found in the visa Page.
  2016-10-18-20:39:39 [main] INFO  com.Utility.Log.Log(line-48)  - visa  Productslist found in the visa Page.
  2016-10-18-20:39:39 [main] INFO  com.Utility.Log.Log(line-48)  - visa  Productslist found in the visa Page.
  2016-10-18-20:39:39 [main] INFO  com.Utility.Log.Log(line-48)  - visa  Productslist found in the visa Page.
  2016-10-18-20:39:39 [main] INFO  com.Utility.Log.Log(line-48)  - visa  Productslist found in the visa Page.
  2016-10-18-20:39:39 [main] INFO  com.Utility.Log.Log(line-48)  - visa  Productslist found in the visa Page.
  2016-10-18-20:39:39 [main] INFO  com.Utility.Log.Log(line-48)  -  Visaproduct is clicked, now enter into visa product Details page
  2016-10-18-20:39:39 [main] INFO  com.Utility.Log.Log(line-48)  - visa  Productslist found in the visa Page.
  2016-10-18-20:39:39 [main] INFO  com.Utility.Log.Log(line-48)  - visa  Productslist found in the visa Page.
  2016-10-18-20:39:39 [main] INFO  com.Utility.Log.Log(line-48)  - visa  Productslist found in the visa Page.
  2016-10-18-20:39:44 [main] INFO  com.Utility.Log.Log(line-48)  - 签证指定产品详情页，立即预定按钮定位成功
  2016-10-18-20:39:44 [main] INFO  com.Utility.Log.Log(line-48)  - 立即预定按钮点击成功
  2016-10-18-20:39:44 [main] INFO  com.Utility.Log.Log(line-48)  - 签证指定产品详情页，出发时间定位成功
  2016-10-18-20:39:44 [main] INFO  com.Utility.Log.Log(line-48)  - 输入出发时间:2016-11-30
  2016-10-18-20:39:52 [main] INFO  com.Utility.Log.Log(line-48)  - 签证指定产品详情页，归来时间定位成功
  2016-10-18-20:40:02 [main] INFO  com.Utility.Log.Log(line-48)  - Element not found in the cache - perhaps the page has changed since it was looked up
Command duration or timeout: 10.06 seconds
For documentation on this error, please visit: http://seleniumhq.org/exceptions/stale_element_reference.html
Build info: version: '2.53.1', revision: 'a36b8b1', time: '2016-06-30 17:32:46'
System info: host: 'TZ-IT-YiDR', ip: '10.3.21.211', os.name: 'Windows 7', os.arch: 'amd64', os.version: '6.1', java.version: '1.8.0_92'
Driver info: org.openqa.selenium.firefox.FirefoxDriver
Capabilities [{applicationCacheEnabled=true, rotatable=false, handlesAlerts=true, databaseEnabled=true, version=36.0.4, platform=WINDOWS, nativeEvents=false, acceptSslCerts=true, webStorageEnabled=true, locationContextEnabled=true, browserName=firefox, takesScreenshot=true, javascriptEnabled=true, cssSelectorsEnabled=true}]
Session ID: c11f3572-3e88-4152-91e0-a7430e2a0da7
  2016-10-18-20:40:03 [main] INFO  com.Utility.Log.Log(line-48)  - 签证指定产品详情页，成人数定位成功
  2016-10-18-20:40:03 [main] INFO  com.Utility.Log.Log(line-48)  - 输入成人数:1
  2016-10-18-20:40:03 [main] INFO  com.Utility.Log.Log(line-48)  - 签证指定产品详情页，儿童数定位成功
  2016-10-18-20:40:03 [main] INFO  com.Utility.Log.Log(line-48)  - 输入儿童数:1
  2016-10-18-20:40:03 [main] INFO  com.Utility.Log.Log(line-48)  - 签证指定产品详情页，下一步定位成功
  2016-10-18-20:40:03 [main] INFO  com.Utility.Log.Log(line-48)  - 点击签证下一步按钮成功
  2016-10-18-20:42:20 [main] INFO  com.Utility.Log.Log(line-48)  - Purchase UserName text box is found on the Login Page
  2016-10-18-20:42:20 [main] INFO  com.Utility.Log.Log(line-48)  - 输入用户名:yidongrong
  2016-10-18-20:42:20 [main] INFO  com.Utility.Log.Log(line-48)  - Purchase Password text box is found on the Login Page
  2016-10-18-20:42:20 [main] INFO  com.Utility.Log.Log(line-48)  - 输入密码:a111111
  2016-10-18-20:42:20 [main] INFO  com.Utility.Log.Log(line-48)  - Purchase LogIn button is found on the Login Page
  2016-10-18-20:42:20 [main] INFO  com.Utility.Log.Log(line-48)  - 点击登录按钮
  2016-10-18-20:42:20 [main] INFO  com.Utility.Log.Log(line-48)  - Login Successfully, FirefoxDriver: firefox on WINDOWS (28c19a73-2ce4-421c-8d22-0846a525e9dd) Entering into HomePage...
  2016-10-18-20:42:21 [main] INFO  com.Utility.Log.Log(line-48)  - Purchase Visa Menu item is found on the Wlecome Page
  2016-10-18-20:42:25 [main] INFO  com.Utility.Log.Log(line-48)  -  Visa menuItem is clicked, now enter into visa page
  2016-10-18-20:42:25 [main] INFO  com.Utility.Log.Log(line-48)  - visa  Productslist found in the visa Page.
  2016-10-18-20:42:26 [main] INFO  com.Utility.Log.Log(line-48)  - visa  Productslist found in the visa Page.
  2016-10-18-20:42:26 [main] INFO  com.Utility.Log.Log(line-48)  - visa  Productslist found in the visa Page.
  2016-10-18-20:42:26 [main] INFO  com.Utility.Log.Log(line-48)  - visa  Productslist found in the visa Page.
  2016-10-18-20:42:26 [main] INFO  com.Utility.Log.Log(line-48)  - visa  Productslist found in the visa Page.
  2016-10-18-20:42:26 [main] INFO  com.Utility.Log.Log(line-48)  - visa  Productslist found in the visa Page.
  2016-10-18-20:42:26 [main] INFO  com.Utility.Log.Log(line-48)  - visa  Productslist found in the visa Page.
  2016-10-18-20:42:27 [main] INFO  com.Utility.Log.Log(line-48)  -  Visaproduct is clicked, now enter into visa product Details page
  2016-10-18-20:42:27 [main] INFO  com.Utility.Log.Log(line-48)  - visa  Productslist found in the visa Page.
  2016-10-18-20:42:27 [main] INFO  com.Utility.Log.Log(line-48)  - visa  Productslist found in the visa Page.
  2016-10-18-20:42:27 [main] INFO  com.Utility.Log.Log(line-48)  - visa  Productslist found in the visa Page.
  2016-10-18-20:42:32 [main] INFO  com.Utility.Log.Log(line-48)  - 签证指定产品详情页，立即预定按钮定位成功
  2016-10-18-20:42:32 [main] INFO  com.Utility.Log.Log(line-48)  - 立即预定按钮点击成功
  2016-10-18-20:42:32 [main] INFO  com.Utility.Log.Log(line-48)  - 签证指定产品详情页，出发时间定位成功
  2016-10-18-20:42:32 [main] INFO  com.Utility.Log.Log(line-48)  - 输入出发时间:2016-11-30
  2016-10-18-20:42:35 [main] INFO  com.Utility.Log.Log(line-48)  - 签证指定产品详情页，归来时间定位成功
  2016-10-18-20:42:50 [main] INFO  com.Utility.Log.Log(line-48)  - Element not found in the cache - perhaps the page has changed since it was looked up
Command duration or timeout: 15.08 seconds
For documentation on this error, please visit: http://seleniumhq.org/exceptions/stale_element_reference.html
Build info: version: '2.53.1', revision: 'a36b8b1', time: '2016-06-30 17:32:46'
System info: host: 'TZ-IT-YiDR', ip: '10.3.21.211', os.name: 'Windows 7', os.arch: 'amd64', os.version: '6.1', java.version: '1.8.0_92'
Driver info: org.openqa.selenium.firefox.FirefoxDriver
Capabilities [{applicationCacheEnabled=true, rotatable=false, handlesAlerts=true, databaseEnabled=true, version=36.0.4, platform=WINDOWS, nativeEvents=false, acceptSslCerts=true, webStorageEnabled=true, locationContextEnabled=true, browserName=firefox, takesScreenshot=true, javascriptEnabled=true, cssSelectorsEnabled=true}]
Session ID: 28c19a73-2ce4-421c-8d22-0846a525e9dd
  2016-10-18-20:42:50 [main] INFO  com.Utility.Log.Log(line-48)  - 签证指定产品详情页，成人数定位成功
  2016-10-18-20:42:50 [main] INFO  com.Utility.Log.Log(line-48)  - 输入成人数:1
  2016-10-18-20:42:50 [main] INFO  com.Utility.Log.Log(line-48)  - 签证指定产品详情页，儿童数定位成功
  2016-10-18-20:42:50 [main] INFO  com.Utility.Log.Log(line-48)  - 输入儿童数:1
  2016-10-18-20:42:50 [main] INFO  com.Utility.Log.Log(line-48)  - 签证指定产品详情页，下一步定位成功
  2016-10-18-20:42:51 [main] INFO  com.Utility.Log.Log(line-48)  - 点击签证下一步按钮成功
  2016-10-18-20:46:15 [main] INFO  com.Utility.Log.Log(line-48)  - Purchase UserName text box is found on the Login Page
  2016-10-18-20:46:15 [main] INFO  com.Utility.Log.Log(line-48)  - 输入用户名:yidongrong
  2016-10-18-20:46:15 [main] INFO  com.Utility.Log.Log(line-48)  - Purchase Password text box is found on the Login Page
  2016-10-18-20:46:15 [main] INFO  com.Utility.Log.Log(line-48)  - 输入密码:a111111
  2016-10-18-20:46:15 [main] INFO  com.Utility.Log.Log(line-48)  - Purchase LogIn button is found on the Login Page
  2016-10-18-20:46:15 [main] INFO  com.Utility.Log.Log(line-48)  - 点击登录按钮
  2016-10-18-20:46:15 [main] INFO  com.Utility.Log.Log(line-48)  - Login Successfully, FirefoxDriver: firefox on WINDOWS (d8369cc7-7366-4e8b-863f-41fd5c652976) Entering into HomePage...
  2016-10-18-20:46:17 [main] INFO  com.Utility.Log.Log(line-48)  - Purchase Visa Menu item is found on the Wlecome Page
  2016-10-18-20:46:18 [main] INFO  com.Utility.Log.Log(line-48)  -  Visa menuItem is clicked, now enter into visa page
  2016-10-18-20:46:19 [main] INFO  com.Utility.Log.Log(line-48)  - visa  Productslist found in the visa Page.
  2016-10-18-20:46:20 [main] INFO  com.Utility.Log.Log(line-48)  - visa  Productslist found in the visa Page.
  2016-10-18-20:46:20 [main] INFO  com.Utility.Log.Log(line-48)  - visa  Productslist found in the visa Page.
  2016-10-18-20:46:20 [main] INFO  com.Utility.Log.Log(line-48)  - visa  Productslist found in the visa Page.
  2016-10-18-20:46:20 [main] INFO  com.Utility.Log.Log(line-48)  - visa  Productslist found in the visa Page.
  2016-10-18-20:46:20 [main] INFO  com.Utility.Log.Log(line-48)  - visa  Productslist found in the visa Page.
  2016-10-18-20:46:20 [main] INFO  com.Utility.Log.Log(line-48)  - visa  Productslist found in the visa Page.
  2016-10-18-20:46:21 [main] INFO  com.Utility.Log.Log(line-48)  -  Visaproduct is clicked, now enter into visa product Details page
  2016-10-18-20:46:21 [main] INFO  com.Utility.Log.Log(line-48)  - visa  Productslist found in the visa Page.
  2016-10-18-20:46:21 [main] INFO  com.Utility.Log.Log(line-48)  - visa  Productslist found in the visa Page.
  2016-10-18-20:46:21 [main] INFO  com.Utility.Log.Log(line-48)  - visa  Productslist found in the visa Page.
  2016-10-18-20:46:28 [main] INFO  com.Utility.Log.Log(line-48)  - 签证指定产品详情页，立即预定按钮定位成功
  2016-10-18-20:46:28 [main] INFO  com.Utility.Log.Log(line-48)  - 立即预定按钮点击成功
  2016-10-18-20:46:28 [main] INFO  com.Utility.Log.Log(line-48)  - 签证指定产品详情页，出发时间定位成功
  2016-10-18-20:46:28 [main] INFO  com.Utility.Log.Log(line-48)  - 输入出发时间:2016-11-30
  2016-10-18-20:46:33 [main] INFO  com.Utility.Log.Log(line-48)  - 签证指定产品详情页，归来时间定位成功
  2016-10-18-20:46:48 [main] INFO  com.Utility.Log.Log(line-48)  - Element not found in the cache - perhaps the page has changed since it was looked up
Command duration or timeout: 15.04 seconds
For documentation on this error, please visit: http://seleniumhq.org/exceptions/stale_element_reference.html
Build info: version: '2.53.1', revision: 'a36b8b1', time: '2016-06-30 17:32:46'
System info: host: 'TZ-IT-YiDR', ip: '10.3.21.211', os.name: 'Windows 7', os.arch: 'amd64', os.version: '6.1', java.version: '1.8.0_92'
Driver info: org.openqa.selenium.firefox.FirefoxDriver
Capabilities [{applicationCacheEnabled=true, rotatable=false, handlesAlerts=true, databaseEnabled=true, version=36.0.4, platform=WINDOWS, nativeEvents=false, acceptSslCerts=true, webStorageEnabled=true, locationContextEnabled=true, browserName=firefox, takesScreenshot=true, javascriptEnabled=true, cssSelectorsEnabled=true}]
Session ID: d8369cc7-7366-4e8b-863f-41fd5c652976
  2016-10-18-20:46:48 [main] INFO  com.Utility.Log.Log(line-48)  - 签证指定产品详情页，成人数定位成功
  2016-10-18-20:46:48 [main] INFO  com.Utility.Log.Log(line-48)  - 输入成人数:1
  2016-10-18-20:46:48 [main] INFO  com.Utility.Log.Log(line-48)  - 签证指定产品详情页，儿童数定位成功
  2016-10-18-20:46:48 [main] INFO  com.Utility.Log.Log(line-48)  - 输入儿童数:1
  2016-10-18-20:46:48 [main] INFO  com.Utility.Log.Log(line-48)  - 签证指定产品详情页，下一步定位成功
  2016-10-18-20:46:48 [main] INFO  com.Utility.Log.Log(line-48)  - 点击签证下一步按钮成功
  2016-10-18-20:51:56 [main] INFO  com.Utility.Log.Log(line-48)  - Purchase UserName text box is found on the Login Page
  2016-10-18-20:51:56 [main] INFO  com.Utility.Log.Log(line-48)  - 输入用户名:yidongrong
  2016-10-18-20:51:56 [main] INFO  com.Utility.Log.Log(line-48)  - Purchase Password text box is found on the Login Page
  2016-10-18-20:51:56 [main] INFO  com.Utility.Log.Log(line-48)  - 输入密码:a111111
  2016-10-18-20:51:56 [main] INFO  com.Utility.Log.Log(line-48)  - Purchase LogIn button is found on the Login Page
  2016-10-18-20:51:56 [main] INFO  com.Utility.Log.Log(line-48)  - 点击登录按钮
  2016-10-18-20:51:56 [main] INFO  com.Utility.Log.Log(line-48)  - Login Successfully, FirefoxDriver: firefox on WINDOWS (95fcbd5e-f540-490e-852f-e71a08526429) Entering into HomePage...
  2016-10-18-20:51:58 [main] INFO  com.Utility.Log.Log(line-48)  - Purchase Visa Menu item is found on the Wlecome Page
  2016-10-18-20:51:59 [main] INFO  com.Utility.Log.Log(line-48)  -  Visa menuItem is clicked, now enter into visa page
  2016-10-18-20:51:59 [main] INFO  com.Utility.Log.Log(line-48)  - visa  Productslist found in the visa Page.
  2016-10-18-20:52:00 [main] INFO  com.Utility.Log.Log(line-48)  - visa  Productslist found in the visa Page.
  2016-10-18-20:52:00 [main] INFO  com.Utility.Log.Log(line-48)  - visa  Productslist found in the visa Page.
  2016-10-18-20:52:00 [main] INFO  com.Utility.Log.Log(line-48)  - visa  Productslist found in the visa Page.
  2016-10-18-20:52:00 [main] INFO  com.Utility.Log.Log(line-48)  - visa  Productslist found in the visa Page.
  2016-10-18-20:52:00 [main] INFO  com.Utility.Log.Log(line-48)  - visa  Productslist found in the visa Page.
  2016-10-18-20:52:00 [main] INFO  com.Utility.Log.Log(line-48)  - visa  Productslist found in the visa Page.
  2016-10-18-20:52:00 [main] INFO  com.Utility.Log.Log(line-48)  -  Visaproduct is clicked, now enter into visa product Details page
  2016-10-18-20:52:00 [main] INFO  com.Utility.Log.Log(line-48)  - visa  Productslist found in the visa Page.
  2016-10-18-20:52:00 [main] INFO  com.Utility.Log.Log(line-48)  - visa  Productslist found in the visa Page.
  2016-10-18-20:52:00 [main] INFO  com.Utility.Log.Log(line-48)  - visa  Productslist found in the visa Page.
  2016-10-18-20:52:05 [main] INFO  com.Utility.Log.Log(line-48)  - 签证指定产品详情页，立即预定按钮定位成功
  2016-10-18-20:52:06 [main] INFO  com.Utility.Log.Log(line-48)  - 立即预定按钮点击成功
  2016-10-18-20:52:06 [main] INFO  com.Utility.Log.Log(line-48)  - 签证指定产品详情页，出发时间定位成功
  2016-10-18-20:52:06 [main] INFO  com.Utility.Log.Log(line-48)  - 输入出发时间:2016-11-30
  2016-10-18-20:52:09 [main] INFO  com.Utility.Log.Log(line-48)  - 签证指定产品详情页，归来时间定位成功
  2016-10-18-20:52:24 [main] INFO  com.Utility.Log.Log(line-48)  - Element not found in the cache - perhaps the page has changed since it was looked up
Command duration or timeout: 15.11 seconds
For documentation on this error, please visit: http://seleniumhq.org/exceptions/stale_element_reference.html
Build info: version: '2.53.1', revision: 'a36b8b1', time: '2016-06-30 17:32:46'
System info: host: 'TZ-IT-YiDR', ip: '10.3.21.211', os.name: 'Windows 7', os.arch: 'amd64', os.version: '6.1', java.version: '1.8.0_92'
Driver info: org.openqa.selenium.firefox.FirefoxDriver
Capabilities [{applicationCacheEnabled=true, rotatable=false, handlesAlerts=true, databaseEnabled=true, version=36.0.4, platform=WINDOWS, nativeEvents=false, acceptSslCerts=true, webStorageEnabled=true, locationContextEnabled=true, browserName=firefox, takesScreenshot=true, javascriptEnabled=true, cssSelectorsEnabled=true}]
Session ID: 95fcbd5e-f540-490e-852f-e71a08526429
  2016-10-18-20:52:24 [main] INFO  com.Utility.Log.Log(line-48)  - 签证指定产品详情页，成人数定位成功
  2016-10-18-20:52:24 [main] INFO  com.Utility.Log.Log(line-48)  - 输入成人数:1
  2016-10-18-20:52:24 [main] INFO  com.Utility.Log.Log(line-48)  - 签证指定产品详情页，儿童数定位成功
  2016-10-18-20:52:24 [main] INFO  com.Utility.Log.Log(line-48)  - 输入儿童数:1
  2016-10-18-20:52:24 [main] INFO  com.Utility.Log.Log(line-48)  - 签证指定产品详情页，下一步定位成功
  2016-10-18-20:52:24 [main] INFO  com.Utility.Log.Log(line-48)  - 点击签证下一步按钮成功
  2016-10-18-21:02:41 [main] INFO  com.Utility.Log.Log(line-48)  - Purchase UserName text box is found on the Login Page
  2016-10-18-21:02:41 [main] INFO  com.Utility.Log.Log(line-48)  - 输入用户名:yidongrong
  2016-10-18-21:02:41 [main] INFO  com.Utility.Log.Log(line-48)  - Purchase Password text box is found on the Login Page
  2016-10-18-21:02:41 [main] INFO  com.Utility.Log.Log(line-48)  - 输入密码:a111111
  2016-10-18-21:02:41 [main] INFO  com.Utility.Log.Log(line-48)  - Purchase LogIn button is found on the Login Page
  2016-10-18-21:02:41 [main] INFO  com.Utility.Log.Log(line-48)  - 点击登录按钮
  2016-10-18-21:02:41 [main] INFO  com.Utility.Log.Log(line-48)  - Login Successfully, FirefoxDriver: firefox on WINDOWS (a6fd68cf-dc87-4979-ac6b-e8e67a346598) Entering into HomePage...
  2016-10-18-21:02:42 [main] INFO  com.Utility.Log.Log(line-48)  - Purchase Visa Menu item is found on the Wlecome Page
  2016-10-18-21:02:44 [main] INFO  com.Utility.Log.Log(line-48)  -  Visa menuItem is clicked, now enter into visa page
  2016-10-18-21:02:45 [main] INFO  com.Utility.Log.Log(line-48)  - visa  Productslist found in the visa Page.
  2016-10-18-21:02:45 [main] INFO  com.Utility.Log.Log(line-48)  - visa  Productslist found in the visa Page.
  2016-10-18-21:02:45 [main] INFO  com.Utility.Log.Log(line-48)  - visa  Productslist found in the visa Page.
  2016-10-18-21:02:45 [main] INFO  com.Utility.Log.Log(line-48)  - visa  Productslist found in the visa Page.
  2016-10-18-21:02:46 [main] INFO  com.Utility.Log.Log(line-48)  - visa  Productslist found in the visa Page.
  2016-10-18-21:02:46 [main] INFO  com.Utility.Log.Log(line-48)  - visa  Productslist found in the visa Page.
  2016-10-18-21:02:46 [main] INFO  com.Utility.Log.Log(line-48)  - visa  Productslist found in the visa Page.
  2016-10-18-21:02:46 [main] INFO  com.Utility.Log.Log(line-48)  -  Visaproduct is clicked, now enter into visa product Details page
  2016-10-18-21:02:46 [main] INFO  com.Utility.Log.Log(line-48)  - visa  Productslist found in the visa Page.
  2016-10-18-21:02:46 [main] INFO  com.Utility.Log.Log(line-48)  - visa  Productslist found in the visa Page.
  2016-10-18-21:02:46 [main] INFO  com.Utility.Log.Log(line-48)  - visa  Productslist found in the visa Page.
  2016-10-18-21:02:53 [main] INFO  com.Utility.Log.Log(line-48)  - 签证指定产品详情页，立即预定按钮定位成功
  2016-10-18-21:02:53 [main] INFO  com.Utility.Log.Log(line-48)  - 立即预定按钮点击成功
  2016-10-18-21:02:53 [main] INFO  com.Utility.Log.Log(line-48)  - 签证指定产品详情页，出发时间定位成功
  2016-10-18-21:02:53 [main] INFO  com.Utility.Log.Log(line-48)  - 输入出发时间:2016-11-30
  2016-10-18-21:02:58 [main] INFO  com.Utility.Log.Log(line-48)  - 签证指定产品详情页，归来时间定位成功
  2016-10-18-21:03:13 [main] INFO  com.Utility.Log.Log(line-48)  - Element not found in the cache - perhaps the page has changed since it was looked up
Command duration or timeout: 15.08 seconds
For documentation on this error, please visit: http://seleniumhq.org/exceptions/stale_element_reference.html
Build info: version: '2.53.1', revision: 'a36b8b1', time: '2016-06-30 17:32:46'
System info: host: 'TZ-IT-YiDR', ip: '10.3.21.211', os.name: 'Windows 7', os.arch: 'amd64', os.version: '6.1', java.version: '1.8.0_92'
Driver info: org.openqa.selenium.firefox.FirefoxDriver
Capabilities [{applicationCacheEnabled=true, rotatable=false, handlesAlerts=true, databaseEnabled=true, version=36.0.4, platform=WINDOWS, nativeEvents=false, acceptSslCerts=true, webStorageEnabled=true, locationContextEnabled=true, browserName=firefox, takesScreenshot=true, javascriptEnabled=true, cssSelectorsEnabled=true}]
Session ID: a6fd68cf-dc87-4979-ac6b-e8e67a346598
  2016-10-18-21:03:13 [main] INFO  com.Utility.Log.Log(line-48)  - 签证指定产品详情页，成人数定位成功
  2016-10-18-21:03:13 [main] INFO  com.Utility.Log.Log(line-48)  - 输入成人数:1
  2016-10-18-21:03:13 [main] INFO  com.Utility.Log.Log(line-48)  - 签证指定产品详情页，儿童数定位成功
  2016-10-18-21:03:13 [main] INFO  com.Utility.Log.Log(line-48)  - 输入儿童数:1
  2016-10-18-21:03:13 [main] INFO  com.Utility.Log.Log(line-48)  - 签证指定产品详情页，下一步定位成功
  2016-10-18-21:03:13 [main] INFO  com.Utility.Log.Log(line-48)  - 点击签证下一步按钮成功
  