2016-10-15-18:17:57 [main] ERROR com.Utility.Log.Log(line-54)  - ********采购LogIn button is not found on the Login Page********
  2016-10-15-18:49:50 [main] ERROR com.Utility.Log.Log(line-54)  - ********采购Visa product is not found on the Wlecome Page********
  2016-10-15-18:57:38 [main] ERROR com.Utility.Log.Log(line-54)  - ********采购Visa product is not found on the Wlecome Page********
  2016-10-15-19:02:21 [main] ERROR com.Utility.Log.Log(line-54)  - ********采购Visa product is not found on the Wlecome Page********
  2016-10-16-13:24:39 [main] ERROR com.Utility.Log.Log(line-54)  - hotelNamelist is not found in the HotelSearch Page.
  2016-10-16-18:19:58 [main] ERROR com.Utility.Log.Log(line-54)  - 签证指定产品详情页，出发时间按钮定位失败
  2016-10-16-18:19:58 [main] ERROR com.Utility.Log.Log(line-54)  - 签证指定产品详情页，归来时间按钮定位失败
  2016-10-16-18:19:58 [main] ERROR com.Utility.Log.Log(line-54)  - 签证指定产品详情页，成人数按钮定位失败
  2016-10-16-18:19:58 [main] ERROR com.Utility.Log.Log(line-54)  - 签证指定产品详情页，儿童数按钮定位失败
  2016-10-16-18:23:49 [main] ERROR com.Utility.Log.Log(line-54)  - 签证指定产品详情页，出发时间按钮定位失败
  2016-10-16-18:23:49 [main] ERROR com.Utility.Log.Log(line-54)  - 签证指定产品详情页，归来时间按钮定位失败
  2016-10-16-18:23:49 [main] ERROR com.Utility.Log.Log(line-54)  - 签证指定产品详情页，成人数按钮定位失败
  2016-10-16-18:23:49 [main] ERROR com.Utility.Log.Log(line-54)  - 签证指定产品详情页，儿童数按钮定位失败
  2016-10-16-18:49:18 [main] ERROR com.Utility.Log.Log(line-54)  - 签证指定产品详情页，出发时间按钮定位失败
  2016-10-16-18:49:18 [main] ERROR com.Utility.Log.Log(line-54)  - 签证指定产品详情页，归来时间按钮定位失败
  2016-10-16-18:49:18 [main] ERROR com.Utility.Log.Log(line-54)  - 签证指定产品详情页，成人数按钮定位失败
  2016-10-16-18:49:18 [main] ERROR com.Utility.Log.Log(line-54)  - 签证指定产品详情页，儿童数按钮定位失败
  2016-10-16-19:04:09 [main] ERROR com.Utility.Log.Log(line-54)  - 签证指定产品详情页，出发时间按钮定位失败
  2016-10-16-19:04:09 [main] ERROR com.Utility.Log.Log(line-54)  - 签证指定产品详情页，归来时间按钮定位失败
  2016-10-16-19:04:09 [main] ERROR com.Utility.Log.Log(line-54)  - 签证指定产品详情页，成人数按钮定位失败
  2016-10-16-19:04:09 [main] ERROR com.Utility.Log.Log(line-54)  - 签证指定产品详情页，儿童数按钮定位失败
  2016-10-16-19:06:53 [main] ERROR com.Utility.Log.Log(line-54)  - 签证指定产品详情页，出发时间按钮定位失败
  2016-10-16-19:06:53 [main] ERROR com.Utility.Log.Log(line-54)  - 签证指定产品详情页，归来时间按钮定位失败
  2016-10-16-19:06:57 [main] ERROR com.Utility.Log.Log(line-54)  - 签证指定产品详情页，成人数按钮定位失败
  2016-10-16-19:06:58 [main] ERROR com.Utility.Log.Log(line-54)  - 签证指定产品详情页，儿童数按钮定位失败
  2016-10-16-19:12:28 [main] ERROR com.Utility.Log.Log(line-54)  - 签证指定产品详情页，立即预定按钮定位失败
  2016-10-16-19:12:28 [main] ERROR com.Utility.Log.Log(line-54)  - 签证指定产品详情页，出发时间按钮定位失败
  2016-10-16-19:12:28 [main] ERROR com.Utility.Log.Log(line-54)  - 签证指定产品详情页，归来时间按钮定位失败
  2016-10-16-19:12:32 [main] ERROR com.Utility.Log.Log(line-54)  - 签证指定产品详情页，成人数按钮定位失败
  2016-10-16-19:12:33 [main] ERROR com.Utility.Log.Log(line-54)  - 签证指定产品详情页，儿童数按钮定位失败
  2016-10-16-19:16:07 [main] ERROR com.Utility.Log.Log(line-54)  - 签证指定产品详情页，立即预定按钮定位失败
  2016-10-16-19:16:07 [main] ERROR com.Utility.Log.Log(line-54)  - 签证指定产品详情页，出发时间按钮定位失败
  2016-10-16-19:16:07 [main] ERROR com.Utility.Log.Log(line-54)  - 签证指定产品详情页，归来时间按钮定位失败
  2016-10-16-19:16:11 [main] ERROR com.Utility.Log.Log(line-54)  - 签证指定产品详情页，成人数按钮定位失败
  2016-10-16-19:16:12 [main] ERROR com.Utility.Log.Log(line-54)  - 签证指定产品详情页，儿童数按钮定位失败
  2016-10-16-19:17:35 [main] ERROR com.Utility.Log.Log(line-54)  - 签证指定产品详情页，立即预定按钮定位失败
  2016-10-16-19:17:35 [main] ERROR com.Utility.Log.Log(line-54)  - 签证指定产品详情页，出发时间按钮定位失败
  2016-10-16-19:17:35 [main] ERROR com.Utility.Log.Log(line-54)  - 签证指定产品详情页，归来时间按钮定位失败
  2016-10-16-19:17:38 [main] ERROR com.Utility.Log.Log(line-54)  - 签证指定产品详情页，成人数按钮定位失败
  2016-10-16-19:17:39 [main] ERROR com.Utility.Log.Log(line-54)  - 签证指定产品详情页，儿童数按钮定位失败
  2016-10-16-19:19:21 [main] ERROR com.Utility.Log.Log(line-54)  - 签证指定产品详情页，立即预定按钮定位失败
  2016-10-16-19:19:21 [main] ERROR com.Utility.Log.Log(line-54)  - 签证指定产品详情页，出发时间按钮定位失败
  2016-10-16-19:19:21 [main] ERROR com.Utility.Log.Log(line-54)  - 签证指定产品详情页，归来时间按钮定位失败
  2016-10-16-19:19:24 [main] ERROR com.Utility.Log.Log(line-54)  - 签证指定产品详情页，成人数按钮定位失败
  2016-10-16-19:19:25 [main] ERROR com.Utility.Log.Log(line-54)  - 签证指定产品详情页，儿童数按钮定位失败
  2016-10-16-19:20:13 [main] ERROR com.Utility.Log.Log(line-54)  - 签证指定产品详情页，立即预定按钮定位失败
  2016-10-16-19:20:13 [main] ERROR com.Utility.Log.Log(line-54)  - 签证指定产品详情页，出发时间按钮定位失败
  2016-10-16-19:20:13 [main] ERROR com.Utility.Log.Log(line-54)  - 签证指定产品详情页，归来时间按钮定位失败
  2016-10-16-19:20:17 [main] ERROR com.Utility.Log.Log(line-54)  - 签证指定产品详情页，成人数按钮定位失败
  2016-10-16-19:20:18 [main] ERROR com.Utility.Log.Log(line-54)  - 签证指定产品详情页，儿童数按钮定位失败
  2016-10-16-19:21:10 [main] ERROR com.Utility.Log.Log(line-54)  - 签证指定产品详情页，出发时间按钮定位失败
  2016-10-16-19:21:10 [main] ERROR com.Utility.Log.Log(line-54)  - 签证指定产品详情页，归来时间按钮定位失败
  2016-10-16-19:21:14 [main] ERROR com.Utility.Log.Log(line-54)  - 签证指定产品详情页，儿童数按钮定位失败
  2016-10-16-19:30:20 [main] ERROR com.Utility.Log.Log(line-54)  - 签证指定产品详情页，出发时间按钮定位失败
  2016-10-16-19:30:22 [main] ERROR com.Utility.Log.Log(line-54)  - 签证指定产品详情页，归来时间按钮定位失败
  2016-10-16-19:30:24 [main] ERROR com.Utility.Log.Log(line-54)  - 签证指定产品详情页，成人数按钮定位失败
  2016-10-16-19:30:26 [main] ERROR com.Utility.Log.Log(line-54)  - 签证指定产品详情页，儿童数按钮定位失败
  2016-10-16-19:31:52 [main] ERROR com.Utility.Log.Log(line-54)  - 签证指定产品详情页，出发时间按钮定位失败
  2016-10-16-19:32:12 [main] ERROR com.Utility.Log.Log(line-54)  - 签证指定产品详情页，归来时间按钮定位失败
  2016-10-16-19:32:52 [main] ERROR com.Utility.Log.Log(line-54)  - 签证指定产品详情页，成人数按钮定位失败
  2016-10-16-19:33:32 [main] ERROR com.Utility.Log.Log(line-54)  - 签证指定产品详情页，儿童数按钮定位失败
  2016-10-16-19:42:19 [main] ERROR com.Utility.Log.Log(line-54)  - 签证指定产品详情页，出发时间按钮定位失败
  2016-10-16-19:42:39 [main] ERROR com.Utility.Log.Log(line-54)  - 签证指定产品详情页，归来时间按钮定位失败
  2016-10-16-19:43:19 [main] ERROR com.Utility.Log.Log(line-54)  - 签证指定产品详情页，成人数按钮定位失败
  2016-10-16-19:43:59 [main] ERROR com.Utility.Log.Log(line-54)  - 签证指定产品详情页，儿童数按钮定位失败
  2016-10-16-19:47:40 [main] ERROR com.Utility.Log.Log(line-54)  - 签证指定产品详情页，出发时间按钮定位失败
  2016-10-16-19:47:40 [main] ERROR com.Utility.Log.Log(line-54)  - 签证指定产品详情页，归来时间按钮定位失败
  2016-10-16-20:01:30 [main] ERROR com.Utility.Log.Log(line-54)  - 签证指定产品详情页，出发时间按钮定位失败
  2016-10-16-20:01:50 [main] ERROR com.Utility.Log.Log(line-54)  - 签证指定产品详情页，归来时间按钮定位失败
  2016-10-16-20:07:39 [main] ERROR com.Utility.Log.Log(line-54)  - 签证指定产品详情页，出发时间按钮定位失败
  2016-10-16-20:07:45 [main] ERROR com.Utility.Log.Log(line-54)  - 签证指定产品详情页，归来时间按钮定位失败
  2016-10-16-20:22:14 [main] ERROR com.Utility.Log.Log(line-54)  - 签证指定产品详情页，出发时间按钮定位失败
  2016-10-16-20:22:19 [main] ERROR com.Utility.Log.Log(line-54)  - 签证指定产品详情页，归来时间按钮定位失败
  2016-10-16-20:29:16 [main] ERROR com.Utility.Log.Log(line-54)  - 签证指定产品详情页，出发时间按钮定位失败
  2016-10-16-20:29:21 [main] ERROR com.Utility.Log.Log(line-54)  - 签证指定产品详情页，归来时间按钮定位失败
  2016-10-16-20:33:15 [main] ERROR com.Utility.Log.Log(line-54)  - 签证指定产品详情页，归来时间按钮定位失败
  2016-10-16-20:37:17 [main] ERROR com.Utility.Log.Log(line-54)  - 签证指定产品详情页，出发时间按钮定位失败
  2016-10-16-20:37:17 [main] ERROR com.Utility.Log.Log(line-54)  - 签证指定产品详情页，归来时间按钮定位失败
  2016-10-16-20:38:26 [main] ERROR com.Utility.Log.Log(line-54)  - 签证指定产品详情页，归来时间按钮定位失败
  2016-10-16-20:40:29 [main] ERROR com.Utility.Log.Log(line-54)  - 签证指定产品详情页，出发时间按钮定位失败
  2016-10-16-20:40:29 [main] ERROR com.Utility.Log.Log(line-54)  - 签证指定产品详情页，归来时间按钮定位失败
  2016-10-16-20:42:57 [main] ERROR com.Utility.Log.Log(line-54)  - 签证指定产品详情页，出发时间按钮定位失败
  2016-10-16-20:42:57 [main] ERROR com.Utility.Log.Log(line-54)  - 签证指定产品详情页，归来时间按钮定位失败
  