2016-12-10-16:03:05 [main] INFO  com.Utility.log.Log(line-48)  - 
  2016-12-10-16:03:05 [main] INFO  com.Utility.log.Log(line-48)  - 
  2016-12-10-16:03:05 [main] INFO  com.Utility.log.Log(line-48)  - 
  2016-12-10-16:07:23 [main] INFO  com.Utility.log.Log(line-48)  - 
  2016-12-10-16:07:23 [main] INFO  com.Utility.log.Log(line-48)  - 
  2016-12-10-16:07:23 [main] INFO  com.Utility.log.Log(line-48)  - 
  2016-12-10-16:12:06 [main] INFO  com.Utility.log.Log(line-48)  - 
  2016-12-10-16:12:11 [main] INFO  com.Utility.log.Log(line-48)  - 
  2016-12-10-16:12:11 [main] INFO  com.Utility.log.Log(line-48)  - 
  2016-12-10-16:23:18 [main] INFO  com.Utility.log.Log(line-48)  - 
  2016-12-10-16:23:18 [main] INFO  com.Utility.log.Log(line-48)  - 
  2016-12-10-16:23:18 [main] INFO  com.Utility.log.Log(line-48)  - 
  2016-12-10-16:25:16 [main] INFO  com.Utility.log.Log(line-48)  - 
  2016-12-10-16:25:16 [main] INFO  com.Utility.log.Log(line-48)  - 
  2016-12-10-16:25:16 [main] INFO  com.Utility.log.Log(line-48)  - 
  2016-12-10-16:37:02 [main] INFO  com.Utility.log.Log(line-48)  - 
  2016-12-10-16:37:02 [main] INFO  com.Utility.log.Log(line-48)  - 
  2016-12-10-16:37:02 [main] INFO  com.Utility.log.Log(line-48)  - 
  2016-12-10-16:46:12 [main] INFO  com.Utility.log.Log(line-48)  - 
  2016-12-10-16:46:12 [main] INFO  com.Utility.log.Log(line-48)  - 
  2016-12-10-16:46:12 [main] INFO  com.Utility.log.Log(line-48)  - 
  2016-12-10-17:15:58 [main] INFO  com.Utility.log.Log(line-48)  - 
  2016-12-10-17:15:58 [main] INFO  com.Utility.log.Log(line-48)  - 
  2016-12-10-17:15:58 [main] INFO  com.Utility.log.Log(line-48)  - 
  2016-12-10-17:24:59 [main] INFO  com.Utility.log.Log(line-48)  - 
  2016-12-10-17:24:59 [main] INFO  com.Utility.log.Log(line-48)  - 
  2016-12-10-17:24:59 [main] INFO  com.Utility.log.Log(line-48)  - 
  2016-12-10-17:33:20 [main] INFO  com.Utility.log.Log(line-48)  - 输入用户名:yidongrong
  2016-12-10-17:33:20 [main] INFO  com.Utility.log.Log(line-48)  - 输入密码:111111
  2016-12-10-17:33:20 [main] INFO  com.Utility.log.Log(line-48)  - 点击登录按钮
  2016-12-10-17:33:22 [main] INFO  com.Utility.log.Log(line-48)  -  点击签证一级导航按钮，进入签证产品列表页面
  2016-12-10-18:22:40 [main] INFO  com.Utility.log.Log(line-48)  - 
  2016-12-10-18:22:40 [main] INFO  com.Utility.log.Log(line-48)  - 
  2016-12-10-18:22:40 [main] INFO  com.Utility.log.Log(line-48)  - 
  2016-12-10-18:28:26 [main] INFO  com.Utility.log.Log(line-48)  - 
  2016-12-10-18:28:26 [main] INFO  com.Utility.log.Log(line-48)  - 
  2016-12-10-18:28:26 [main] INFO  com.Utility.log.Log(line-48)  - 
  2016-12-10-18:37:07 [main] INFO  com.Utility.log.Log(line-48)  - 
  2016-12-10-18:37:07 [main] INFO  com.Utility.log.Log(line-48)  - 
  2016-12-10-18:37:07 [main] INFO  com.Utility.log.Log(line-48)  - 
  2016-12-10-19:13:53 [main] INFO  com.Utility.log.Log(line-48)  - 
  2016-12-10-19:19:53 [main] INFO  com.Utility.log.Log(line-48)  - 
  2016-12-10-19:21:21 [main] INFO  com.Utility.log.Log(line-48)  - 
  2016-12-10-19:21:21 [main] INFO  com.Utility.log.Log(line-48)  - 
  2016-12-10-19:21:21 [main] INFO  com.Utility.log.Log(line-48)  - 
  2016-12-10-19:44:26 [main] INFO  com.Utility.log.Log(line-48)  - 
  2016-12-10-19:44:26 [main] INFO  com.Utility.log.Log(line-48)  - 
  2016-12-10-19:44:26 [main] INFO  com.Utility.log.Log(line-48)  - 
  2016-12-10-19:57:16 [main] INFO  com.Utility.log.Log(line-48)  - 
  2016-12-10-19:57:16 [main] INFO  com.Utility.log.Log(line-48)  - 
  2016-12-10-19:57:16 [main] INFO  com.Utility.log.Log(line-48)  - 
  2016-12-10-20:08:35 [main] INFO  com.Utility.log.Log(line-48)  - 输入用户名:yidongrong
  2016-12-10-20:08:35 [main] INFO  com.Utility.log.Log(line-48)  - 输入密码:111111
  2016-12-10-20:08:35 [main] INFO  com.Utility.log.Log(line-48)  - 点击登录按钮
  2016-12-10-20:11:20 [main] INFO  com.Utility.log.Log(line-48)  - 输入用户名:yidongrong
  2016-12-10-20:36:10 [main] INFO  com.Utility.log.Log(line-48)  - 
  2016-12-10-20:36:10 [main] INFO  com.Utility.log.Log(line-48)  - 
  2016-12-10-20:36:10 [main] INFO  com.Utility.log.Log(line-48)  - 
  2016-12-10-20:42:14 [main] INFO  com.Utility.log.Log(line-48)  - 
  2016-12-10-20:42:14 [main] INFO  com.Utility.log.Log(line-48)  - 
  2016-12-10-20:42:14 [main] INFO  com.Utility.log.Log(line-48)  - 
  2016-12-10-20:44:48 [main] INFO  com.Utility.log.Log(line-48)  - 
  2016-12-10-20:44:48 [main] INFO  com.Utility.log.Log(line-48)  - 
  2016-12-10-20:44:48 [main] INFO  com.Utility.log.Log(line-48)  - 
  2016-12-10-21:09:50 [main] INFO  com.Utility.log.Log(line-48)  - 输入用户名:yidongrong
  2016-12-10-21:09:50 [main] INFO  com.Utility.log.Log(line-48)  - 输入密码:111111
  2016-12-10-21:09:50 [main] INFO  com.Utility.log.Log(line-48)  - 点击登录按钮
  2016-12-10-21:09:52 [main] INFO  com.Utility.log.Log(line-48)  -  点击签证一级导航按钮，进入签证产品列表页面
  